TTLocalizer: Running in language: English
OTPLocalizer: Running in language: English
Preloading suits...
Preloading Toon heads...
Preloading avatars...
{401000001: <toontown.distributed.ToontownDistrict.ToontownDistrict instance at 0x16518C38>}
__handleAvatarChooserDone: 100000077, 'Loopy Luigi', ('pll', 'ss', 's', 'm', (0.37, 0.16, 0.78, 1.0), (1.0, 1.0, 1.0, 1.0), (0.37, 0.16, 0.78, 1.0), (0.37, 0.16, 0.78, 1.0), 1, 12, 1, 12, 4, 14), 0
entered wait for zone redirect
entered wait for set zone response - 2
Reading DNA file... phase_3.5/dna/storage_tutorial.pdna
Reading DNA file... phase_3.5/dna/storage_interior.pdna
Reading DNA file... phase_3.5/dna/tutorial_street.pdna
Reading DNA file... phase_3.5/dna/tutorial_street.pdna
entered wait for zone redirect
entered wait for set zone response - 2
entered wait for zone redirect
entered wait for set zone response - 2
entered wait for zone redirect
entered wait for set zone response - 2
entered wait for zone redirect
entered wait for set zone response - 2
Reading DNA file... phase_4/dna/storage.pdna
Reading DNA file... phase_3.5/dna/storage_interior.pdna
Reading DNA file... phase_4/dna/storage_TT.pdna
Reading DNA file... phase_4/dna/winter_storage_TT.pdna
Reading DNA file... phase_4/dna/winter_storage_TT_sz.pdna
Reading DNA file... phase_4/dna/storage_TT_sz.pdna
Reading DNA file... phase_4/dna/toontown_central_sz.pdna
__handleAvatarChooserDone: 100000029, 'Tom Bumberpop', ('css', 'ms', 'm', 'm', (1.0, 1.0, 1.0, 1.0), (0.93, 0.26, 0.28, 1.0), (1.0, 1.0, 1.0, 1.0), (1.0, 1.0, 1.0, 1.0), 89, 27, 76, 27, 45, 27), 1
