TTLocalizer: Running in language: English
OTPLocalizer: Running in language: English
Preloading suits...
Preloading Toon heads...
Preloading avatars...
{4400001: <toontown.distributed.ToontownDistrict.ToontownDistrict instance at 0x161D79B8>, 401000001: <toontown.distributed.ToontownDistrict.ToontownDistrict instance at 0x161D7C38>, 420001: <toontown.distributed.ToontownDistrict.ToontownDistrict instance at 0x161D7B98>, 4600001: <toontown.distributed.ToontownDistrict.ToontownDistrict instance at 0x161D7760>, 430001: <toontown.distributed.ToontownDistrict.ToontownDistrict instance at 0x161D7AA8>, 4500001: <toontown.distributed.ToontownDistrict.ToontownDistrict instance at 0x161D7828>}
__handleAvatarChooserDone: 100000029, 'Tom Bumberpop', ('css', 'ls', 'l', 'm', (1.0, 1.0, 1.0, 1.0), (0.93, 0.26, 0.28, 1.0), (1.0, 1.0, 1.0, 1.0), (1.0, 1.0, 1.0, 1.0), 89, 27, 76, 27, 45, 27), 1
entered wait for zone redirect
entered wait for set zone response - 2
Reading DNA file... phase_4/dna/storage.pdna
Reading DNA file... phase_3.5/dna/storage_interior.pdna
entered wait for zone redirect
entered wait for set zone response - 2
Reading DNA file... phase_4/dna/storage.pdna
Reading DNA file... phase_3.5/dna/storage_interior.pdna
Reading DNA file... phase_6/dna/storage_OZ.pdna
Reading DNA file... phase_6/dna/storage_OZ_sz.pdna
Reading DNA file... phase_6/dna/outdoor_zone_sz.pdna
TIMER startTime 810
SET TABLE STATE
 GETTING 2 None 0
SET TABLE STATE
 GETTING 2 None 0
SET TABLE STATE
 GETTING 2 None 0
SET TABLE STATE
 GETTING 2 None 0
SET TABLE STATE
 GETTING 2 None 0
SET TABLE STATE
 GETTING 2 None 0
SET TABLE STATE
 GETTING 2 None 0
SET TABLE STATE
 GETTING 2 None 0
SET TABLE STATE
 GETTING 2 None 0
SET TABLE STATE
 GETTING 2 None 0
SET TABLE STATE
 GETTING 2 None 0
SET TABLE STATE
 GETTING 2 None 0
entered wait for zone redirect
entered wait for set zone response - 2
Reading DNA file... phase_4/dna/storage.pdna
Reading DNA file... phase_3.5/dna/storage_interior.pdna
Reading DNA file... phase_6/dna/storage_GZ.pdna
Reading DNA file... phase_6/dna/storage_GZ_sz.pdna
Reading DNA file... phase_6/dna/golf_zone_sz.pdna
entered wait for zone redirect
entered wait for set zone response - 2
Warning: NodePath.remove() is deprecated.  Use remove_node() instead.
Warning: NodePath.remove() is deprecated.  Use remove_node() instead.
Warning: NodePath.remove() is deprecated.  Use remove_node() instead.
Warning: NodePath.remove() is deprecated.  Use remove_node() instead.
Warning: NodePath.remove() is deprecated.  Use remove_node() instead.
Warning: NodePath.remove() is deprecated.  Use remove_node() instead.
entered wait for zone redirect
entered wait for set zone response - 2
entered wait for zone redirect
entered wait for set zone response - 2
Warning: NodePath.remove() is deprecated.  Use remove_node() instead.
Warning: NodePath.remove() is deprecated.  Use remove_node() instead.
Warning: NodePath.remove() is deprecated.  Use remove_node() instead.
Warning: NodePath.remove() is deprecated.  Use remove_node() instead.
Warning: NodePath.remove() is deprecated.  Use remove_node() instead.
Warning: NodePath.remove() is deprecated.  Use remove_node() instead.
Warning: NodePath.remove() is deprecated.  Use remove_node() instead.
Warning: NodePath.remove() is deprecated.  Use remove_node() instead.
Warning: NodePath.remove() is deprecated.  Use remove_node() instead.
Warning: NodePath.remove() is deprecated.  Use remove_node() instead.
recording limit passed comObj
recording limit passed comObj
recording limit passed comObj
recording limit passed comObj
Warning: NodePath.remove() is deprecated.  Use remove_node() instead.
Warning: NodePath.remove() is deprecated.  Use remove_node() instead.
entered wait for zone redirect
entered wait for set zone response - 2
entered wait for zone redirect
entered wait for set zone response - 2
Reading DNA file... phase_4/dna/storage.pdna
Reading DNA file... phase_3.5/dna/storage_interior.pdna
Reading DNA file... phase_8/dna/storage_DL.pdna
Reading DNA file... phase_8/dna/winter_storage_DL.pdna
Reading DNA file... phase_8/dna/storage_DL_sz.pdna
Reading DNA file... phase_8/dna/donalds_dreamland_sz.pdna
entered wait for zone redirect
entered wait for set zone response - 2
Reading DNA file... phase_5/dna/storage_town.pdna
Reading DNA file... phase_8/dna/storage_DL_town.pdna
Reading DNA file... phase_8/dna/donalds_dreamland_9100.pdna
entered wait for zone redirect
entered wait for set zone response - 2
entered wait for zone redirect
entered wait for set zone response - 2
Reading DNA file... phase_5/dna/storage_town.pdna
Reading DNA file... phase_8/dna/storage_DL_town.pdna
Reading DNA file... phase_8/dna/donalds_dreamland_9100.pdna
entered wait for zone redirect
entered wait for set zone response - 2
entered wait for zone redirect
entered wait for set zone response - 2
entered wait for zone redirect
entered wait for set zone response - 2
Reading DNA file... phase_4/dna/storage.pdna
Reading DNA file... phase_3.5/dna/storage_interior.pdna
Reading DNA file... phase_4/dna/storage_TT.pdna
Reading DNA file... phase_4/dna/winter_storage_TT.pdna
Reading DNA file... phase_4/dna/winter_storage_TT_sz.pdna
Reading DNA file... phase_4/dna/storage_TT_sz.pdna
Reading DNA file... phase_4/dna/toontown_central_sz.pdna
{4400001: <toontown.distributed.ToontownDistrict.ToontownDistrict instance at 0x161D79B8>, 401000001: <toontown.distributed.ToontownDistrict.ToontownDistrict instance at 0x161D7C38>, 420001: <toontown.distributed.ToontownDistrict.ToontownDistrict instance at 0x161D7B98>, 4600001: <toontown.distributed.ToontownDistrict.ToontownDistrict instance at 0x161D7760>, 430001: <toontown.distributed.ToontownDistrict.ToontownDistrict instance at 0x161D7AA8>, 4500001: <toontown.distributed.ToontownDistrict.ToontownDistrict instance at 0x161D7828>}
__handleAvatarChooserDone: 100000029, 'Tom Bumberpop', ('dss', 'ls', 'l', 'm', (1.0, 1.0, 1.0, 1.0), (0.93, 0.26, 0.28, 1.0), (1.0, 1.0, 1.0, 1.0), (1.0, 1.0, 1.0, 1.0), 89, 27, 76, 27, 45, 27), 1
entered wait for zone redirect
entered wait for set zone response - 2
Reading DNA file... phase_4/dna/storage.pdna
Reading DNA file... phase_3.5/dna/storage_interior.pdna
Reading DNA file... phase_4/dna/storage_TT.pdna
Reading DNA file... phase_4/dna/winter_storage_TT.pdna
Reading DNA file... phase_4/dna/winter_storage_TT_sz.pdna
Reading DNA file... phase_4/dna/storage_TT_sz.pdna
Reading DNA file... phase_4/dna/toontown_central_sz.pdna
entered wait for zone redirect
entered wait for set zone response - 2
Reading DNA file... phase_4/dna/storage.pdna
Reading DNA file... phase_3.5/dna/storage_interior.pdna
entered wait for zone redirect
entered wait for set zone response - 2
Reading DNA file... phase_4/dna/storage.pdna
Reading DNA file... phase_3.5/dna/storage_interior.pdna
Reading DNA file... phase_4/dna/storage_TT.pdna
Reading DNA file... phase_4/dna/storage_TT_sz.pdna
Reading DNA file... phase_4/dna/toontown_central_sz.pdna
entered wait for zone redirect
entered wait for set zone response - 2
-----------Starting tailor interaction-----------
avid: 100000029, gender: m
current top = 89,27,76,27 and  bot = 45,27,
topsList = []
bottomsList = []
-------------------------------------------------
-----------ending tailor interaction-----------
avid: 100000029, gender: m
current top = 89,27,76,27 and  bot = 45,27,
topsList = []
bottomsList = []
-------------------------------------------------
entered wait for zone redirect
entered wait for set zone response - 2
entered wait for zone redirect
entered wait for set zone response - 2
