TTLocalizer: Running in language: English
OTPLocalizer: Running in language: English
Preloading suits...
Preloading Toon heads...
Preloading avatars...
{401000001: <toontown.distributed.ToontownDistrict.ToontownDistrict instance at 0x279C99B8>}
__handleAvatarChooserDone: 100000046, 'Knuckles', ('rsl', 'ls', 'l', 'm', (0.93, 0.26, 0.28, 1.0), (1.0, 1.0, 1.0, 1.0), (0.93, 0.26, 0.28, 1.0), (0.93, 0.26, 0.28, 1.0), 67, 27, 56, 27, 16, 27), 3
entered wait for zone redirect
entered wait for set zone response - 2
Reading DNA file... phase_4/dna/storage.pdna
Reading DNA file... phase_3.5/dna/storage_interior.pdna
entered wait for zone redirect
entered wait for set zone response - 2
spec = {'parentEntId': 10060, 'pos': LPoint3f(0, 0, 0)}
h = None
spec = {'parentEntId': 10022, 'pos': LPoint3f(0, 0, 0)}
h = None
spec = {'parentEntId': 10000, 'pos': LPoint3f(0, 0, 0)}
h = None
spec = {'parentEntId': 10000, 'pos': LPoint3f(0, 0, 0)}
h = None
### newVec3 =  LVector3f(2, 6.30005, 1.5)
### newVec3 =  LVector3f(2, 6.30005, 0)
### newVec3 =  LVector3f(2, 6.30005, 0.375)
### newVec3 =  LVector3f(2, 6.30005, 0)
entered wait for zone redirect
entered wait for set zone response - 2
entered wait for zone redirect
entered wait for set zone response - 2
Reading DNA file... phase_4/dna/storage.pdna
Reading DNA file... phase_3.5/dna/storage_interior.pdna
Reading DNA file... phase_5.5/dna/storage_estate.pdna
Reading DNA file... phase_5.5/dna/winter_storage_estate.pdna
Reading DNA file... phase_5.5/dna/estate_1.pdna
entered wait for zone redirect
entered wait for set zone response - 2
entered wait for zone redirect
entered wait for set zone response - 2
Reading DNA file... phase_4/dna/storage.pdna
Reading DNA file... phase_3.5/dna/storage_interior.pdna
Reading DNA file... phase_8/dna/storage_DL.pdna
Reading DNA file... phase_8/dna/winter_storage_DL.pdna
Reading DNA file... phase_8/dna/storage_DL_sz.pdna
Reading DNA file... phase_8/dna/donalds_dreamland_sz.pdna
entered wait for zone redirect
entered wait for set zone response - 2
entered wait for zone redirect
entered wait for set zone response - 2
Reading DNA file... phase_4/dna/storage.pdna
Reading DNA file... phase_3.5/dna/storage_interior.pdna
Reading DNA file... phase_6/dna/storage_OZ.pdna
Reading DNA file... phase_6/dna/storage_OZ_sz.pdna
Reading DNA file... phase_6/dna/outdoor_zone_sz.pdna
TIMER startTime 2014
SET TABLE STATE
 GETTING 2 None 0
SET TABLE STATE
 GETTING 2 None 0
SET TABLE STATE
 GETTING 2 None 0
entered wait for zone redirect
entered wait for set zone response - 2
Reading DNA file... phase_4/dna/storage.pdna
Reading DNA file... phase_3.5/dna/storage_interior.pdna
Reading DNA file... phase_6/dna/storage_GZ.pdna
Reading DNA file... phase_6/dna/storage_GZ_sz.pdna
Reading DNA file... phase_6/dna/golf_zone_sz.pdna
entered wait for zone redirect
entered wait for set zone response - 2
Reading DNA file... phase_4/dna/storage.pdna
Reading DNA file... phase_3.5/dna/storage_interior.pdna
Reading DNA file... phase_5.5/dna/storage_estate.pdna
Reading DNA file... phase_5.5/dna/winter_storage_estate.pdna
Reading DNA file... phase_5.5/dna/estate_1.pdna
Item discardItem
adjusting item index -1
exiting due to lack of items
