TTLocalizer: Running in language: English
OTPLocalizer: Running in language: English
Preloading suits...
Preloading Toon heads...
Preloading avatars...
{401000001: <toontown.distributed.ToontownDistrict.ToontownDistrict instance at 0x18343C38>}
__handleAvatarChooserDone: 100000034, 'Tom Bumberpop (Mod)', ('css', 'ms', 'm', 'm', (1.0, 1.0, 1.0, 1.0), (0.93, 0.26, 0.28, 1.0), (1.0, 1.0, 1.0, 1.0), (1.0, 1.0, 1.0, 1.0), 66, 27, 55, 27, 17, 27), 0
entered wait for zone redirect
entered wait for set zone response - 2
Reading DNA file... phase_4/dna/storage.pdna
Reading DNA file... phase_3.5/dna/storage_interior.pdna
Reading DNA file... phase_6/dna/storage_MM.pdna
Reading DNA file... phase_6/dna/storage_MM_sz.pdna
Reading DNA file... phase_6/dna/minnies_melody_land_sz.pdna
entered wait for zone redirect
entered wait for set zone response - 2
Reading DNA file... phase_4/dna/storage.pdna
Reading DNA file... phase_3.5/dna/storage_interior.pdna
Reading DNA file... phase_8/dna/storage_DG.pdna
Reading DNA file... phase_8/dna/winter_storage_DG.pdna
Reading DNA file... phase_8/dna/storage_DG_sz.pdna
Reading DNA file... phase_8/dna/daisys_garden_sz.pdna
entered wait for zone redirect
entered wait for set zone response - 2
Reading DNA file... phase_4/dna/storage.pdna
Reading DNA file... phase_3.5/dna/storage_interior.pdna
Reading DNA file... phase_5.5/dna/storage_estate.pdna
Reading DNA file... phase_5.5/dna/winter_storage_estate.pdna
Reading DNA file... phase_5.5/dna/estate_1.pdna
entered wait for zone redirect
entered wait for set zone response - 2
Reading DNA file... phase_4/dna/storage.pdna
Reading DNA file... phase_3.5/dna/storage_interior.pdna
entered wait for zone redirect
entered wait for set zone response - 2
entered wait for zone redirect
entered wait for set zone response - 2
chooseFireOpenShot <function avatarBehindShot at 0x13E783F0>
chooseFireOpenShot <function suitGroupThreeQuarterLeftBehindShot at 0x13E78170>
Warning: NodePath.remove() is deprecated.  Use remove_node() instead.
chooseFireOpenShot <function avatarCloseUpThrowShot at 0x13E78270>
chooseFireOpenShot <function suitGroupThreeQuarterLeftBehindShot at 0x13E78170>
Warning: NodePath.remove() is deprecated.  Use remove_node() instead.
chooseFireOpenShot <function avatarCloseUpThrowShot at 0x13E78270>
chooseFireOpenShot <function allGroupLowShot at 0x13E73FB0>
Warning: NodePath.remove() is deprecated.  Use remove_node() instead.
chooseFireOpenShot <function avatarCloseUpThrowShot at 0x13E78270>
chooseFireOpenShot <function avatarCloseUpFireShot at 0x13E787F0>
Warning: NodePath.remove() is deprecated.  Use remove_node() instead.
chooseFireOpenShot <function avatarCloseUpThreeQuarterRightShot at 0x13E782B0>
chooseFireOpenShot <function suitGroupThreeQuarterLeftBehindShot at 0x13E78170>
Warning: NodePath.remove() is deprecated.  Use remove_node() instead.
chooseFireOpenShot <function suitGroupThreeQuarterLeftBehindShot at 0x13E78170>
chooseFireOpenShot <function avatarCloseUpThreeQuarterLeftFireShot at 0x13E78830>
Warning: NodePath.remove() is deprecated.  Use remove_node() instead.
chooseFireOpenShot <function suitGroupThreeQuarterLeftBehindShot at 0x13E78170>
chooseFireOpenShot <function allGroupLowShot at 0x13E73FB0>
Warning: NodePath.remove() is deprecated.  Use remove_node() instead.
chooseFireOpenShot <function avatarCloseUpThrowShot at 0x13E78270>
chooseFireOpenShot <function avatarCloseUpThreeQuarterLeftFireShot at 0x13E78830>
Warning: NodePath.remove() is deprecated.  Use remove_node() instead.
chooseFireOpenShot <function allGroupLowShot at 0x13E73FB0>
chooseFireOpenShot <function avatarCloseUpFireShot at 0x13E787F0>
Warning: NodePath.remove() is deprecated.  Use remove_node() instead.
chooseFireOpenShot <function avatarBehindShot at 0x13E783F0>
chooseFireOpenShot <function suitGroupThreeQuarterLeftBehindShot at 0x13E78170>
Warning: NodePath.remove() is deprecated.  Use remove_node() instead.
chooseFireOpenShot <function avatarBehindShot at 0x13E783F0>
chooseFireOpenShot <function avatarCloseUpThreeQuarterLeftFireShot at 0x13E78830>
Warning: NodePath.remove() is deprecated.  Use remove_node() instead.
chooseFireOpenShot <function avatarCloseUpThreeQuarterRightShot at 0x13E782B0>
chooseFireOpenShot <function allGroupLowShot at 0x13E73FB0>
Warning: NodePath.remove() is deprecated.  Use remove_node() instead.
chooseFireOpenShot <function avatarCloseUpThreeQuarterRightShot at 0x13E782B0>
chooseFireOpenShot <function allGroupLowShot at 0x13E73FB0>
Warning: NodePath.remove() is deprecated.  Use remove_node() instead.
chooseFireOpenShot <function avatarCloseUpThrowShot at 0x13E78270>
chooseFireOpenShot <function allGroupLowShot at 0x13E73FB0>
Warning: NodePath.remove() is deprecated.  Use remove_node() instead.
chooseFireOpenShot <function suitGroupThreeQuarterLeftBehindShot at 0x13E78170>
chooseFireOpenShot <function avatarCloseUpThreeQuarterLeftFireShot at 0x13E78830>
chooseFireOpenShot <function avatarBehindShot at 0x13E783F0>
chooseFireOpenShot <function avatarCloseUpFireShot at 0x13E787F0>
Warning: NodePath.remove() is deprecated.  Use remove_node() instead.
Warning: NodePath.remove() is deprecated.  Use remove_node() instead.
chooseFireOpenShot <function avatarCloseUpThreeQuarterRightShot at 0x13E782B0>
chooseFireOpenShot <function avatarCloseUpFireShot at 0x13E787F0>
chooseFireOpenShot <function avatarBehindShot at 0x13E783F0>
chooseFireOpenShot <function avatarCloseUpFireShot at 0x13E787F0>
Warning: NodePath.remove() is deprecated.  Use remove_node() instead.
Warning: NodePath.remove() is deprecated.  Use remove_node() instead.
entered wait for zone redirect
entered wait for set zone response - 2
Reading DNA file... phase_4/dna/storage.pdna
Reading DNA file... phase_3.5/dna/storage_interior.pdna
Reading DNA file... phase_8/dna/storage_DG.pdna
Reading DNA file... phase_8/dna/winter_storage_DG.pdna
Reading DNA file... phase_8/dna/storage_DG_sz.pdna
Reading DNA file... phase_8/dna/daisys_garden_sz.pdna
entered wait for zone redirect
entered wait for set zone response - 2
Reading DNA file... phase_4/dna/storage.pdna
Reading DNA file... phase_3.5/dna/storage_interior.pdna
Reading DNA file... phase_4/dna/storage_TT.pdna
Reading DNA file... phase_4/dna/winter_storage_TT.pdna
Reading DNA file... phase_4/dna/winter_storage_TT_sz.pdna
Reading DNA file... phase_4/dna/storage_TT_sz.pdna
Reading DNA file... phase_4/dna/toontown_central_sz.pdna
entered wait for zone redirect
entered wait for set zone response - 2
Reading DNA file... phase_4/dna/storage.pdna
Reading DNA file... phase_3.5/dna/storage_interior.pdna
entered wait for zone redirect
entered wait for set zone response - 2
Reading DNA file... phase_4/dna/storage.pdna
Reading DNA file... phase_3.5/dna/storage_interior.pdna
entered wait for zone redirect
entered wait for set zone response - 2
Traceback (most recent call last):
  File "C:\Panda3D-1.10.0\direct\distributed\ConnectionRepository.py", line 613, in readerPollUntilEmpty
    while self.readerPollOnce():
  File "C:\Panda3D-1.10.0\direct\distributed\ConnectionRepository.py", line 620, in readerPollOnce
    self.handleDatagram(self.private__di)
  File "otp\distributed\OTPClientRepository.py", line 1224, in handleDatagram
    self.handler(msgType, di)
  File "otp\distributed\OTPClientRepository.py", line 1026, in handlePlayGame
    self.handleMessageType(msgType, di)
  File "otp\distributed\OTPClientRepository.py", line 1164, in handleMessageType
    self.gotInterestDoneMessage(di)
  File "otp\distributed\OTPClientRepository.py", line 1190, in gotInterestDoneMessage
    self.handleInterestDoneMessage(di)
  File "C:\Panda3D-1.10.0\direct\distributed\DoInterestManager.py", line 618, in handleInterestDoneMessage
    messenger.send(event)
  File "C:\Panda3D-1.10.0\direct\showbase\Messenger.py", line 326, in send
    self.__dispatch(acceptorDict, event, sentArgs, foundWatch)
  File "C:\Panda3D-1.10.0\direct\showbase\Messenger.py", line 411, in __dispatch
    method (*(extraArgs + sentArgs))
  File "toontown\distributed\ToontownClientRepository.py", line 835, in _handleEmuSetZoneDone
    messenger.send(event)
  File "C:\Panda3D-1.10.0\direct\showbase\Messenger.py", line 326, in send
    self.__dispatch(acceptorDict, event, sentArgs, foundWatch)
  File "C:\Panda3D-1.10.0\direct\showbase\Messenger.py", line 411, in __dispatch
    method (*(extraArgs + sentArgs))
  File "toontown\hood\QuietZoneState.py", line 285, in _handleSetZoneComplete
    self.fsm.request('waitForLocalAvatarOnShard')
  File "C:\Panda3D-1.10.0\direct\fsm\ClassicFSM.py", line 284, in request
    exitArgList)
  File "C:\Panda3D-1.10.0\direct\fsm\ClassicFSM.py", line 231, in __transition
    self.__enter(aState, enterArgList)
  File "C:\Panda3D-1.10.0\direct\fsm\ClassicFSM.py", line 217, in __enter
    aState.enter(argList)
  File "C:\Panda3D-1.10.0\direct\fsm\State.py", line 202, in enter
    apply(self.__enterFunc, argList)
  File "toontown\hood\QuietZoneState.py", line 303, in enterWaitForLocalAvatarOnShard
    self._announceDone()
  File "toontown\hood\QuietZoneState.py", line 323, in _announceDone
    messenger.send(doneEvent)
  File "C:\Panda3D-1.10.0\direct\showbase\Messenger.py", line 326, in send
    self.__dispatch(acceptorDict, event, sentArgs, foundWatch)
  File "C:\Panda3D-1.10.0\direct\showbase\Messenger.py", line 411, in __dispatch
    method (*(extraArgs + sentArgs))
  File "toontown\coghq\CogHQLoader.py", line 104, in handleQuietZoneDone
    self.fsm.request(status['where'], [status])
  File "C:\Panda3D-1.10.0\direct\fsm\ClassicFSM.py", line 284, in request
    exitArgList)
  File "C:\Panda3D-1.10.0\direct\fsm\ClassicFSM.py", line 231, in __transition
    self.__enter(aState, enterArgList)
  File "C:\Panda3D-1.10.0\direct\fsm\ClassicFSM.py", line 217, in __enter
    aState.enter(argList)
  File "C:\Panda3D-1.10.0\direct\fsm\State.py", line 202, in enter
    apply(self.__enterFunc, argList)
  File "toontown\coghq\CogHQLoader.py", line 142, in enterCogHQExterior
    self.enterPlace(requestStatus)
  File "toontown\coghq\CogHQLoader.py", line 111, in enterPlace
    self.place.enter(requestStatus)
  File "toontown\coghq\LawbotHQExterior.py", line 37, in enter
    base.cr.sendSetZoneMsg(self.zoneId, self.zoneVisDict.values()[0])
IndexError: list index out of range
Traceback (most recent call last):
  File "otp\otpbase\OTPBase.py", line 34, in run
    taskMgr.run()
  File "C:\Panda3D-1.10.0\direct\task\Task.py", line 508, in run
    self.step()
  File "C:\Panda3D-1.10.0\direct\task\Task.py", line 465, in step
    self.mgr.poll()
  File "C:\Panda3D-1.10.0\direct\distributed\ConnectionRepository.py", line 613, in readerPollUntilEmpty
    while self.readerPollOnce():
  File "C:\Panda3D-1.10.0\direct\distributed\ConnectionRepository.py", line 620, in readerPollOnce
    self.handleDatagram(self.private__di)
  File "otp\distributed\OTPClientRepository.py", line 1224, in handleDatagram
    self.handler(msgType, di)
  File "otp\distributed\OTPClientRepository.py", line 1026, in handlePlayGame
    self.handleMessageType(msgType, di)
  File "otp\distributed\OTPClientRepository.py", line 1164, in handleMessageType
    self.gotInterestDoneMessage(di)
  File "otp\distributed\OTPClientRepository.py", line 1190, in gotInterestDoneMessage
    self.handleInterestDoneMessage(di)
  File "C:\Panda3D-1.10.0\direct\distributed\DoInterestManager.py", line 618, in handleInterestDoneMessage
    messenger.send(event)
  File "C:\Panda3D-1.10.0\direct\showbase\Messenger.py", line 326, in send
    self.__dispatch(acceptorDict, event, sentArgs, foundWatch)
  File "C:\Panda3D-1.10.0\direct\showbase\Messenger.py", line 411, in __dispatch
    method (*(extraArgs + sentArgs))
  File "toontown\distributed\ToontownClientRepository.py", line 835, in _handleEmuSetZoneDone
    messenger.send(event)
  File "C:\Panda3D-1.10.0\direct\showbase\Messenger.py", line 326, in send
    self.__dispatch(acceptorDict, event, sentArgs, foundWatch)
  File "C:\Panda3D-1.10.0\direct\showbase\Messenger.py", line 411, in __dispatch
    method (*(extraArgs + sentArgs))
  File "toontown\hood\QuietZoneState.py", line 285, in _handleSetZoneComplete
    self.fsm.request('waitForLocalAvatarOnShard')
  File "C:\Panda3D-1.10.0\direct\fsm\ClassicFSM.py", line 284, in request
    exitArgList)
  File "C:\Panda3D-1.10.0\direct\fsm\ClassicFSM.py", line 231, in __transition
    self.__enter(aState, enterArgList)
  File "C:\Panda3D-1.10.0\direct\fsm\ClassicFSM.py", line 217, in __enter
    aState.enter(argList)
  File "C:\Panda3D-1.10.0\direct\fsm\State.py", line 202, in enter
    apply(self.__enterFunc, argList)
  File "toontown\hood\QuietZoneState.py", line 303, in enterWaitForLocalAvatarOnShard
    self._announceDone()
  File "toontown\hood\QuietZoneState.py", line 323, in _announceDone
    messenger.send(doneEvent)
  File "C:\Panda3D-1.10.0\direct\showbase\Messenger.py", line 326, in send
    self.__dispatch(acceptorDict, event, sentArgs, foundWatch)
  File "C:\Panda3D-1.10.0\direct\showbase\Messenger.py", line 411, in __dispatch
    method (*(extraArgs + sentArgs))
  File "toontown\coghq\CogHQLoader.py", line 104, in handleQuietZoneDone
    self.fsm.request(status['where'], [status])
  File "C:\Panda3D-1.10.0\direct\fsm\ClassicFSM.py", line 284, in request
    exitArgList)
  File "C:\Panda3D-1.10.0\direct\fsm\ClassicFSM.py", line 231, in __transition
    self.__enter(aState, enterArgList)
  File "C:\Panda3D-1.10.0\direct\fsm\ClassicFSM.py", line 217, in __enter
    aState.enter(argList)
  File "C:\Panda3D-1.10.0\direct\fsm\State.py", line 202, in enter
    apply(self.__enterFunc, argList)
  File "toontown\coghq\CogHQLoader.py", line 142, in enterCogHQExterior
    self.enterPlace(requestStatus)
  File "toontown\coghq\CogHQLoader.py", line 111, in enterPlace
    self.place.enter(requestStatus)
  File "toontown\coghq\LawbotHQExterior.py", line 37, in enter
    base.cr.sendSetZoneMsg(self.zoneId, self.zoneVisDict.values()[0])
IndexError: list index out of range
