TTLocalizer: Running in language: English
OTPLocalizer: Running in language: English
Preloading suits...
Preloading Toon heads...
Preloading avatars...
{401000001: <toontown.distributed.ToontownDistrict.ToontownDistrict instance at 0x16B5AAA8>}
__handleAvatarChooserDone: 100000034, 'Tom Bumberpop', ('css', 'ms', 'm', 'm', (1.0, 1.0, 1.0, 1.0), (0.93, 0.26, 0.28, 1.0), (1.0, 1.0, 1.0, 1.0), (1.0, 1.0, 1.0, 1.0), 148, 27, 135, 27, 19, 27), 0
entered wait for zone redirect
entered wait for set zone response - 2
Reading DNA file... phase_4/dna/storage.pdna
Reading DNA file... phase_3.5/dna/storage_interior.pdna
entered wait for zone redirect
entered wait for set zone response - 2
Reading DNA file... phase_4/dna/storage.pdna
Reading DNA file... phase_3.5/dna/storage_interior.pdna
Reading DNA file... phase_4/dna/storage_TT.pdna
Reading DNA file... phase_4/dna/winter_storage_TT.pdna
Reading DNA file... phase_4/dna/winter_storage_TT_sz.pdna
Reading DNA file... phase_4/dna/storage_TT_sz.pdna
Reading DNA file... phase_4/dna/toontown_central_sz.pdna
entered wait for zone redirect
entered wait for set zone response - 2
Reading DNA file... phase_4/dna/storage.pdna
Reading DNA file... phase_3.5/dna/storage_interior.pdna
Reading DNA file... phase_6/dna/storage_GS.pdna
Reading DNA file... phase_6/dna/storage_GS_sz.pdna
Reading DNA file... phase_6/dna/goofy_speedway_sz.pdna
entered wait for zone redirect
entered wait for set zone response - 2
entered wait for zone redirect
entered wait for set zone response - 2
entered wait for zone redirect
entered wait for set zone response - 2
entered wait for zone redirect
entered wait for set zone response - 2
entered wait for zone redirect
entered wait for set zone response - 2
Warning: NodePath.remove() is deprecated.  Use remove_node() instead.
Warning: NodePath.remove() is deprecated.  Use remove_node() instead.
Warning: NodePath.remove() is deprecated.  Use remove_node() instead.
Warning: NodePath.remove() is deprecated.  Use remove_node() instead.
Warning: NodePath.remove() is deprecated.  Use remove_node() instead.
AssertionError: !is_empty() at line 526 of panda/src/pgraph/nodePath.cxx
Traceback (most recent call last):
  File "otp\otpbase\OTPBase.py", line 34, in run
    taskMgr.run()
  File "C:\Panda3D-1.10.0\direct\task\Task.py", line 508, in run
    self.step()
  File "C:\Panda3D-1.10.0\direct\task\Task.py", line 465, in step
    self.mgr.poll()
AssertionError: !is_empty() at line 526 of panda/src/pgraph/nodePath.cxx
