TTLocalizer: Running in language: English
OTPLocalizer: Running in language: English
Preloading suits...
Preloading Toon heads...
Preloading avatars...
{401000001: <toontown.distributed.ToontownDistrict.ToontownDistrict instance at 0x15FC8C38>, 430001: <toontown.distributed.ToontownDistrict.ToontownDistrict instance at 0x15FC8B98>, 42000001: <toontown.distributed.ToontownDistrict.ToontownDistrict instance at 0x15FC8AF8>}
__handleAvatarChooserDone: 100000029, 'Tom', ('css', 'ms', 'm', 'm', (0.74, 0.75, 0.76, 1.0), (1.0, 1.0, 1.0, 1.0), (0.74, 0.75, 0.76, 1.0), (0.74, 0.75, 0.76, 1.0), 19, 4, 13, 4, 6, 12), 1
{401000001: <toontown.distributed.ToontownDistrict.ToontownDistrict instance at 0x15FC8C38>, 430001: <toontown.distributed.ToontownDistrict.ToontownDistrict instance at 0x15FC8B98>, 42000001: <toontown.distributed.ToontownDistrict.ToontownDistrict instance at 0x15FC8AF8>}
__handleAvatarChooserDone: 100000029, 'Tom', ('css', 'ms', 'm', 'm', (0.74, 0.75, 0.76, 1.0), (1.0, 1.0, 1.0, 1.0), (0.74, 0.75, 0.76, 1.0), (0.74, 0.75, 0.76, 1.0), 19, 4, 13, 4, 6, 12), 1
entered wait for zone redirect
entered wait for set zone response - 2
Reading DNA file... phase_4/dna/storage.pdna
Reading DNA file... phase_3.5/dna/storage_interior.pdna
Reading DNA file... phase_4/dna/storage_TT.pdna
Reading DNA file... phase_4/dna/winter_storage_TT.pdna
Reading DNA file... phase_4/dna/winter_storage_TT_sz.pdna
Reading DNA file... phase_4/dna/storage_TT_sz.pdna
Reading DNA file... phase_4/dna/toontown_central_sz.pdna
entered wait for zone redirect
entered wait for set zone response - 2
Reading DNA file... phase_4/dna/storage.pdna
Reading DNA file... phase_3.5/dna/storage_interior.pdna
Reading DNA file... phase_4/dna/storage_TT.pdna
Reading DNA file... phase_4/dna/storage_TT_sz.pdna
Reading DNA file... phase_4/dna/toontown_central_sz.pdna
entered wait for zone redirect
entered wait for set zone response - 2
Reading DNA file... phase_4/dna/storage.pdna
Reading DNA file... phase_3.5/dna/storage_interior.pdna
Reading DNA file... phase_6/dna/storage_OZ.pdna
Reading DNA file... phase_6/dna/storage_OZ_sz.pdna
Reading DNA file... phase_6/dna/outdoor_zone_sz.pdna
TIMER startTime 1521
SET TABLE STATE
 GETTING 2 None 0
SET TABLE STATE
 GETTING 2 None 0
SET TABLE STATE
 GETTING 2 None 0
SET TABLE STATE
 GETTING 2 None 0
SET TABLE STATE
 GETTING 2 None 0
SET TABLE STATE
 GETTING 2 None 0
entered wait for zone redirect
entered wait for set zone response - 2
Reading DNA file... phase_4/dna/storage.pdna
Reading DNA file... phase_3.5/dna/storage_interior.pdna
Reading DNA file... phase_6/dna/storage_GZ.pdna
Reading DNA file... phase_6/dna/storage_GZ_sz.pdna
Reading DNA file... phase_6/dna/golf_zone_sz.pdna
entered wait for zone redirect
entered wait for set zone response - 2
Warning: NodePath.remove() is deprecated.  Use remove_node() instead.
Warning: NodePath.remove() is deprecated.  Use remove_node() instead.
Warning: NodePath.remove() is deprecated.  Use remove_node() instead.
Warning: NodePath.remove() is deprecated.  Use remove_node() instead.
Warning: NodePath.remove() is deprecated.  Use remove_node() instead.
Warning: NodePath.remove() is deprecated.  Use remove_node() instead.
entered wait for zone redirect
entered wait for set zone response - 2
