TTLocalizer: Running in language: English
OTPLocalizer: Running in language: English
Preloading suits...
Preloading Toon heads...
Preloading avatars...
{401000001: <toontown.distributed.ToontownDistrict.ToontownDistrict instance at 0x273FDAF8>}
entered wait for zone redirect
entered wait for set zone response - 2
Reading DNA file... phase_4/dna/storage.pdna
Reading DNA file... phase_3.5/dna/storage_interior.pdna
Reading DNA file... phase_4/dna/storage_TT.pdna
Reading DNA file... phase_4/dna/storage_TT_sz.pdna
Reading DNA file... phase_4/dna/toontown_central_sz.pdna
entered wait for zone redirect
entered wait for set zone response - 2
entered wait for zone redirect
entered wait for set zone response - 2
Reading DNA file... phase_4/dna/storage.pdna
Reading DNA file... phase_3.5/dna/storage_interior.pdna
Reading DNA file... phase_5.5/dna/storage_estate.pdna
Reading DNA file... phase_5.5/dna/winter_storage_estate.pdna
Reading DNA file... phase_5.5/dna/estate_1.pdna
entered wait for zone redirect
entered wait for set zone response - 2
entered wait for zone redirect
entered wait for set zone response - 2
adjusting item index -1
adjusting item index -1
exiting due to lack of items
entered wait for zone redirect
entered wait for set zone response - 2
avid: 100000049, gender: m
current top = 33,27,23,27 and  bot = 19,27,
topsList = [18, 9, 12, 9, 34, 27, 23, 27, 32, 27, 22, 27, 31, 27, 22, 27]
bottomsList = [0, 20, 22, 27, 20, 27]
avid: 100000049, gender: m
current top = 33,27,23,27 and  bot = 19,27,
topsList = [18, 9, 12, 9, 34, 27, 23, 27, 32, 27, 22, 27, 31, 27, 22, 27]
bottomsList = [0, 20, 22, 27, 20, 27]
avid: 100000049, gender: m
current top = 33,27,23,27 and  bot = 19,27,
topsList = [18, 9, 12, 9, 34, 27, 23, 27, 32, 27, 22, 27, 31, 27, 22, 27]
bottomsList = [0, 20, 22, 27, 20, 27]
avid: 100000049, gender: m
current top = 34,27,23,27 and  bot = 20,27,
topsList = [18, 9, 12, 9, 33, 27, 23, 27, 32, 27, 22, 27, 31, 27, 22, 27]
bottomsList = [0, 20, 22, 27, 19, 27]
avid: 100000049, gender: m
current top = 34,27,23,27 and  bot = 20,27,
topsList = [18, 9, 12, 9, 33, 27, 23, 27, 32, 27, 22, 27, 31, 27, 22, 27]
bottomsList = [0, 20, 22, 27, 19, 27]
avid: 100000049, gender: m
current top = 32,27,22,27 and  bot = 22,27,
topsList = [18, 9, 12, 9, 33, 27, 23, 27, 34, 27, 23, 27, 31, 27, 22, 27]
bottomsList = [0, 20, 20, 27, 19, 27]
avid: 100000049, gender: m
current top = 32,27,22,27 and  bot = 22,27,
topsList = [18, 9, 12, 9, 33, 27, 23, 27, 34, 27, 23, 27, 31, 27, 22, 27]
bottomsList = [0, 20, 20, 27, 19, 27]
avid: 100000049, gender: m
current top = 31,27,22,27 and  bot = 22,27,
topsList = [18, 9, 12, 9, 33, 27, 23, 27, 34, 27, 23, 27, 32, 27, 22, 27]
bottomsList = [0, 20, 20, 27, 19, 27]
avid: 100000049, gender: m
current top = 31,27,22,27 and  bot = 22,27,
topsList = [18, 9, 12, 9, 33, 27, 23, 27, 34, 27, 23, 27, 32, 27, 22, 27]
bottomsList = [0, 20, 20, 27, 19, 27]
avid: 100000049, gender: m
current top = 33,27,23,27 and  bot = 20,27,
topsList = [18, 9, 12, 9, 31, 27, 22, 27, 34, 27, 23, 27, 32, 27, 22, 27]
bottomsList = [0, 20, 22, 27, 19, 27]
