TTLocalizer: Running in language: English
OTPLocalizer: Running in language: English
Preloading suits...
Preloading Toon heads...
Preloading avatars...
{401000001: <toontown.distributed.ToontownDistrict.ToontownDistrict instance at 0x237E1AD0>}
__handleAvatarChooserDone: 100000049, 'Tom Bumberpop (Mod)', ('css', 'ms', 'm', 'm', (1.0, 1.0, 1.0, 1.0), (0.93, 0.26, 0.28, 1.0), (1.0, 1.0, 1.0, 1.0), (1.0, 1.0, 1.0, 1.0), 34, 27, 23, 27, 20, 27), 4
entered wait for zone redirect
entered wait for set zone response - 2
Reading DNA file... phase_4/dna/storage.pdna
Reading DNA file... phase_3.5/dna/storage_interior.pdna
entered wait for zone redirect
entered wait for set zone response - 2
Reading DNA file... phase_4/dna/storage.pdna
Reading DNA file... phase_3.5/dna/storage_interior.pdna
Reading DNA file... phase_5.5/dna/storage_estate.pdna
Reading DNA file... phase_5.5/dna/winter_storage_estate.pdna
Reading DNA file... phase_5.5/dna/estate_1.pdna
Item discardItem
adjusting item index -1
exiting due to lack of items
entered wait for zone redirect
entered wait for set zone response - 2
avid: 100000049, gender: m
current top = 34,27,23,27 and  bot = 20,27,
topsList = [18, 9, 12, 9, 31, 27, 22, 27, 104, 27, 91, 27, 32, 27, 22, 27, 33, 27, 23, 27]
bottomsList = [0, 20, 22, 27, 19, 27]
avid: 100000049, gender: m
current top = 33,27,23,27 and  bot = 19,27,
topsList = [18, 9, 12, 9, 31, 27, 22, 27, 104, 27, 91, 27, 32, 27, 22, 27, 34, 27, 23, 27]
bottomsList = [0, 20, 22, 27, 20, 27]
entered wait for zone redirect
entered wait for set zone response - 2
Reading DNA file... phase_4/dna/storage.pdna
Reading DNA file... phase_3.5/dna/storage_interior.pdna
__handleAvatarChooserDone: 100000032, 'Batty', ('csl', 'ls', 's', 'm', (0.17, 0.8, 0.35, 1.0), (1.0, 1.0, 1.0, 1.0), (0.17, 0.8, 0.35, 1.0), (0.17, 0.8, 0.35, 1.0), 104, 27, 91, 27, 18, 27), 1
entered wait for zone redirect
entered wait for set zone response - 2
Reading DNA file... phase_4/dna/storage.pdna
Reading DNA file... phase_3.5/dna/storage_interior.pdna
Reading DNA file... phase_4/dna/storage_TT.pdna
Reading DNA file... phase_4/dna/winter_storage_TT.pdna
Reading DNA file... phase_4/dna/winter_storage_TT_sz.pdna
Reading DNA file... phase_4/dna/storage_TT_sz.pdna
Reading DNA file... phase_4/dna/toontown_central_sz.pdna
entered wait for zone redirect
entered wait for set zone response - 2
entered wait for zone redirect
entered wait for set zone response - 2
entered wait for zone redirect
entered wait for set zone response - 2
entered wait for zone redirect
entered wait for set zone response - 2
entered wait for zone redirect
entered wait for set zone response - 2
Reading DNA file... phase_5/dna/storage_town.pdna
Reading DNA file... phase_5/dna/storage_TT_town.pdna
Reading DNA file... phase_5/dna/toontown_central_2300.pdna
entered wait for zone redirect
entered wait for set zone response - 2
chooseFireOpenShot <function avatarBehindShot at 0x1F38C9B0>
chooseFireOpenShot <function avatarCloseUpFireShot at 0x1F38CDB0>
Warning: NodePath.remove() is deprecated.  Use remove_node() instead.
Traceback (most recent call last):
  File "C:\Panda3D-1.10.0\direct\showbase\EventManager.py", line 52, in eventLoopTask
    self.doEvents()
  File "C:\Panda3D-1.10.0\direct\showbase\EventManager.py", line 46, in doEvents
    processFunc(self.eventQueue.dequeueEvent())
  File "C:\Panda3D-1.10.0\direct\showbase\EventManager.py", line 103, in processEvent
    messenger.send(eventName, paramList)
  File "C:\Panda3D-1.10.0\direct\showbase\Messenger.py", line 326, in send
    self.__dispatch(acceptorDict, event, sentArgs, foundWatch)
  File "C:\Panda3D-1.10.0\direct\showbase\Messenger.py", line 411, in __dispatch
    method (*(extraArgs + sentArgs))
  File "otp\speedchat\SCTerminal.py", line 90, in onMouseClick
    self.handleSelect()
  File "otp\speedchat\SCEmoteTerminal.py", line 97, in handleSelect
    messenger.send(self.getEventName(SCEmoteMsgEvent), [self.emoteId])
  File "C:\Panda3D-1.10.0\direct\showbase\Messenger.py", line 326, in send
    self.__dispatch(acceptorDict, event, sentArgs, foundWatch)
  File "C:\Panda3D-1.10.0\direct\showbase\Messenger.py", line 411, in __dispatch
    method (*(extraArgs + sentArgs))
  File "toontown\chat\TTChatInputSpeedChat.py", line 474, in handleEmoteMsg
    self.chatMgr.sendSCEmoteChatMessage(emoteId)
  File "otp\chat\ChatManager.py", line 111, in sendSCEmoteChatMessage
    base.talkAssistant.sendOpenSpeedChat(2, emoteId)
  File "otp\chat\TalkAssistant.py", line 40, in sendOpenSpeedChat
    base.localAvatar.b_setSCEmote(messageIndex)
  File "otp\avatar\DistributedPlayer.py", line 233, in b_setSCEmote
    self.b_setEmoteState(emoteId, animMultiplier=self.animMultiplier)
  File "toontown\toon\DistributedToon.py", line 743, in b_setEmoteState
    self.setEmoteState(animIndex, animMultiplier)
  File "toontown\toon\DistributedToon.py", line 760, in setEmoteState
    self.doEmote(animIndex, animMultiplier, ts, callback, extraArgs)
  File "toontown\toon\Toon.py", line 2094, in doEmote
    self.emoteTrack, duration = Emote.globalEmote.doEmote(self, emoteIndex, ts)
  File "toontown\toon\TTEmote.py", line 497, in doEmote
    track, duration, exitTrack = func(toon)
TypeError: 'NoneType' object is not iterable
Traceback (most recent call last):
  File "otp\otpbase\OTPBase.py", line 34, in run
    taskMgr.run()
  File "C:\Panda3D-1.10.0\direct\task\Task.py", line 508, in run
    self.step()
  File "C:\Panda3D-1.10.0\direct\task\Task.py", line 465, in step
    self.mgr.poll()
  File "C:\Panda3D-1.10.0\direct\showbase\EventManager.py", line 52, in eventLoopTask
    self.doEvents()
  File "C:\Panda3D-1.10.0\direct\showbase\EventManager.py", line 46, in doEvents
    processFunc(self.eventQueue.dequeueEvent())
  File "C:\Panda3D-1.10.0\direct\showbase\EventManager.py", line 103, in processEvent
    messenger.send(eventName, paramList)
  File "C:\Panda3D-1.10.0\direct\showbase\Messenger.py", line 326, in send
    self.__dispatch(acceptorDict, event, sentArgs, foundWatch)
  File "C:\Panda3D-1.10.0\direct\showbase\Messenger.py", line 411, in __dispatch
    method (*(extraArgs + sentArgs))
  File "otp\speedchat\SCTerminal.py", line 90, in onMouseClick
    self.handleSelect()
  File "otp\speedchat\SCEmoteTerminal.py", line 97, in handleSelect
    messenger.send(self.getEventName(SCEmoteMsgEvent), [self.emoteId])
  File "C:\Panda3D-1.10.0\direct\showbase\Messenger.py", line 326, in send
    self.__dispatch(acceptorDict, event, sentArgs, foundWatch)
  File "C:\Panda3D-1.10.0\direct\showbase\Messenger.py", line 411, in __dispatch
    method (*(extraArgs + sentArgs))
  File "toontown\chat\TTChatInputSpeedChat.py", line 474, in handleEmoteMsg
    self.chatMgr.sendSCEmoteChatMessage(emoteId)
  File "otp\chat\ChatManager.py", line 111, in sendSCEmoteChatMessage
    base.talkAssistant.sendOpenSpeedChat(2, emoteId)
  File "otp\chat\TalkAssistant.py", line 40, in sendOpenSpeedChat
    base.localAvatar.b_setSCEmote(messageIndex)
  File "otp\avatar\DistributedPlayer.py", line 233, in b_setSCEmote
    self.b_setEmoteState(emoteId, animMultiplier=self.animMultiplier)
  File "toontown\toon\DistributedToon.py", line 743, in b_setEmoteState
    self.setEmoteState(animIndex, animMultiplier)
  File "toontown\toon\DistributedToon.py", line 760, in setEmoteState
    self.doEmote(animIndex, animMultiplier, ts, callback, extraArgs)
  File "toontown\toon\Toon.py", line 2094, in doEmote
    self.emoteTrack, duration = Emote.globalEmote.doEmote(self, emoteIndex, ts)
  File "toontown\toon\TTEmote.py", line 497, in doEmote
    track, duration, exitTrack = func(toon)
TypeError: 'NoneType' object is not iterable
