TTLocalizer: Running in language: English
OTPLocalizer: Running in language: English
Preloading suits...
Preloading Toon heads...
Preloading avatars...
{401000001: <toontown.distributed.ToontownDistrict.ToontownDistrict instance at 0x231C99B8>}
__handleAvatarChooserDone: 100000036, 'Tom Bumberpop (Mod)', ('css', 'ms', 'm', 'm', (1.0, 1.0, 1.0, 1.0), (0.93, 0.26, 0.28, 1.0), (1.0, 1.0, 1.0, 1.0), (1.0, 1.0, 1.0, 1.0), 66, 27, 55, 27, 17, 27), 1
entered wait for zone redirect
entered wait for set zone response - 2
Reading DNA file... phase_4/dna/storage.pdna
Reading DNA file... phase_3.5/dna/storage_interior.pdna
entered wait for zone redirect
entered wait for set zone response - 2
Reading DNA file... phase_4/dna/storage.pdna
Reading DNA file... phase_3.5/dna/storage_interior.pdna
Reading DNA file... phase_5.5/dna/storage_estate.pdna
Reading DNA file... phase_5.5/dna/winter_storage_estate.pdna
Reading DNA file... phase_5.5/dna/estate_1.pdna
Item discardItem
adjusting item index -1
exiting due to lack of items
entered wait for zone redirect
entered wait for set zone response - 2
avid: 100000036, gender: m
current top = 66,27,55,27 and  bot = 17,27,
topsList = [1, 1, 1, 1, 68, 27, 57, 27]
bottomsList = [2, 11, 18, 27]
avid: 100000036, gender: m
current top = 68,27,57,27 and  bot = 18,27,
topsList = [1, 1, 1, 1, 66, 27, 55, 27]
bottomsList = [2, 11, 17, 27]
entered wait for zone redirect
entered wait for set zone response - 2
Reading DNA file... phase_4/dna/storage.pdna
Reading DNA file... phase_3.5/dna/storage_interior.pdna
Reading DNA file... phase_8/dna/storage_DG.pdna
Reading DNA file... phase_8/dna/winter_storage_DG.pdna
Reading DNA file... phase_8/dna/storage_DG_sz.pdna
Reading DNA file... phase_8/dna/daisys_garden_sz.pdna
entered wait for zone redirect
entered wait for set zone response - 2
seed 3866
entered wait for zone redirect
entered wait for set zone response - 2
Reading DNA file... phase_8/dna/storage_DG_sz.pdna
Reading DNA file... phase_8/dna/daisys_garden_sz.pdna
entered wait for zone redirect
entered wait for set zone response - 2
entered wait for zone redirect
entered wait for set zone response - 2
Reading DNA file... phase_4/dna/storage.pdna
Reading DNA file... phase_3.5/dna/storage_interior.pdna
Reading DNA file... phase_5.5/dna/storage_estate.pdna
Reading DNA file... phase_5.5/dna/winter_storage_estate.pdna
Reading DNA file... phase_5.5/dna/estate_1.pdna
entered wait for zone redirect
entered wait for set zone response - 2
Reading DNA file... phase_4/dna/storage.pdna
Reading DNA file... phase_3.5/dna/storage_interior.pdna
Reading DNA file... phase_6/dna/storage_OZ.pdna
Reading DNA file... phase_6/dna/storage_OZ_sz.pdna
Reading DNA file... phase_6/dna/outdoor_zone_sz.pdna
TIMER startTime 718
SET TABLE STATE
 GETTING 2 None 0
SET TABLE STATE
 GETTING 2 None 0
SET TABLE STATE
 GETTING 2 None 0
SET TABLE STATE
 GETTING 2 None 0
SET TABLE STATE
 GETTING 2 None 0
SET TABLE STATE
 GETTING 2 None 0
entered wait for zone redirect
entered wait for set zone response - 2
Reading DNA file... phase_4/dna/storage.pdna
Reading DNA file... phase_3.5/dna/storage_interior.pdna
Reading DNA file... phase_6/dna/storage_GZ.pdna
Reading DNA file... phase_6/dna/storage_GZ_sz.pdna
Reading DNA file... phase_6/dna/golf_zone_sz.pdna
entered wait for zone redirect
entered wait for set zone response - 2
Warning: NodePath.remove() is deprecated.  Use remove_node() instead.
Warning: NodePath.remove() is deprecated.  Use remove_node() instead.
Warning: NodePath.remove() is deprecated.  Use remove_node() instead.
Warning: NodePath.remove() is deprecated.  Use remove_node() instead.
Warning: NodePath.remove() is deprecated.  Use remove_node() instead.
Warning: NodePath.remove() is deprecated.  Use remove_node() instead.
entered wait for zone redirect
entered wait for set zone response - 2
entered wait for zone redirect
entered wait for set zone response - 2
Reading DNA file... phase_4/dna/storage.pdna
Reading DNA file... phase_3.5/dna/storage_interior.pdna
entered wait for zone redirect
entered wait for set zone response - 2
spec = {'parentEntId': 110000, 'pos': LPoint3f(0, 0, 0)}
h = None
Pattern [0, 6, 5, 0, 2, 6, 2, 5, 1, 1] Place 0 Type 0
Pattern [0, 6, 5, 0, 2, 6, 2, 5, 1, 1] Place 1 Type 6
Pattern [0, 6, 5, 0, 2, 6, 2, 5, 1, 1] Place 2 Type 5
Pattern [0, 6, 5, 0, 2, 6, 2, 5, 1, 1] Place 3 Type 0
Pattern [0, 6, 5, 0, 2, 6, 2, 5, 1, 1] Place 4 Type 2
Pattern [0, 6, 5, 0, 2, 6, 2, 5, 1, 1] Place 5 Type 6
Pattern [0, 6, 5, 0, 2, 6, 2, 5, 1, 1] Place 6 Type 2
Pattern [0, 6, 5, 0, 2, 6, 2, 5, 1, 1] Place 7 Type 5
Pattern [0, 6, 5, 0, 2, 6, 2, 5, 1, 1] Place 8 Type 1
Pattern [0, 6, 5, 0, 2, 6, 2, 5, 1, 1] Place 9 Type 1
Pattern [0, 6, 5, 0, 2, 6, 2, 5, 1, 1] Place 0 Type 0
Pattern [0, 6, 5, 0, 2, 6, 2, 5, 1, 1] Place 1 Type 6
Pattern [0, 6, 5, 0, 2, 6, 2, 5, 1, 1] Place 2 Type 5
Pattern [0, 6, 5, 0, 2, 6, 2, 5, 1, 1] Place 3 Type 0
Pattern [0, 6, 5, 0, 2, 6, 2, 5, 1, 1] Place 4 Type 2
Pattern [0, 6, 5, 0, 2, 6, 2, 5, 1, 1] Place 5 Type 6
Pattern [0, 6, 5, 0, 2, 6, 2, 5, 1, 1] Place 6 Type 2
Pattern [0, 6, 5, 0, 2, 6, 2, 5, 1, 1] Place 7 Type 5
Pattern [1, 2, 5, 2, 6, 1, 0, 5, 6, 0] Place 0 Type 1
Pattern [1, 2, 5, 2, 6, 1, 0, 5, 6, 0] Place 1 Type 2
Pattern [1, 2, 5, 2, 6, 1, 0, 5, 6, 0] Place 2 Type 5
Pattern [1, 2, 5, 2, 6, 1, 0, 5, 6, 0] Place 3 Type 2
Pattern [1, 2, 5, 2, 6, 1, 0, 5, 6, 0] Place 4 Type 6
Pattern [1, 2, 5, 2, 6, 1, 0, 5, 6, 0] Place 5 Type 1
Pattern [1, 2, 5, 2, 6, 1, 0, 5, 6, 0] Place 6 Type 0
Pattern [1, 2, 5, 2, 6, 1, 0, 5, 6, 0] Place 7 Type 5
Pattern [1, 2, 5, 2, 6, 1, 0, 5, 6, 0] Place 8 Type 6
Pattern [1, 2, 5, 2, 6, 1, 0, 5, 6, 0] Place 9 Type 0
Pattern [1, 2, 5, 2, 6, 1, 0, 5, 6, 0] Place 0 Type 1
Pattern [1, 2, 5, 2, 6, 1, 0, 5, 6, 0] Place 1 Type 2
Pattern [1, 2, 5, 2, 6, 1, 0, 5, 6, 0] Place 2 Type 5
Pattern [1, 2, 5, 2, 6, 1, 0, 5, 6, 0] Place 3 Type 2
Pattern [1, 2, 5, 2, 6, 1, 0, 5, 6, 0] Place 4 Type 6
Pattern [1, 2, 5, 2, 6, 1, 0, 5, 6, 0] Place 5 Type 1
Pattern [1, 2, 5, 2, 6, 1, 0, 5, 6, 0] Place 6 Type 0
Pattern [1, 2, 5, 2, 6, 1, 0, 5, 6, 0] Place 7 Type 5
Pattern [1, 2, 5, 2, 6, 1, 0, 5, 6, 0] Place 8 Type 6
Pattern [1, 2, 5, 2, 6, 1, 0, 5, 6, 0] Place 9 Type 0
Pattern [1, 2, 5, 2, 6, 1, 0, 5, 6, 0] Place 0 Type 1
Pattern [1, 2, 5, 2, 6, 1, 0, 5, 6, 0] Place 1 Type 2
Pattern [1, 2, 5, 2, 6, 1, 0, 5, 6, 0] Place 2 Type 5
Pattern [1, 2, 5, 2, 6, 1, 0, 5, 6, 0] Place 3 Type 2
Pattern [1, 2, 5, 2, 6, 1, 0, 5, 6, 0] Place 4 Type 6
Pattern [1, 2, 5, 2, 6, 1, 0, 5, 6, 0] Place 5 Type 1
Pattern [1, 2, 5, 2, 6, 1, 0, 5, 6, 0] Place 6 Type 0
Pattern [1, 2, 5, 2, 6, 1, 0, 5, 6, 0] Place 7 Type 5
Pattern [1, 2, 5, 2, 6, 1, 0, 5, 6, 0] Place 8 Type 6
Pattern [1, 2, 5, 2, 6, 1, 0, 5, 6, 0] Place 9 Type 0
Pattern [1, 2, 5, 2, 6, 1, 0, 5, 6, 0] Place 0 Type 1
Pattern [1, 2, 5, 2, 6, 1, 0, 5, 6, 0] Place 0 Type 1
Pattern [1, 2, 5, 2, 6, 1, 0, 5, 6, 0] Place 0 Type 1
Pattern [1, 2, 5, 2, 6, 1, 0, 5, 6, 0] Place 1 Type 2
Pattern [1, 2, 5, 2, 6, 1, 0, 5, 6, 0] Place 2 Type 5
Pattern [1, 2, 5, 2, 6, 1, 0, 5, 6, 0] Place 3 Type 2
Pattern [1, 2, 5, 2, 6, 1, 0, 5, 6, 0] Place 4 Type 6
Pattern [1, 2, 5, 2, 6, 1, 0, 5, 6, 0] Place 5 Type 1
Pattern [1, 2, 5, 2, 6, 1, 0, 5, 6, 0] Place 6 Type 0
Pattern [1, 2, 5, 2, 6, 1, 0, 5, 6, 0] Place 7 Type 5
Pattern [1, 2, 5, 2, 6, 1, 0, 5, 6, 0] Place 8 Type 6
Pattern [1, 2, 5, 2, 6, 1, 0, 5, 6, 0] Place 9 Type 0
Pattern [1, 2, 5, 2, 6, 1, 0, 5, 6, 0] Place 0 Type 1
Pattern [1, 2, 5, 2, 6, 1, 0, 5, 6, 0] Place 1 Type 2
Pattern [1, 2, 5, 2, 6, 1, 0, 5, 6, 0] Place 2 Type 5
Pattern [1, 2, 5, 2, 6, 1, 0, 5, 6, 0] Place 3 Type 2
Pattern [1, 2, 5, 2, 6, 1, 0, 5, 6, 0] Place 4 Type 6
Pattern [1, 2, 5, 2, 6, 1, 0, 5, 6, 0] Place 5 Type 1
Pattern [1, 2, 5, 2, 6, 1, 0, 5, 6, 0] Place 6 Type 0
Pattern [7, 7] Place 0 Type 7
Pattern [7, 7] Place 1 Type 7
Pattern [7, 7] Place 0 Type 7
Pattern [7, 7] Place 1 Type 7
Pattern [7, 7] Place 0 Type 7
Pattern [7, 7] Place 1 Type 7
Pattern [7, 7] Place 0 Type 7
Pattern [7, 7] Place 1 Type 7
Pattern [7, 7] Place 0 Type 7
Pattern [7, 7] Place 1 Type 7
Pattern [7, 7] Place 0 Type 7
spec = {'parentEntId': 110400, 'pos': LPoint3f(0, 0, 0)}
h = None
### newVec3 =  LVector3f(1.99997, 6.30005, 1.5)
### newVec3 =  LVector3f(1.99997, 6.30005, 0)
### newVec3 =  LVector3f(1.99997, 6.30005, 0.375)
### newVec3 =  LVector3f(1.99997, 6.30005, 0)
spec = {'parentEntId': 110200, 'pos': LPoint3f(0, 0, 0)}
h = None
### newVec3 =  LVector3f(2, 6.29999, 1.5)
### newVec3 =  LVector3f(2, 6.29999, 0)
### newVec3 =  LVector3f(2, 6.29999, 0.375)
### newVec3 =  LVector3f(2, 6.29999, 0)
Pattern [0, 1, 2, 0, 6, 6, 2, 1] Place 0 Type 0
Pattern [0, 1, 2, 0, 6, 6, 2, 1] Place 1 Type 1
Pattern [0, 1, 2, 0, 6, 6, 2, 1] Place 2 Type 2
Pattern [0, 1, 2, 0, 6, 6, 2, 1] Place 3 Type 0
Pattern [0, 1, 2, 0, 6, 6, 2, 1] Place 4 Type 6
Pattern [0, 1, 2, 0, 6, 6, 2, 1] Place 5 Type 6
Pattern [0, 1, 2, 0, 6, 6, 2, 1] Place 6 Type 2
Pattern [0, 1, 2, 0, 6, 6, 2, 1] Place 7 Type 1
Pattern [0, 1, 2, 0, 6, 6, 2, 1] Place 0 Type 0
Pattern [0, 5, 1, 1, 2, 5, 6, 6, 2, 0] Place 0 Type 0
Pattern [0, 5, 1, 1, 2, 5, 6, 6, 2, 0] Place 1 Type 5
Pattern [0, 5, 1, 1, 2, 5, 6, 6, 2, 0] Place 2 Type 1
Pattern [0, 5, 1, 1, 2, 5, 6, 6, 2, 0] Place 3 Type 1
Pattern [0, 5, 1, 1, 2, 5, 6, 6, 2, 0] Place 4 Type 2
Pattern [0, 5, 1, 1, 2, 5, 6, 6, 2, 0] Place 5 Type 5
Pattern [0, 5, 1, 1, 2, 5, 6, 6, 2, 0] Place 6 Type 6
Pattern [0, 5, 1, 1, 2, 5, 6, 6, 2, 0] Place 7 Type 6
Pattern [0, 5, 1, 1, 2, 5, 6, 6, 2, 0] Place 8 Type 2
Pattern [0, 5, 1, 1, 2, 5, 6, 6, 2, 0] Place 9 Type 0
Pattern [0, 5, 1, 1, 2, 5, 6, 6, 2, 0] Place 0 Type 0
Pattern [6, 0, 0, 1, 6, 1] Place 0 Type 6
Pattern [6, 0, 0, 1, 6, 1] Place 1 Type 0
Pattern [6, 0, 0, 1, 6, 1] Place 2 Type 0
Pattern [6, 0, 0, 1, 6, 1] Place 3 Type 1
Pattern [6, 0, 0, 1, 6, 1] Place 4 Type 6
Pattern [6, 0, 0, 1, 6, 1] Place 5 Type 1
Pattern [6, 0, 0, 1, 6, 1] Place 0 Type 6
Pattern [6, 0, 0, 1, 6, 1] Place 1 Type 0
Pattern [6, 0, 0, 1, 6, 1] Place 2 Type 0
Pattern [6, 0, 0, 1, 6, 1] Place 3 Type 1
Pattern [6, 0, 0, 1, 6, 1] Place 4 Type 6
Pattern [6, 0, 0, 1, 6, 1] Place 5 Type 1
Pattern [6, 6, 0, 0, 2, 2, 1, 1] Place 0 Type 6
Pattern [6, 6, 0, 0, 2, 2, 1, 1] Place 1 Type 6
Pattern [6, 6, 0, 0, 2, 2, 1, 1] Place 2 Type 0
Pattern [6, 6, 0, 0, 2, 2, 1, 1] Place 3 Type 0
Pattern [6, 6, 0, 0, 2, 2, 1, 1] Place 4 Type 2
Pattern [6, 6, 0, 0, 2, 2, 1, 1] Place 5 Type 2
Pattern [6, 6, 0, 0, 2, 2, 1, 1] Place 6 Type 1
Pattern [6, 6, 0, 0, 2, 2, 1, 1] Place 7 Type 1
Pattern [6, 6, 0, 0, 2, 2, 1, 1] Place 0 Type 6
Pattern [6, 6, 0, 0, 2, 2, 1, 1] Place 1 Type 6
Pattern [6, 6, 0, 0, 2, 2, 1, 1] Place 2 Type 0
Pattern [6, 6, 0, 0, 2, 2, 1, 1] Place 3 Type 0
Pattern [6, 6, 0, 0, 2, 2, 1, 1] Place 4 Type 2
Pattern [6, 6, 0, 0, 2, 2, 1, 1] Place 5 Type 2
Pattern [6, 6, 0, 0, 2, 2, 1, 1] Place 6 Type 1
Pattern [6, 6, 0, 0, 2, 2, 1, 1] Place 7 Type 1
Pattern [6, 6, 0, 0, 2, 2, 1, 1] Place 0 Type 6
Pattern [6, 6, 0, 0, 2, 2, 1, 1] Place 1 Type 6
Pattern [6, 6, 0, 0, 2, 2, 1, 1] Place 2 Type 0
Pattern [6, 6, 0, 0, 2, 2, 1, 1] Place 3 Type 0
Pattern [6, 6, 0, 0, 2, 2, 1, 1] Place 4 Type 2
Pattern [6, 6, 0, 0, 2, 2, 1, 1] Place 5 Type 2
Pattern [6, 6, 0, 0, 2, 2, 1, 1] Place 6 Type 1
Pattern [6, 6, 0, 0, 2, 2, 1, 1] Place 7 Type 1
Pattern [6, 6, 0, 0, 2, 2, 1, 1] Place 0 Type 6
Pattern [6, 6, 0, 0, 2, 2, 1, 1] Place 1 Type 6
Pattern [6, 6, 0, 0, 2, 2, 1, 1] Place 2 Type 0
Pattern [6, 6, 0, 0, 2, 2, 1, 1] Place 3 Type 0
Pattern [6, 6, 0, 0, 2, 2, 1, 1] Place 4 Type 2
Pattern [6, 6, 0, 0, 2, 2, 1, 1] Place 5 Type 2
Pattern [6, 6, 0, 0, 2, 2, 1, 1] Place 6 Type 1
spec = {'parentEntId': 110400, 'pos': LPoint3f(0, 0, 0)}
h = None
### newVec3 =  LVector3f(2.00006, 5.30005, 1.5)
### newVec3 =  LVector3f(2.00006, 5.30005, 0)
### newVec3 =  LVector3f(2.00006, 5.30005, 0.375)
### newVec3 =  LVector3f(2.00006, 5.30005, 0)
spec = {'parentEntId': 110000, 'pos': LPoint3f(0, 0, 0)}
h = None
Pattern [7, 7] Place 0 Type 7
Pattern [7, 7] Place 1 Type 7
Pattern [7, 7] Place 0 Type 7
Pattern [7, 7] Place 1 Type 7
Pattern [7, 7] Place 0 Type 7
Pattern [7, 7] Place 1 Type 7
Pattern [7, 7] Place 0 Type 7
Pattern [7, 7] Place 1 Type 7
Pattern [7, 7] Place 0 Type 7
Pattern [7, 7] Place 1 Type 7
Pattern [7, 7] Place 0 Type 7
Pattern [7, 7] Place 1 Type 7
Pattern [1, 2, 0, 1, 2, 5, 5, 0] Place 0 Type 1
Pattern [1, 2, 0, 1, 2, 5, 5, 0] Place 1 Type 2
Pattern [1, 2, 0, 1, 2, 5, 5, 0] Place 2 Type 0
Pattern [1, 2, 0, 1, 2, 5, 5, 0] Place 3 Type 1
Pattern [1, 2, 0, 1, 2, 5, 5, 0] Place 4 Type 2
Pattern [1, 2, 0, 1, 2, 5, 5, 0] Place 5 Type 5
Pattern [1, 2, 0, 1, 2, 5, 5, 0] Place 6 Type 5
Pattern [1, 2, 0, 1, 2, 5, 5, 0] Place 7 Type 0
Pattern [1, 2, 0, 1, 2, 5, 5, 0] Place 0 Type 1
Pattern [1, 2, 0, 1, 2, 5, 5, 0] Place 1 Type 2
Pattern [1, 2, 0, 1, 2, 5, 5, 0] Place 2 Type 0
Pattern [1, 2, 0, 1, 2, 5, 5, 0] Place 3 Type 1
Pattern [1, 2, 0, 1, 2, 5, 5, 0] Place 4 Type 2
Pattern [1, 2, 0, 1, 2, 5, 5, 0] Place 5 Type 5
Pattern [1, 2, 0, 1, 2, 5, 5, 0] Place 6 Type 5
Pattern [1, 2, 0, 1, 2, 5, 5, 0] Place 7 Type 0
Pattern [1, 2, 0, 1, 2, 5, 5, 0] Place 0 Type 1
Pattern [1, 2, 0, 1, 2, 5, 5, 0] Place 1 Type 2
Pattern [1, 2, 0, 1, 2, 5, 5, 0] Place 2 Type 0
Pattern [1, 2, 0, 1, 2, 5, 5, 0] Place 3 Type 1
Pattern [1, 2, 0, 1, 2, 5, 5, 0] Place 4 Type 2
Pattern [1, 2, 0, 1, 2, 5, 5, 0] Place 5 Type 5
Pattern [1, 2, 0, 1, 2, 5, 5, 0] Place 6 Type 5
Pattern [1, 2, 0, 1, 2, 5, 5, 0] Place 7 Type 0
Pattern [1, 2, 0, 1, 2, 5, 5, 0] Place 0 Type 1
Pattern [1, 2, 0, 1, 2, 5, 5, 0] Place 1 Type 2
Pattern [1, 2, 0, 1, 2, 5, 5, 0] Place 2 Type 0
Pattern [1, 2, 0, 1, 2, 5, 5, 0] Place 3 Type 1
Pattern [1, 2, 0, 1, 2, 5, 5, 0] Place 4 Type 2
Pattern [1, 2, 0, 1, 2, 5, 5, 0] Place 5 Type 5
Pattern [1, 2, 0, 1, 2, 5, 5, 0] Place 6 Type 5
Pattern [1, 2, 0, 1, 2, 5, 5, 0] Place 7 Type 0
Pattern [1, 2, 0, 1, 2, 5, 5, 0] Place 0 Type 1
Pattern [1, 2, 0, 1, 2, 5, 5, 0] Place 1 Type 2
Pattern [1, 2, 0, 1, 2, 5, 5, 0] Place 2 Type 0
Pattern [1, 2, 0, 1, 2, 5, 5, 0] Place 3 Type 1
Pattern [1, 2, 0, 1, 2, 5, 5, 0] Place 4 Type 2
Pattern [1, 2, 0, 1, 2, 5, 5, 0] Place 5 Type 5
Pattern [1, 2, 0, 1, 2, 5, 5, 0] Place 6 Type 5
Pattern [1, 2, 0, 1, 2, 5, 5, 0] Place 7 Type 0
Pattern [1, 2, 0, 1, 2, 5, 5, 0] Place 0 Type 1
Pattern [1, 2, 0, 1, 2, 5, 5, 0] Place 1 Type 2
Pattern [1, 2, 0, 1, 2, 5, 5, 0] Place 2 Type 0
Pattern [1, 2, 0, 1, 2, 5, 5, 0] Place 3 Type 1
Pattern [1, 2, 0, 1, 2, 5, 5, 0] Place 4 Type 2
Pattern [1, 2, 0, 1, 2, 5, 5, 0] Place 5 Type 5
Pattern [1, 2, 0, 1, 2, 5, 5, 0] Place 6 Type 5
Pattern [1, 2, 0, 1, 2, 5, 5, 0] Place 7 Type 0
Pattern [1, 2, 0, 1, 2, 5, 5, 0] Place 0 Type 1
Pattern [1, 2, 0, 1, 2, 5, 5, 0] Place 1 Type 2
Pattern [1, 2, 0, 1, 2, 5, 5, 0] Place 2 Type 0
Pattern [7, 7, 8, 8] Place 0 Type 7
Pattern [7, 7, 8, 8] Place 1 Type 7
Pattern [7, 7, 8, 8] Place 2 Type 8
Pattern [1, 2, 0, 1, 2, 5, 5, 0] Place 0 Type 1
Pattern [1, 2, 0, 1, 2, 5, 5, 0] Place 1 Type 2
Pattern [1, 2, 0, 1, 2, 5, 5, 0] Place 2 Type 0
Pattern [1, 2, 0, 1, 2, 5, 5, 0] Place 3 Type 1
Pattern [1, 2, 0, 1, 2, 5, 5, 0] Place 4 Type 2
Pattern [1, 2, 0, 1, 2, 5, 5, 0] Place 5 Type 5
Pattern [1, 2, 0, 1, 2, 5, 5, 0] Place 6 Type 5
Pattern [1, 2, 0, 1, 2, 5, 5, 0] Place 7 Type 0
Pattern [1, 2, 0, 1, 2, 5, 5, 0] Place 0 Type 1
Pattern [1, 2, 0, 1, 2, 5, 5, 0] Place 1 Type 2
Pattern [1, 2, 0, 1, 2, 5, 5, 0] Place 2 Type 0
Pattern [1, 2, 0, 1, 2, 5, 5, 0] Place 3 Type 1
Pattern [1, 2, 0, 1, 2, 5, 5, 0] Place 4 Type 2
Pattern [1, 2, 0, 1, 2, 5, 5, 0] Place 5 Type 5
Pattern [1, 2, 0, 1, 2, 5, 5, 0] Place 6 Type 5
spec = {'parentEntId': 110400, 'pos': LPoint3f(0, 0, 0)}
h = None
entered wait for zone redirect
entered wait for set zone response - 2
entered wait for zone redirect
entered wait for set zone response - 2
Reading DNA file... phase_4/dna/storage.pdna
Reading DNA file... phase_3.5/dna/storage_interior.pdna
Reading DNA file... phase_6/dna/storage_DD.pdna
Reading DNA file... phase_6/dna/winter_storage_DD.pdna
Reading DNA file... phase_6/dna/storage_DD_sz.pdna
Reading DNA file... phase_6/dna/donalds_dock_sz.pdna
