TTLocalizer: Running in language: English
OTPLocalizer: Running in language: English
Preloading suits...
Preloading Toon heads...
Preloading avatars...
{401000001: <toontown.distributed.ToontownDistrict.ToontownDistrict instance at 0x170CAC38>}
__handleAvatarChooserDone: 100000034, 'Tom Bumberpop (Mod)', ('css', 'ms', 'm', 'm', (1.0, 1.0, 1.0, 1.0), (0.93, 0.26, 0.28, 1.0), (1.0, 1.0, 1.0, 1.0), (1.0, 1.0, 1.0, 1.0), 66, 27, 55, 27, 17, 27), 0
entered wait for zone redirect
entered wait for set zone response - 2
Reading DNA file... phase_4/dna/storage.pdna
Reading DNA file... phase_3.5/dna/storage_interior.pdna
gardenPage Unloading
__handleAvatarChooserDone: 100000092, 'Little Sonic', ('fss', 'ms', 's', 'm', (0.16, 0.52, 0.79, 1.0), (0.19, 0.56, 0.77, 1.0), (0.16, 0.52, 0.79, 1.0), (0.16, 0.52, 0.79, 1.0), 5, 4, 5, 4, 1, 13), 5
entered wait for zone redirect
entered wait for set zone response - 2
Reading DNA file... phase_4/dna/storage.pdna
Reading DNA file... phase_3.5/dna/storage_interior.pdna
entered wait for zone redirect
entered wait for set zone response - 2
Reading DNA file... phase_4/dna/storage.pdna
Reading DNA file... phase_3.5/dna/storage_interior.pdna
Reading DNA file... phase_5.5/dna/storage_estate.pdna
Reading DNA file... phase_5.5/dna/winter_storage_estate.pdna
Reading DNA file... phase_5.5/dna/estate_1.pdna
adjusting item index -1
exiting due to lack of items
entered wait for zone redirect
entered wait for set zone response - 2
avid: 100000092, gender: m
current hat = (44, 0, 0), glasses = (0, 0, 0), backpack = (15, 0, 0), shoes = (3, 34, 0)
hatList = [44, 0, 0, 3, 12, 0]
glassesList = []
backpackList = [15, 0, 0, 1, 0, 0]
shoesList = [3, 34, 0]
avid: 100000092, gender: m
current top = 14,0,10,0 and  bot = 44,27,
topsList = [5, 4, 5, 4, 84, 27, 73, 27, 147, 27, 134, 27]
bottomsList = [1, 13]
avid: 100000092, gender: m
current top = 147,27,134,27 and  bot = 44,27,
topsList = [5, 4, 5, 4, 84, 27, 73, 27, 14, 0, 10, 0]
bottomsList = [1, 13]
entered wait for zone redirect
entered wait for set zone response - 2
adjusting item index -1
exiting due to lack of items
entered wait for zone redirect
entered wait for set zone response - 2
entered wait for zone redirect
entered wait for set zone response - 2
adjusting item index -1
exiting due to lack of items
