TTLocalizer: Running in language: English
OTPLocalizer: Running in language: English
Preloading suits...
Preloading Toon heads...
Preloading avatars...
{401000001: <toontown.distributed.ToontownDistrict.ToontownDistrict instance at 0x153A9C38>, 420000001: <toontown.distributed.ToontownDistrict.ToontownDistrict instance at 0x153A9AA8>, 4300001: <toontown.distributed.ToontownDistrict.ToontownDistrict instance at 0x153A9B98>}
__handleAvatarChooserDone: 100000032, 'Tom Bumberpop', ('css', 'ms', 'm', 'm', (1.0, 1.0, 1.0, 1.0), (0.93, 0.26, 0.28, 1.0), (1.0, 1.0, 1.0, 1.0), (1.0, 1.0, 1.0, 1.0), 148, 27, 135, 27, 21, 27), 1
entered wait for zone redirect
entered wait for set zone response - 2
Reading DNA file... phase_4/dna/storage.pdna
Reading DNA file... phase_3.5/dna/storage_interior.pdna
Reading DNA file... phase_4/dna/storage_TT.pdna
Reading DNA file... phase_4/dna/storage_TT_sz.pdna
Reading DNA file... phase_4/dna/toontown_central_sz.pdna
entered wait for zone redirect
entered wait for set zone response - 2
Reading DNA file... phase_4/dna/storage.pdna
Reading DNA file... phase_3.5/dna/storage_interior.pdna
Reading DNA file... phase_5.5/dna/storage_estate.pdna
Reading DNA file... phase_5.5/dna/winter_storage_estate.pdna
Reading DNA file... phase_5.5/dna/estate_1.pdna
entered wait for zone redirect
entered wait for set zone response - 2
avid: 100000032, gender: m
current top = 148,27,135,27 and  bot = 21,27,
topsList = [8, 12, 8, 12, 34, 27, 23, 27, 66, 27, 55, 27]
bottomsList = [7, 10, 17, 27]
avid: 100000032, gender: m
current top = 66,27,55,27 and  bot = 17,27,
topsList = [8, 12, 8, 12, 34, 27, 23, 27, 148, 27, 135, 27]
bottomsList = [7, 10, 21, 27]
Traceback (most recent call last):
  File "C:\Panda3D-1.10.0\direct\showbase\EventManager.py", line 52, in eventLoopTask
    self.doEvents()
  File "C:\Panda3D-1.10.0\direct\showbase\EventManager.py", line 46, in doEvents
    processFunc(self.eventQueue.dequeueEvent())
  File "C:\Panda3D-1.10.0\direct\showbase\EventManager.py", line 103, in processEvent
    messenger.send(eventName, paramList)
  File "C:\Panda3D-1.10.0\direct\showbase\Messenger.py", line 326, in send
    self.__dispatch(acceptorDict, event, sentArgs, foundWatch)
  File "C:\Panda3D-1.10.0\direct\showbase\Messenger.py", line 411, in __dispatch
    method (*(extraArgs + sentArgs))
  File "C:\Panda3D-1.10.0\direct\gui\DirectButton.py", line 103, in commandFunc
    apply(self['command'], self['extraArgs'])
  File "toontown\catalog\CatalogScreen.py", line 240, in showEmblemItems
    self.showPageItems()
  File "toontown\catalog\CatalogScreen.py", line 342, in showPageItems
    self.update()
  File "toontown\catalog\CatalogScreen.py", line 929, in update
    item.updateButtons(self.gifting)
  File "toontown\catalog\CatalogItemPanel.py", line 423, in updateButtons
    self.updateGiftButton(giftActivate)
  File "toontown\catalog\CatalogItemPanel.py", line 444, in updateGiftButton
    if not self.parentCatalogScreen.friend:
AttributeError: 'CatalogScreen' object has no attribute 'friend'
Traceback (most recent call last):
  File "otp\otpbase\OTPBase.py", line 34, in run
    taskMgr.run()
  File "C:\Panda3D-1.10.0\direct\task\Task.py", line 508, in run
    self.step()
  File "C:\Panda3D-1.10.0\direct\task\Task.py", line 465, in step
    self.mgr.poll()
  File "C:\Panda3D-1.10.0\direct\showbase\EventManager.py", line 52, in eventLoopTask
    self.doEvents()
  File "C:\Panda3D-1.10.0\direct\showbase\EventManager.py", line 46, in doEvents
    processFunc(self.eventQueue.dequeueEvent())
  File "C:\Panda3D-1.10.0\direct\showbase\EventManager.py", line 103, in processEvent
    messenger.send(eventName, paramList)
  File "C:\Panda3D-1.10.0\direct\showbase\Messenger.py", line 326, in send
    self.__dispatch(acceptorDict, event, sentArgs, foundWatch)
  File "C:\Panda3D-1.10.0\direct\showbase\Messenger.py", line 411, in __dispatch
    method (*(extraArgs + sentArgs))
  File "C:\Panda3D-1.10.0\direct\gui\DirectButton.py", line 103, in commandFunc
    apply(self['command'], self['extraArgs'])
  File "toontown\catalog\CatalogScreen.py", line 240, in showEmblemItems
    self.showPageItems()
  File "toontown\catalog\CatalogScreen.py", line 342, in showPageItems
    self.update()
  File "toontown\catalog\CatalogScreen.py", line 929, in update
    item.updateButtons(self.gifting)
  File "toontown\catalog\CatalogItemPanel.py", line 423, in updateButtons
    self.updateGiftButton(giftActivate)
  File "toontown\catalog\CatalogItemPanel.py", line 444, in updateGiftButton
    if not self.parentCatalogScreen.friend:
AttributeError: 'CatalogScreen' object has no attribute 'friend'
