TTLocalizer: Running in language: English
OTPLocalizer: Running in language: English
Preloading suits...
Preloading Toon heads...
Preloading avatars...
{401000001: <toontown.distributed.ToontownDistrict.ToontownDistrict instance at 0x164E7AF8>, 430001: <toontown.distributed.ToontownDistrict.ToontownDistrict instance at 0x164E7AA8>, 42000001: <toontown.distributed.ToontownDistrict.ToontownDistrict instance at 0x164E7A08>}
__handleAvatarChooserDone: 100000030, 'Dippy Flippy', ('rss', 'ms', 'm', 'm', (0.22, 0.78, 0.17, 1.0), (1.0, 1.0, 1.0, 1.0), (0.22, 0.78, 0.17, 1.0), (0.22, 0.78, 0.17, 1.0), 8, 2, 8, 2, 7, 2), 4
entered wait for zone redirect
entered wait for set zone response - 2
Reading DNA file... phase_4/dna/storage.pdna
Reading DNA file... phase_3.5/dna/storage_interior.pdna
Reading DNA file... phase_4/dna/storage_TT.pdna
Reading DNA file... phase_4/dna/winter_storage_TT.pdna
Reading DNA file... phase_4/dna/winter_storage_TT_sz.pdna
Reading DNA file... phase_4/dna/storage_TT_sz.pdna
Reading DNA file... phase_4/dna/toontown_central_sz.pdna
entered wait for zone redirect
entered wait for set zone response - 2
Reading DNA file... phase_4/dna/storage.pdna
Reading DNA file... phase_3.5/dna/storage_interior.pdna
Reading DNA file... phase_4/dna/storage_TT.pdna
Reading DNA file... phase_4/dna/storage_TT_sz.pdna
Reading DNA file... phase_4/dna/toontown_central_sz.pdna
entered wait for zone redirect
entered wait for set zone response - 2
Reading DNA file... phase_5/dna/storage_town.pdna
Reading DNA file... phase_5/dna/storage_TT_town.pdna
Reading DNA file... phase_5/dna/toontown_central_2200.pdna
Traceback (most recent call last):
  File "C:\Panda3D-1.10.0\direct\showbase\EventManager.py", line 52, in eventLoopTask
    self.doEvents()
  File "C:\Panda3D-1.10.0\direct\showbase\EventManager.py", line 46, in doEvents
    processFunc(self.eventQueue.dequeueEvent())
  File "C:\Panda3D-1.10.0\direct\showbase\EventManager.py", line 103, in processEvent
    messenger.send(eventName, paramList)
  File "C:\Panda3D-1.10.0\direct\showbase\Messenger.py", line 326, in send
    self.__dispatch(acceptorDict, event, sentArgs, foundWatch)
  File "C:\Panda3D-1.10.0\direct\showbase\Messenger.py", line 411, in __dispatch
    method (*(extraArgs + sentArgs))
  File "C:\Panda3D-1.10.0\direct\gui\DirectButton.py", line 103, in commandFunc
    apply(self['command'], self['extraArgs'])
  File "toontown\shtiker\ShtikerBook.py", line 183, in goToPage
    self.setPage(page)
  File "toontown\shtiker\ShtikerBook.py", line 284, in setPage
    page.enter()
  File "toontown\shtiker\SuitPage.py", line 244, in enter
    self.updatePage()
  File "toontown\shtiker\SuitPage.py", line 512, in updatePage
    self.updateCogStatus(dept, type, cogs[index])
  File "toontown\shtiker\SuitPage.py", line 539, in updateCogStatus
    self.setPanelStatus(panel, COG_BATTLED)
  File "toontown\shtiker\SuitPage.py", line 471, in setPanelStatus
    self.addSuitHead(panel, suitName)
  File "toontown\shtiker\SuitPage.py", line 392, in addSuitHead
    panel.head = Suit.attachSuitHead(panel, suitName)
  File "toontown\suit\Suit.py", line 295, in attachSuitHead
    s = (0.2 + column / 100.0) / biggest
ZeroDivisionError: float division by zero
Traceback (most recent call last):
  File "otp\otpbase\OTPBase.py", line 34, in run
    taskMgr.run()
  File "C:\Panda3D-1.10.0\direct\task\Task.py", line 508, in run
    self.step()
  File "C:\Panda3D-1.10.0\direct\task\Task.py", line 465, in step
    self.mgr.poll()
  File "C:\Panda3D-1.10.0\direct\showbase\EventManager.py", line 52, in eventLoopTask
    self.doEvents()
  File "C:\Panda3D-1.10.0\direct\showbase\EventManager.py", line 46, in doEvents
    processFunc(self.eventQueue.dequeueEvent())
  File "C:\Panda3D-1.10.0\direct\showbase\EventManager.py", line 103, in processEvent
    messenger.send(eventName, paramList)
  File "C:\Panda3D-1.10.0\direct\showbase\Messenger.py", line 326, in send
    self.__dispatch(acceptorDict, event, sentArgs, foundWatch)
  File "C:\Panda3D-1.10.0\direct\showbase\Messenger.py", line 411, in __dispatch
    method (*(extraArgs + sentArgs))
  File "C:\Panda3D-1.10.0\direct\gui\DirectButton.py", line 103, in commandFunc
    apply(self['command'], self['extraArgs'])
  File "toontown\shtiker\ShtikerBook.py", line 183, in goToPage
    self.setPage(page)
  File "toontown\shtiker\ShtikerBook.py", line 284, in setPage
    page.enter()
  File "toontown\shtiker\SuitPage.py", line 244, in enter
    self.updatePage()
  File "toontown\shtiker\SuitPage.py", line 512, in updatePage
    self.updateCogStatus(dept, type, cogs[index])
  File "toontown\shtiker\SuitPage.py", line 539, in updateCogStatus
    self.setPanelStatus(panel, COG_BATTLED)
  File "toontown\shtiker\SuitPage.py", line 471, in setPanelStatus
    self.addSuitHead(panel, suitName)
  File "toontown\shtiker\SuitPage.py", line 392, in addSuitHead
    panel.head = Suit.attachSuitHead(panel, suitName)
  File "toontown\suit\Suit.py", line 295, in attachSuitHead
    s = (0.2 + column / 100.0) / biggest
ZeroDivisionError: float division by zero
