TTLocalizer: Running in language: English
OTPLocalizer: Running in language: English
Preloading suits...
Preloading Toon heads...
Preloading avatars...
{401000001: <toontown.distributed.ToontownDistrict.ToontownDistrict instance at 0x1637FC38>, 430001: <toontown.distributed.ToontownDistrict.ToontownDistrict instance at 0x1637FB98>, 42000001: <toontown.distributed.ToontownDistrict.ToontownDistrict instance at 0x1637FAF8>}
__handleAvatarChooserDone: 100000029, 'Tom', ('css', 'ms', 'm', 'm', (0.74, 0.75, 0.76, 1.0), (0.93, 0.26, 0.28, 1.0), (0.74, 0.75, 0.76, 1.0), (0.74, 0.75, 0.76, 1.0), 89, 27, 76, 27, 45, 27), 1
entered wait for zone redirect
entered wait for set zone response - 2
Reading DNA file... phase_4/dna/storage.pdna
Reading DNA file... phase_3.5/dna/storage_interior.pdna
Reading DNA file... phase_6/dna/storage_GZ.pdna
Reading DNA file... phase_6/dna/storage_GZ_sz.pdna
Reading DNA file... phase_6/dna/golf_zone_sz.pdna
entered wait for zone redirect
entered wait for set zone response - 2
Warning: NodePath.remove() is deprecated.  Use remove_node() instead.
Warning: NodePath.remove() is deprecated.  Use remove_node() instead.
Warning: NodePath.remove() is deprecated.  Use remove_node() instead.
Warning: NodePath.remove() is deprecated.  Use remove_node() instead.
Warning: NodePath.remove() is deprecated.  Use remove_node() instead.
Warning: NodePath.remove() is deprecated.  Use remove_node() instead.
entered wait for zone redirect
entered wait for set zone response - 2
entered wait for zone redirect
entered wait for set zone response - 2
Warning: NodePath.remove() is deprecated.  Use remove_node() instead.
Warning: NodePath.remove() is deprecated.  Use remove_node() instead.
Warning: NodePath.remove() is deprecated.  Use remove_node() instead.
Warning: NodePath.remove() is deprecated.  Use remove_node() instead.
Warning: NodePath.remove() is deprecated.  Use remove_node() instead.
Warning: NodePath.remove() is deprecated.  Use remove_node() instead.
entered wait for zone redirect
entered wait for set zone response - 2
entered wait for zone redirect
entered wait for set zone response - 2
Reading DNA file... phase_4/dna/storage.pdna
Reading DNA file... phase_3.5/dna/storage_interior.pdna
Reading DNA file... phase_6/dna/storage_DD.pdna
Reading DNA file... phase_6/dna/winter_storage_DD.pdna
Reading DNA file... phase_6/dna/storage_DD_sz.pdna
Reading DNA file... phase_6/dna/donalds_dock_sz.pdna
entered wait for zone redirect
entered wait for set zone response - 2
Reading DNA file... phase_5/dna/storage_town.pdna
Reading DNA file... phase_6/dna/storage_DD_town.pdna
Reading DNA file... phase_6/dna/donalds_dock_1100.pdna
entered wait for zone redirect
entered wait for set zone response - 2
entered wait for zone redirect
entered wait for set zone response - 2
Reading DNA file... phase_5/dna/storage_town.pdna
Reading DNA file... phase_6/dna/storage_DD_town.pdna
Reading DNA file... phase_6/dna/donalds_dock_1100.pdna
entered wait for zone redirect
entered wait for set zone response - 2
Reading DNA file... phase_4/dna/storage.pdna
Reading DNA file... phase_3.5/dna/storage_interior.pdna
Reading DNA file... phase_8/dna/storage_DG.pdna
Reading DNA file... phase_8/dna/winter_storage_DG.pdna
Reading DNA file... phase_8/dna/storage_DG_sz.pdna
Reading DNA file... phase_8/dna/daisys_garden_sz.pdna
entered wait for zone redirect
entered wait for set zone response - 2
Reading DNA file... phase_4/dna/storage.pdna
Reading DNA file... phase_3.5/dna/storage_interior.pdna
Reading DNA file... phase_4/dna/storage_TT.pdna
Reading DNA file... phase_4/dna/winter_storage_TT.pdna
Reading DNA file... phase_4/dna/winter_storage_TT_sz.pdna
Reading DNA file... phase_4/dna/storage_TT_sz.pdna
Reading DNA file... phase_4/dna/toontown_central_sz.pdna
entered wait for zone redirect
entered wait for set zone response - 2
Reading DNA file... phase_4/dna/storage.pdna
Reading DNA file... phase_3.5/dna/storage_interior.pdna
Reading DNA file... phase_4/dna/storage_TT.pdna
Reading DNA file... phase_4/dna/storage_TT_sz.pdna
Reading DNA file... phase_4/dna/toontown_central_sz.pdna
entered wait for zone redirect
entered wait for set zone response - 2
Reading DNA file... phase_4/dna/storage.pdna
Reading DNA file... phase_3.5/dna/storage_interior.pdna
Reading DNA file... phase_4/dna/storage_TT.pdna
Reading DNA file... phase_4/dna/storage_TT_sz.pdna
Reading DNA file... phase_4/dna/toontown_central_sz.pdna
entered wait for zone redirect
entered wait for set zone response - 2
Reading DNA file... phase_4/dna/storage.pdna
Reading DNA file... phase_3.5/dna/storage_interior.pdna
entered wait for zone redirect
entered wait for set zone response - 2
entered wait for zone redirect
entered wait for set zone response - 2
chooseFireOpenShot <function avatarBehindShot at 0x10B083F0>
chooseFireOpenShot <function avatarCloseUpThreeQuarterLeftFireShot at 0x10B08830>
Warning: NodePath.remove() is deprecated.  Use remove_node() instead.
### newVec3 =  LVector3f(2, 6.3, 1.5)
### newVec3 =  LVector3f(2, 6.3, 0)
### newVec3 =  LVector3f(2, 6.3, 0.375)
### newVec3 =  LVector3f(2, 6.3, 0)
chooseFireOpenShot <function allGroupLowShot at 0x10B03FB0>
chooseFireOpenShot <function avatarCloseUpThreeQuarterLeftFireShot at 0x10B08830>
Warning: NodePath.remove() is deprecated.  Use remove_node() instead.
chooseFireOpenShot <function avatarCloseUpThreeQuarterRightShot at 0x10B082B0>
chooseFireOpenShot <function suitGroupThreeQuarterLeftBehindShot at 0x10B08170>
Warning: NodePath.remove() is deprecated.  Use remove_node() instead.
chooseFireOpenShot <function allGroupLowShot at 0x10B03FB0>
chooseFireOpenShot <function allGroupLowShot at 0x10B03FB0>
Warning: NodePath.remove() is deprecated.  Use remove_node() instead.
entered wait for zone redirect
entered wait for set zone response - 2
Reading DNA file... phase_4/dna/storage.pdna
Reading DNA file... phase_3.5/dna/storage_interior.pdna
Reading DNA file... phase_8/dna/storage_DG.pdna
Reading DNA file... phase_8/dna/winter_storage_DG.pdna
Reading DNA file... phase_8/dna/storage_DG_sz.pdna
Reading DNA file... phase_8/dna/daisys_garden_sz.pdna
entered wait for zone redirect
entered wait for set zone response - 2
entered wait for zone redirect
entered wait for set zone response - 2
Reading DNA file... phase_4/dna/storage.pdna
Reading DNA file... phase_3.5/dna/storage_interior.pdna
Reading DNA file... phase_8/dna/storage_DL.pdna
Reading DNA file... phase_8/dna/winter_storage_DL.pdna
Reading DNA file... phase_8/dna/storage_DL_sz.pdna
Reading DNA file... phase_8/dna/donalds_dreamland_sz.pdna
entered wait for zone redirect
entered wait for set zone response - 2
entered wait for zone redirect
entered wait for set zone response - 2
Reading DNA file... phase_4/dna/storage.pdna
Reading DNA file... phase_3.5/dna/storage_interior.pdna
Reading DNA file... phase_5.5/dna/storage_estate.pdna
Reading DNA file... phase_5.5/dna/winter_storage_estate.pdna
Reading DNA file... phase_5.5/dna/estate_1.pdna
entered wait for zone redirect
entered wait for set zone response - 2
Traceback (most recent call last):
  File "C:\Panda3D-1.10.0\direct\distributed\ConnectionRepository.py", line 613, in readerPollUntilEmpty
    while self.readerPollOnce():
  File "C:\Panda3D-1.10.0\direct\distributed\ConnectionRepository.py", line 620, in readerPollOnce
    self.handleDatagram(self.private__di)
  File "otp\distributed\OTPClientRepository.py", line 1224, in handleDatagram
    self.handler(msgType, di)
  File "otp\distributed\OTPClientRepository.py", line 1026, in handlePlayGame
    self.handleMessageType(msgType, di)
  File "otp\distributed\OTPClientRepository.py", line 1164, in handleMessageType
    self.gotInterestDoneMessage(di)
  File "otp\distributed\OTPClientRepository.py", line 1188, in gotInterestDoneMessage
    self.__playBackGenerates(handle)
  File "otp\distributed\OTPClientRepository.py", line 1300, in __playBackGenerates
    self.__doGenerate(doId, parentId, zoneId, classId, di, other)
  File "otp\distributed\OTPClientRepository.py", line 1346, in __doGenerate
    self.generateWithRequiredFields(dclass, doId, di, parentId, zoneId)
  File "C:\Panda3D-1.10.0\direct\distributed\ClientRepositoryBase.py", line 265, in generateWithRequiredFields
    distObj.updateRequiredFields(dclass, di)
  File "C:\Panda3D-1.10.0\direct\distributed\DistributedObject.py", line 337, in updateRequiredFields
    self.announceGenerate()
  File "toontown\estate\DistributedHouseInterior.py", line 44, in announceGenerate
    self.setup()
  File "toontown\estate\DistributedHouseInterior.py", line 86, in setup
    self.windowSlots[6][1].setPosHpr(-12.0, 26.0, 5.51, 0, 0, 0)
AttributeError: 'NoneType' object has no attribute 'setPosHpr'
