TTLocalizer: Running in language: English
OTPLocalizer: Running in language: English
Preloading suits...
Preloading Toon heads...
Preloading avatars...
{401000001: <toontown.distributed.ToontownDistrict.ToontownDistrict instance at 0x17343C38>, 43000001: <toontown.distributed.ToontownDistrict.ToontownDistrict instance at 0x17343AA8>, 420000001: <toontown.distributed.ToontownDistrict.ToontownDistrict instance at 0x17343B98>}
__handleAvatarChooserDone: 100000032, 'Tom Bumberpop (Mod)', ('css', 'ls', 'l', 'm', (1.0, 1.0, 1.0, 1.0), (0.93, 0.26, 0.28, 1.0), (1.0, 1.0, 1.0, 1.0), (1.0, 1.0, 1.0, 1.0), 54, 27, 67, 27, 13, 27), 0
entered wait for zone redirect
entered wait for set zone response - 2
Reading DNA file... phase_4/dna/storage.pdna
Reading DNA file... phase_3.5/dna/storage_interior.pdna
Reading DNA file... phase_4/dna/storage_TT.pdna
Reading DNA file... phase_4/dna/storage_TT_sz.pdna
Reading DNA file... phase_4/dna/toontown_central_sz.pdna
entered wait for zone redirect
entered wait for set zone response - 2
Reading DNA file... phase_4/dna/storage.pdna
Reading DNA file... phase_3.5/dna/storage_interior.pdna
Reading DNA file... phase_4/dna/storage_TT.pdna
Reading DNA file... phase_4/dna/storage_TT_sz.pdna
Reading DNA file... phase_4/dna/toontown_central_sz.pdna
entered wait for zone redirect
entered wait for set zone response - 2
Reading DNA file... phase_4/dna/storage.pdna
Reading DNA file... phase_3.5/dna/storage_interior.pdna
Reading DNA file... phase_5.5/dna/storage_estate.pdna
Reading DNA file... phase_5.5/dna/winter_storage_estate.pdna
Reading DNA file... phase_5.5/dna/estate_1.pdna
entered wait for zone redirect
entered wait for set zone response - 2
entered wait for zone redirect
entered wait for set zone response - 2
no shovel bar
entered wait for zone redirect
entered wait for set zone response - 2
adjusting item index -1
adjusting item index -1
adjusting item index -1
adjusting item index -1
adjusting item index -1
adjusting item index -1
adjusting item index -1
exiting due to lack of items
no shovel bar
Traceback (most recent call last):
  File "toontown\estate\DistributedEstate.py", line 315, in __birds
    base.playSfx(random.choice(base.cr.playGame.hood.loader.birdSound))
AttributeError: 'NoneType' object has no attribute 'loader'
Traceback (most recent call last):
  File "otp\otpbase\OTPBase.py", line 34, in run
    taskMgr.run()
  File "C:\Panda3D-1.10.0\direct\task\Task.py", line 508, in run
    self.step()
  File "C:\Panda3D-1.10.0\direct\task\Task.py", line 465, in step
    self.mgr.poll()
  File "toontown\estate\DistributedEstate.py", line 315, in __birds
    base.playSfx(random.choice(base.cr.playGame.hood.loader.birdSound))
AttributeError: 'NoneType' object has no attribute 'loader'
