{"_time": "2015-12-19 09:52:17GMT Standard Time", "type": "log-opened", "sender": "EventLogger", "msg": "Log opened upon Event Logger startup."}
{"_time": "2015-12-19 09:52:50GMT Standard Time", "type": "building-toon", "sender": "AIR:34", "_1": 92, "_2": "2000|18"}
{"_time": "2015-12-19 09:52:50GMT Standard Time", "type": "building-toon", "sender": "AIR:34", "_1": 104, "_2": "2000|16"}
{"_time": "2015-12-19 09:52:50GMT Standard Time", "type": "building-toon", "sender": "AIR:34", "_1": 110, "_2": "2000|21"}
{"_time": "2015-12-19 09:52:50GMT Standard Time", "type": "building-toon", "sender": "AIR:34", "_1": 116, "_2": "2000|13"}
{"_time": "2015-12-19 09:52:50GMT Standard Time", "type": "building-toon", "sender": "AIR:34", "_1": ‘, "_2": "2100|1"}
{"_time": "2015-12-19 09:52:50GMT Standard Time", "type": "building-toon", "sender": "AIR:34", "_1": —, "_2": "2100|2"}
{"_time": "2015-12-19 09:52:50GMT Standard Time", "type": "building-toon", "sender": "AIR:34", "_1": œ, "_2": "2100|3"}
{"_time": "2015-12-19 09:52:50GMT Standard Time", "type": "building-toon", "sender": "AIR:34", "_1": ¢, "_2": "2100|4"}
{"_time": "2015-12-19 09:52:50GMT Standard Time", "type": "building-toon", "sender": "AIR:34", "_1": ¨, "_2": "2100|5"}
{"_time": "2015-12-19 09:52:50GMT Standard Time", "type": "building-toon", "sender": "AIR:34", "_1": ®, "_2": "2100|6"}
{"_time": "2015-12-19 09:52:50GMT Standard Time", "type": "building-toon", "sender": "AIR:34", "_1": ³, "_2": "2100|7"}
{"_time": "2015-12-19 09:52:50GMT Standard Time", "type": "building-toon", "sender": "AIR:34", "_1": ¹, "_2": "2100|10"}
{"_time": "2015-12-19 09:52:50GMT Standard Time", "type": "building-toon", "sender": "AIR:34", "_1": ¿, "_2": "2100|11"}
{"_time": "2015-12-19 09:52:50GMT Standard Time", "type": "building-toon", "sender": "AIR:34", "_1": Ä, "_2": "2100|16"}
{"_time": "2015-12-19 09:52:50GMT Standard Time", "type": "building-toon", "sender": "AIR:34", "_1": Ê, "_2": "2100|18"}
{"_time": "2015-12-19 09:52:50GMT Standard Time", "type": "building-toon", "sender": "AIR:34", "_1": Ð, "_2": "2100|17"}
{"_time": "2015-12-19 09:52:50GMT Standard Time", "type": "building-toon", "sender": "AIR:34", "_1": Ö, "_2": "2100|21"}
{"_time": "2015-12-19 09:52:50GMT Standard Time", "type": "building-toon", "sender": "AIR:34", "_1": Ü, "_2": "2100|24"}
{"_time": "2015-12-19 09:52:50GMT Standard Time", "type": "building-toon", "sender": "AIR:34", "_1": â, "_2": "2100|25"}
{"_time": "2015-12-19 09:52:50GMT Standard Time", "type": "building-toon", "sender": "AIR:34", "_1": è, "_2": "2100|26"}
{"_time": "2015-12-19 09:52:50GMT Standard Time", "type": "building-toon", "sender": "AIR:34", "_1": î, "_2": "2100|29"}
{"_time": "2015-12-19 09:52:50GMT Standard Time", "type": "building-toon", "sender": "AIR:34", "_1": ô, "_2": "2100|32"}
{"_time": "2015-12-19 09:52:50GMT Standard Time", "type": "building-toon", "sender": "AIR:34", "_1": ú, "_2": "2100|33"}
{"_time": "2015-12-19 09:52:50GMT Standard Time", "type": "building-toon", "sender": "AIR:34", "_1": 256, "_2": "2100|38"}
{"_time": "2015-12-19 09:52:50GMT Standard Time", "type": "building-toon", "sender": "AIR:34", "_1": 261, "_2": "2100|57"}
{"_time": "2015-12-19 09:52:50GMT Standard Time", "type": "building-toon", "sender": "AIR:34", "_1": 267, "_2": "2100|39"}
{"_time": "2015-12-19 09:52:50GMT Standard Time", "type": "building-toon", "sender": "AIR:34", "_1": 273, "_2": "2100|43"}
{"_time": "2015-12-19 09:52:50GMT Standard Time", "type": "building-toon", "sender": "AIR:34", "_1": 279, "_2": "2100|44"}
{"_time": "2015-12-19 09:52:50GMT Standard Time", "type": "building-toon", "sender": "AIR:34", "_1": 285, "_2": "2100|49"}
{"_time": "2015-12-19 09:52:50GMT Standard Time", "type": "building-toon", "sender": "AIR:34", "_1": 291, "_2": "2100|60"}
{"_time": "2015-12-19 09:52:50GMT Standard Time", "type": "building-toon", "sender": "AIR:34", "_1": 297, "_2": "2100|52"}
{"_time": "2015-12-19 09:52:50GMT Standard Time", "type": "building-toon", "sender": "AIR:34", "_1": 302, "_2": "2100|53"}
{"_time": "2015-12-19 09:52:50GMT Standard Time", "type": "building-toon", "sender": "AIR:34", "_1": 307, "_2": "2100|55"}
{"_time": "2015-12-19 09:52:50GMT Standard Time", "type": "building-toon", "sender": "AIR:34", "_1": 313, "_2": "2100|54"}
{"_time": "2015-12-19 09:52:50GMT Standard Time", "type": "building-toon", "sender": "AIR:34", "_1": 319, "_2": "2100|56"}
{"_time": "2015-12-19 09:52:50GMT Standard Time", "type": "building-toon", "sender": "AIR:34", "_1": 325, "_2": "2100|59"}
{"_time": "2015-12-19 09:52:50GMT Standard Time", "type": "building-toon", "sender": "AIR:34", "_1": 331, "_2": "2100|61"}
{"_time": "2015-12-19 09:52:50GMT Standard Time", "type": "building-toon", "sender": "AIR:34", "_1": 337, "_2": "2100|67"}
{"_time": "2015-12-19 09:52:50GMT Standard Time", "type": "building-toon", "sender": "AIR:34", "_1": 343, "_2": "2100|63"}
{"_time": "2015-12-19 09:52:50GMT Standard Time", "type": "building-toon", "sender": "AIR:34", "_1": 348, "_2": "2100|62"}
{"_time": "2015-12-19 09:52:50GMT Standard Time", "type": "building-toon", "sender": "AIR:34", "_1": 354, "_2": "2100|64"}
{"_time": "2015-12-19 09:52:50GMT Standard Time", "type": "building-toon", "sender": "AIR:34", "_1": 360, "_2": "2100|66"}
{"_time": "2015-12-19 09:52:50GMT Standard Time", "type": "building-toon", "sender": "AIR:34", "_1": 366, "_2": "2100|65"}
{"_time": "2015-12-19 09:52:50GMT Standard Time", "type": "building-toon", "sender": "AIR:34", "_1": 372, "_2": "2100|69"}
{"_time": "2015-12-19 09:52:50GMT Standard Time", "type": "building-toon", "sender": "AIR:34", "_1": 378, "_2": "2100|70"}
{"_time": "2015-12-19 09:52:50GMT Standard Time", "type": "building-toon", "sender": "AIR:34", "_1": 393, "_2": "2200|1"}
{"_time": "2015-12-19 09:52:50GMT Standard Time", "type": "building-toon", "sender": "AIR:34", "_1": 398, "_2": "2200|4"}
{"_time": "2015-12-19 09:52:50GMT Standard Time", "type": "building-toon", "sender": "AIR:34", "_1": 403, "_2": "2200|5"}
{"_time": "2015-12-19 09:52:50GMT Standard Time", "type": "building-toon", "sender": "AIR:34", "_1": 409, "_2": "2200|8"}
{"_time": "2015-12-19 09:52:50GMT Standard Time", "type": "building-toon", "sender": "AIR:34", "_1": 415, "_2": "2200|43"}
{"_time": "2015-12-19 09:52:50GMT Standard Time", "type": "building-toon", "sender": "AIR:34", "_1": 420, "_2": "2200|44"}
{"_time": "2015-12-19 09:52:50GMT Standard Time", "type": "building-toon", "sender": "AIR:34", "_1": 425, "_2": "2200|11"}
{"_time": "2015-12-19 09:52:50GMT Standard Time", "type": "building-toon", "sender": "AIR:34", "_1": 431, "_2": "2200|12"}
{"_time": "2015-12-19 09:52:50GMT Standard Time", "type": "building-toon", "sender": "AIR:34", "_1": 437, "_2": "2200|13"}
{"_time": "2015-12-19 09:52:50GMT Standard Time", "type": "building-toon", "sender": "AIR:34", "_1": 443, "_2": "2200|14"}
{"_time": "2015-12-19 09:52:50GMT Standard Time", "type": "building-toon", "sender": "AIR:34", "_1": 448, "_2": "2200|16"}
{"_time": "2015-12-19 09:52:50GMT Standard Time", "type": "building-toon", "sender": "AIR:34", "_1": 454, "_2": "2200|48"}
{"_time": "2015-12-19 09:52:50GMT Standard Time", "type": "building-toon", "sender": "AIR:34", "_1": 459, "_2": "2200|17"}
{"_time": "2015-12-19 09:52:50GMT Standard Time", "type": "building-toon", "sender": "AIR:34", "_1": 465, "_2": "2200|20"}
{"_time": "2015-12-19 09:52:50GMT Standard Time", "type": "building-toon", "sender": "AIR:34", "_1": 471, "_2": "2200|39"}
{"_time": "2015-12-19 09:52:50GMT Standard Time", "type": "building-toon", "sender": "AIR:34", "_1": 477, "_2": "2200|25"}
{"_time": "2015-12-19 09:52:50GMT Standard Time", "type": "building-toon", "sender": "AIR:34", "_1": 482, "_2": "2200|27"}
{"_time": "2015-12-19 09:52:50GMT Standard Time", "type": "building-toon", "sender": "AIR:34", "_1": 488, "_2": "2200|28"}
{"_time": "2015-12-19 09:52:50GMT Standard Time", "type": "building-toon", "sender": "AIR:34", "_1": 494, "_2": "2200|30"}
{"_time": "2015-12-19 09:52:50GMT Standard Time", "type": "building-toon", "sender": "AIR:34", "_1": 500, "_2": "2200|29"}
{"_time": "2015-12-19 09:52:50GMT Standard Time", "type": "building-toon", "sender": "AIR:34", "_1": 506, "_2": "2200|31"}
{"_time": "2015-12-19 09:52:50GMT Standard Time", "type": "building-toon", "sender": "AIR:34", "_1": 511, "_2": "2200|32"}
{"_time": "2015-12-19 09:52:50GMT Standard Time", "type": "building-toon", "sender": "AIR:34", "_1": 517, "_2": "2200|33"}
{"_time": "2015-12-19 09:52:50GMT Standard Time", "type": "building-toon", "sender": "AIR:34", "_1": 523, "_2": "2200|34"}
{"_time": "2015-12-19 09:52:50GMT Standard Time", "type": "building-toon", "sender": "AIR:34", "_1": 529, "_2": "2200|35"}
{"_time": "2015-12-19 09:52:50GMT Standard Time", "type": "building-toon", "sender": "AIR:34", "_1": 535, "_2": "2200|47"}
{"_time": "2015-12-19 09:52:50GMT Standard Time", "type": "building-toon", "sender": "AIR:34", "_1": 540, "_2": "2200|41"}
{"_time": "2015-12-19 09:52:50GMT Standard Time", "type": "building-toon", "sender": "AIR:34", "_1": 545, "_2": "2200|40"}
{"_time": "2015-12-19 09:52:50GMT Standard Time", "type": "building-toon", "sender": "AIR:34", "_1": 560, "_2": "2300|1"}
{"_time": "2015-12-19 09:52:50GMT Standard Time", "type": "building-toon", "sender": "AIR:34", "_1": 566, "_2": "2300|2"}
{"_time": "2015-12-19 09:52:50GMT Standard Time", "type": "building-toon", "sender": "AIR:34", "_1": 572, "_2": "2300|3"}
{"_time": "2015-12-19 09:52:50GMT Standard Time", "type": "building-toon", "sender": "AIR:34", "_1": 577, "_2": "2300|4"}
{"_time": "2015-12-19 09:52:50GMT Standard Time", "type": "building-toon", "sender": "AIR:34", "_1": 583, "_2": "2300|39"}
{"_time": "2015-12-19 09:52:50GMT Standard Time", "type": "building-toon", "sender": "AIR:34", "_1": 589, "_2": "2300|41"}
{"_time": "2015-12-19 09:52:50GMT Standard Time", "type": "building-toon", "sender": "AIR:34", "_1": 594, "_2": "2300|37"}
{"_time": "2015-12-19 09:52:50GMT Standard Time", "type": "building-toon", "sender": "AIR:34", "_1": 600, "_2": "2300|9"}
{"_time": "2015-12-19 09:52:50GMT Standard Time", "type": "building-toon", "sender": "AIR:34", "_1": 606, "_2": "2300|14"}
{"_time": "2015-12-19 09:52:50GMT Standard Time", "type": "building-toon", "sender": "AIR:34", "_1": 611, "_2": "2300|36"}
{"_time": "2015-12-19 09:52:50GMT Standard Time", "type": "building-toon", "sender": "AIR:34", "_1": 616, "_2": "2300|5"}
{"_time": "2015-12-19 09:52:50GMT Standard Time", "type": "building-toon", "sender": "AIR:34", "_1": 621, "_2": "2300|34"}
{"_time": "2015-12-19 09:52:51GMT Standard Time", "type": "building-toon", "sender": "AIR:34", "_1": 627, "_2": "2300|29"}
{"_time": "2015-12-19 09:52:51GMT Standard Time", "type": "building-toon", "sender": "AIR:34", "_1": 633, "_2": "2300|30"}
{"_time": "2015-12-19 09:52:51GMT Standard Time", "type": "building-toon", "sender": "AIR:34", "_1": 639, "_2": "2300|18"}
{"_time": "2015-12-19 09:52:51GMT Standard Time", "type": "building-toon", "sender": "AIR:34", "_1": 645, "_2": "2300|31"}
{"_time": "2015-12-19 09:52:51GMT Standard Time", "type": "building-toon", "sender": "AIR:34", "_1": 651, "_2": "2300|21"}
{"_time": "2015-12-19 09:52:51GMT Standard Time", "type": "building-toon", "sender": "AIR:34", "_1": 656, "_2": "2300|22"}
{"_time": "2015-12-19 09:52:51GMT Standard Time", "type": "building-toon", "sender": "AIR:34", "_1": 662, "_2": "2300|33"}
{"_time": "2015-12-19 09:52:51GMT Standard Time", "type": "building-toon", "sender": "AIR:34", "_1": 667, "_2": "2300|24"}
{"_time": "2015-12-19 09:52:51GMT Standard Time", "type": "building-toon", "sender": "AIR:34", "_1": 672, "_2": "2300|23"}
{"_time": "2015-12-19 09:52:51GMT Standard Time", "type": "building-toon", "sender": "AIR:34", "_1": 755, "_2": "1000|8"}
{"_time": "2015-12-19 09:52:51GMT Standard Time", "type": "building-toon", "sender": "AIR:34", "_1": 781, "_2": "1100|26"}
{"_time": "2015-12-19 09:52:51GMT Standard Time", "type": "building-toon", "sender": "AIR:34", "_1": 787, "_2": "1100|2"}
{"_time": "2015-12-19 09:52:51GMT Standard Time", "type": "building-toon", "sender": "AIR:34", "_1": 793, "_2": "1100|4"}
{"_time": "2015-12-19 09:52:51GMT Standard Time", "type": "building-toon", "sender": "AIR:34", "_1": 799, "_2": "1100|6"}
{"_time": "2015-12-19 09:52:51GMT Standard Time", "type": "building-toon", "sender": "AIR:34", "_1": 805, "_2": "1100|8"}
{"_time": "2015-12-19 09:52:51GMT Standard Time", "type": "building-toon", "sender": "AIR:34", "_1": 811, "_2": "1100|20"}
{"_time": "2015-12-19 09:52:51GMT Standard Time", "type": "building-toon", "sender": "AIR:34", "_1": 817, "_2": "1100|9"}
{"_time": "2015-12-19 09:52:51GMT Standard Time", "type": "building-toon", "sender": "AIR:34", "_1": 823, "_2": "1100|27"}
{"_time": "2015-12-19 09:52:51GMT Standard Time", "type": "building-toon", "sender": "AIR:34", "_1": 829, "_2": "1100|12"}
{"_time": "2015-12-19 09:52:51GMT Standard Time", "type": "building-toon", "sender": "AIR:34", "_1": 835, "_2": "1100|13"}
{"_time": "2015-12-19 09:52:51GMT Standard Time", "type": "building-toon", "sender": "AIR:34", "_1": 841, "_2": "1100|14"}
{"_time": "2015-12-19 09:52:51GMT Standard Time", "type": "building-toon", "sender": "AIR:34", "_1": 847, "_2": "1100|15"}
{"_time": "2015-12-19 09:52:51GMT Standard Time", "type": "building-toon", "sender": "AIR:34", "_1": 853, "_2": "1100|16"}
{"_time": "2015-12-19 09:52:51GMT Standard Time", "type": "building-toon", "sender": "AIR:34", "_1": 859, "_2": "1100|17"}
{"_time": "2015-12-19 09:52:51GMT Standard Time", "type": "building-toon", "sender": "AIR:34", "_1": 865, "_2": "1100|19"}
{"_time": "2015-12-19 09:52:51GMT Standard Time", "type": "building-toon", "sender": "AIR:34", "_1": 871, "_2": "1100|21"}
{"_time": "2015-12-19 09:52:51GMT Standard Time", "type": "building-toon", "sender": "AIR:34", "_1": 877, "_2": "1100|22"}
{"_time": "2015-12-19 09:52:51GMT Standard Time", "type": "building-toon", "sender": "AIR:34", "_1": 883, "_2": "1100|28"}
{"_time": "2015-12-19 09:52:51GMT Standard Time", "type": "building-toon", "sender": "AIR:34", "_1": 889, "_2": "1100|24"}
{"_time": "2015-12-19 09:52:51GMT Standard Time", "type": "building-toon", "sender": "AIR:34", "_1": 904, "_2": "1200|25"}
{"_time": "2015-12-19 09:52:51GMT Standard Time", "type": "building-toon", "sender": "AIR:34", "_1": 910, "_2": "1200|3"}
{"_time": "2015-12-19 09:52:51GMT Standard Time", "type": "building-toon", "sender": "AIR:34", "_1": 916, "_2": "1200|6"}
{"_time": "2015-12-19 09:52:51GMT Standard Time", "type": "building-toon", "sender": "AIR:34", "_1": 922, "_2": "1200|5"}
{"_time": "2015-12-19 09:52:51GMT Standard Time", "type": "building-toon", "sender": "AIR:34", "_1": 928, "_2": "1200|7"}
{"_time": "2015-12-19 09:52:51GMT Standard Time", "type": "building-toon", "sender": "AIR:34", "_1": 934, "_2": "1200|26"}
{"_time": "2015-12-19 09:52:51GMT Standard Time", "type": "building-toon", "sender": "AIR:34", "_1": 940, "_2": "1200|9"}
{"_time": "2015-12-19 09:52:51GMT Standard Time", "type": "building-toon", "sender": "AIR:34", "_1": 946, "_2": "1200|10"}
{"_time": "2015-12-19 09:52:51GMT Standard Time", "type": "building-toon", "sender": "AIR:34", "_1": 952, "_2": "1200|11"}
{"_time": "2015-12-19 09:52:51GMT Standard Time", "type": "building-toon", "sender": "AIR:34", "_1": 958, "_2": "1200|12"}
{"_time": "2015-12-19 09:52:51GMT Standard Time", "type": "building-toon", "sender": "AIR:34", "_1": 964, "_2": "1200|14"}
{"_time": "2015-12-19 09:52:51GMT Standard Time", "type": "building-toon", "sender": "AIR:34", "_1": 970, "_2": "1200|13"}
{"_time": "2015-12-19 09:52:51GMT Standard Time", "type": "building-toon", "sender": "AIR:34", "_1": 976, "_2": "1200|27"}
{"_time": "2015-12-19 09:52:51GMT Standard Time", "type": "building-toon", "sender": "AIR:34", "_1": 982, "_2": "1200|17"}
{"_time": "2015-12-19 09:52:51GMT Standard Time", "type": "building-toon", "sender": "AIR:34", "_1": 988, "_2": "1200|18"}
{"_time": "2015-12-19 09:52:51GMT Standard Time", "type": "building-toon", "sender": "AIR:34", "_1": 994, "_2": "1200|19"}
{"_time": "2015-12-19 09:52:51GMT Standard Time", "type": "building-toon", "sender": "AIR:34", "_1": 1000, "_2": "1200|20"}
{"_time": "2015-12-19 09:52:51GMT Standard Time", "type": "building-toon", "sender": "AIR:34", "_1": 1006, "_2": "1200|21"}
{"_time": "2015-12-19 09:52:51GMT Standard Time", "type": "building-toon", "sender": "AIR:34", "_1": 1012, "_2": "1200|23"}
{"_time": "2015-12-19 09:52:51GMT Standard Time", "type": "building-toon", "sender": "AIR:34", "_1": 1018, "_2": "1200|24"}
{"_time": "2015-12-19 09:52:51GMT Standard Time", "type": "building-toon", "sender": "AIR:34", "_1": 1024, "_2": "1200|1"}
{"_time": "2015-12-19 09:52:51GMT Standard Time", "type": "building-toon", "sender": "AIR:34", "_1": 1030, "_2": "1200|16"}
{"_time": "2015-12-19 09:52:51GMT Standard Time", "type": "building-toon", "sender": "AIR:34", "_1": 1036, "_2": "1200|28"}
{"_time": "2015-12-19 09:52:51GMT Standard Time", "type": "building-toon", "sender": "AIR:34", "_1": 1051, "_2": "1300|30"}
{"_time": "2015-12-19 09:52:51GMT Standard Time", "type": "building-toon", "sender": "AIR:34", "_1": 1057, "_2": "1300|29"}
{"_time": "2015-12-19 09:52:51GMT Standard Time", "type": "building-toon", "sender": "AIR:34", "_1": 1063, "_2": "1300|31"}
{"_time": "2015-12-19 09:52:51GMT Standard Time", "type": "building-toon", "sender": "AIR:34", "_1": 1069, "_2": "1300|2"}
{"_time": "2015-12-19 09:52:51GMT Standard Time", "type": "building-toon", "sender": "AIR:34", "_1": 1075, "_2": "1300|32"}
{"_time": "2015-12-19 09:52:51GMT Standard Time", "type": "building-toon", "sender": "AIR:34", "_1": 1081, "_2": "1300|4"}
{"_time": "2015-12-19 09:52:51GMT Standard Time", "type": "building-toon", "sender": "AIR:34", "_1": 1087, "_2": "1300|5"}
{"_time": "2015-12-19 09:52:51GMT Standard Time", "type": "building-toon", "sender": "AIR:34", "_1": 1093, "_2": "1300|6"}
{"_time": "2015-12-19 09:52:51GMT Standard Time", "type": "building-toon", "sender": "AIR:34", "_1": 1099, "_2": "1300|7"}
{"_time": "2015-12-19 09:52:51GMT Standard Time", "type": "building-toon", "sender": "AIR:34", "_1": 1105, "_2": "1300|8"}
{"_time": "2015-12-19 09:52:51GMT Standard Time", "type": "building-toon", "sender": "AIR:34", "_1": 1111, "_2": "1300|9"}
{"_time": "2015-12-19 09:52:51GMT Standard Time", "type": "building-toon", "sender": "AIR:34", "_1": 1117, "_2": "1300|10"}
{"_time": "2015-12-19 09:52:51GMT Standard Time", "type": "building-toon", "sender": "AIR:34", "_1": 1123, "_2": "1300|11"}
{"_time": "2015-12-19 09:52:51GMT Standard Time", "type": "building-toon", "sender": "AIR:34", "_1": 1129, "_2": "1300|14"}
{"_time": "2015-12-19 09:52:51GMT Standard Time", "type": "building-toon", "sender": "AIR:34", "_1": 1135, "_2": "1300|13"}
{"_time": "2015-12-19 09:52:51GMT Standard Time", "type": "building-toon", "sender": "AIR:34", "_1": 1141, "_2": "1300|15"}
{"_time": "2015-12-19 09:52:51GMT Standard Time", "type": "building-toon", "sender": "AIR:34", "_1": 1147, "_2": "1300|33"}
{"_time": "2015-12-19 09:52:51GMT Standard Time", "type": "building-toon", "sender": "AIR:34", "_1": 1153, "_2": "1300|18"}
{"_time": "2015-12-19 09:52:51GMT Standard Time", "type": "building-toon", "sender": "AIR:34", "_1": 1159, "_2": "1300|19"}
{"_time": "2015-12-19 09:52:51GMT Standard Time", "type": "building-toon", "sender": "AIR:34", "_1": 1165, "_2": "1300|20"}
{"_time": "2015-12-19 09:52:51GMT Standard Time", "type": "building-toon", "sender": "AIR:34", "_1": 1171, "_2": "1300|21"}
{"_time": "2015-12-19 09:52:51GMT Standard Time", "type": "building-toon", "sender": "AIR:34", "_1": 1177, "_2": "1300|23"}
{"_time": "2015-12-19 09:52:51GMT Standard Time", "type": "building-toon", "sender": "AIR:34", "_1": 1183, "_2": "1300|24"}
{"_time": "2015-12-19 09:52:51GMT Standard Time", "type": "building-toon", "sender": "AIR:34", "_1": 1189, "_2": "1300|25"}
{"_time": "2015-12-19 09:52:52GMT Standard Time", "type": "building-toon", "sender": "AIR:34", "_1": 1195, "_2": "1300|26"}
{"_time": "2015-12-19 09:52:52GMT Standard Time", "type": "building-toon", "sender": "AIR:34", "_1": 1201, "_2": "1300|34"}
{"_time": "2015-12-19 09:52:52GMT Standard Time", "type": "building-toon", "sender": "AIR:34", "_1": 1207, "_2": "1300|28"}
{"_time": "2015-12-19 09:52:52GMT Standard Time", "type": "building-toon", "sender": "AIR:34", "_1": 1267, "_2": "5000|3"}
{"_time": "2015-12-19 09:52:52GMT Standard Time", "type": "building-toon", "sender": "AIR:34", "_1": 1293, "_2": "5100|2"}
{"_time": "2015-12-19 09:52:52GMT Standard Time", "type": "building-toon", "sender": "AIR:34", "_1": 1299, "_2": "5100|1"}
{"_time": "2015-12-19 09:52:52GMT Standard Time", "type": "building-toon", "sender": "AIR:34", "_1": 1305, "_2": "5100|3"}
{"_time": "2015-12-19 09:52:52GMT Standard Time", "type": "building-toon", "sender": "AIR:34", "_1": 1311, "_2": "5100|5"}
{"_time": "2015-12-19 09:52:52GMT Standard Time", "type": "building-toon", "sender": "AIR:34", "_1": 1317, "_2": "5100|4"}
{"_time": "2015-12-19 09:52:52GMT Standard Time", "type": "building-toon", "sender": "AIR:34", "_1": 1323, "_2": "5100|6"}
{"_time": "2015-12-19 09:52:52GMT Standard Time", "type": "building-toon", "sender": "AIR:34", "_1": 1329, "_2": "5100|7"}
{"_time": "2015-12-19 09:52:52GMT Standard Time", "type": "building-toon", "sender": "AIR:34", "_1": 1335, "_2": "5100|8"}
{"_time": "2015-12-19 09:52:52GMT Standard Time", "type": "building-toon", "sender": "AIR:34", "_1": 1341, "_2": "5100|9"}
{"_time": "2015-12-19 09:52:52GMT Standard Time", "type": "building-toon", "sender": "AIR:34", "_1": 1347, "_2": "5100|11"}
{"_time": "2015-12-19 09:52:52GMT Standard Time", "type": "building-toon", "sender": "AIR:34", "_1": 1353, "_2": "5100|10"}
{"_time": "2015-12-19 09:52:52GMT Standard Time", "type": "building-toon", "sender": "AIR:34", "_1": 1359, "_2": "5100|26"}
{"_time": "2015-12-19 09:52:52GMT Standard Time", "type": "building-toon", "sender": "AIR:34", "_1": 1365, "_2": "5100|13"}
{"_time": "2015-12-19 09:52:52GMT Standard Time", "type": "building-toon", "sender": "AIR:34", "_1": 1371, "_2": "5100|15"}
{"_time": "2015-12-19 09:52:52GMT Standard Time", "type": "building-toon", "sender": "AIR:34", "_1": 1377, "_2": "5100|25"}
{"_time": "2015-12-19 09:52:52GMT Standard Time", "type": "building-toon", "sender": "AIR:34", "_1": 1383, "_2": "5100|16"}
{"_time": "2015-12-19 09:52:52GMT Standard Time", "type": "building-toon", "sender": "AIR:34", "_1": 1389, "_2": "5100|17"}
{"_time": "2015-12-19 09:52:52GMT Standard Time", "type": "building-toon", "sender": "AIR:34", "_1": 1395, "_2": "5100|18"}
{"_time": "2015-12-19 09:52:52GMT Standard Time", "type": "building-toon", "sender": "AIR:34", "_1": 1401, "_2": "5100|19"}
{"_time": "2015-12-19 09:52:52GMT Standard Time", "type": "building-toon", "sender": "AIR:34", "_1": 1407, "_2": "5100|20"}
{"_time": "2015-12-19 09:52:52GMT Standard Time", "type": "building-toon", "sender": "AIR:34", "_1": 1413, "_2": "5100|21"}
{"_time": "2015-12-19 09:52:52GMT Standard Time", "type": "building-toon", "sender": "AIR:34", "_1": 1419, "_2": "5100|22"}
{"_time": "2015-12-19 09:52:52GMT Standard Time", "type": "building-toon", "sender": "AIR:34", "_1": 1425, "_2": "5100|23"}
{"_time": "2015-12-19 09:52:52GMT Standard Time", "type": "building-toon", "sender": "AIR:34", "_1": 1431, "_2": "5100|24"}
{"_time": "2015-12-19 09:52:52GMT Standard Time", "type": "building-toon", "sender": "AIR:34", "_1": 1446, "_2": "5200|25"}
{"_time": "2015-12-19 09:52:52GMT Standard Time", "type": "building-toon", "sender": "AIR:34", "_1": 1452, "_2": "5200|26"}
{"_time": "2015-12-19 09:52:52GMT Standard Time", "type": "building-toon", "sender": "AIR:34", "_1": 1458, "_2": "5200|27"}
{"_time": "2015-12-19 09:52:52GMT Standard Time", "type": "building-toon", "sender": "AIR:34", "_1": 1464, "_2": "5200|1"}
{"_time": "2015-12-19 09:52:52GMT Standard Time", "type": "building-toon", "sender": "AIR:34", "_1": 1470, "_2": "5200|2"}
{"_time": "2015-12-19 09:52:52GMT Standard Time", "type": "building-toon", "sender": "AIR:34", "_1": 1476, "_2": "5200|3"}
{"_time": "2015-12-19 09:52:52GMT Standard Time", "type": "building-toon", "sender": "AIR:34", "_1": 1482, "_2": "5200|4"}
{"_time": "2015-12-19 09:52:52GMT Standard Time", "type": "building-toon", "sender": "AIR:34", "_1": 1488, "_2": "5200|5"}
{"_time": "2015-12-19 09:52:52GMT Standard Time", "type": "building-toon", "sender": "AIR:34", "_1": 1494, "_2": "5200|6"}
{"_time": "2015-12-19 09:52:52GMT Standard Time", "type": "building-toon", "sender": "AIR:34", "_1": 1500, "_2": "5200|7"}
{"_time": "2015-12-19 09:52:52GMT Standard Time", "type": "building-toon", "sender": "AIR:34", "_1": 1506, "_2": "5200|9"}
{"_time": "2015-12-19 09:52:52GMT Standard Time", "type": "building-toon", "sender": "AIR:34", "_1": 1512, "_2": "5200|11"}
{"_time": "2015-12-19 09:52:52GMT Standard Time", "type": "building-toon", "sender": "AIR:34", "_1": 1518, "_2": "5200|12"}
{"_time": "2015-12-19 09:52:52GMT Standard Time", "type": "building-toon", "sender": "AIR:34", "_1": 1524, "_2": "5200|13"}
{"_time": "2015-12-19 09:52:52GMT Standard Time", "type": "building-toon", "sender": "AIR:34", "_1": 1530, "_2": "5200|14"}
{"_time": "2015-12-19 09:52:52GMT Standard Time", "type": "building-toon", "sender": "AIR:34", "_1": 1536, "_2": "5200|15"}
{"_time": "2015-12-19 09:52:52GMT Standard Time", "type": "building-toon", "sender": "AIR:34", "_1": 1542, "_2": "5200|16"}
{"_time": "2015-12-19 09:52:52GMT Standard Time", "type": "building-toon", "sender": "AIR:34", "_1": 1548, "_2": "5200|17"}
{"_time": "2015-12-19 09:52:52GMT Standard Time", "type": "building-toon", "sender": "AIR:34", "_1": 1554, "_2": "5200|18"}
{"_time": "2015-12-19 09:52:52GMT Standard Time", "type": "building-toon", "sender": "AIR:34", "_1": 1560, "_2": "5200|19"}
{"_time": "2015-12-19 09:52:52GMT Standard Time", "type": "building-toon", "sender": "AIR:34", "_1": 1566, "_2": "5200|20"}
{"_time": "2015-12-19 09:52:52GMT Standard Time", "type": "building-toon", "sender": "AIR:34", "_1": 1572, "_2": "5200|21"}
{"_time": "2015-12-19 09:52:52GMT Standard Time", "type": "building-toon", "sender": "AIR:34", "_1": 1578, "_2": "5200|8"}
{"_time": "2015-12-19 09:52:52GMT Standard Time", "type": "building-toon", "sender": "AIR:34", "_1": 1584, "_2": "5200|10"}
{"_time": "2015-12-19 09:52:52GMT Standard Time", "type": "building-toon", "sender": "AIR:34", "_1": 1599, "_2": "5300|33"}
{"_time": "2015-12-19 09:52:52GMT Standard Time", "type": "building-toon", "sender": "AIR:34", "_1": 1605, "_2": "5300|35"}
{"_time": "2015-12-19 09:52:52GMT Standard Time", "type": "building-toon", "sender": "AIR:34", "_1": 1611, "_2": "5300|36"}
{"_time": "2015-12-19 09:52:52GMT Standard Time", "type": "building-toon", "sender": "AIR:34", "_1": 1617, "_2": "5300|15"}
{"_time": "2015-12-19 09:52:52GMT Standard Time", "type": "building-toon", "sender": "AIR:34", "_1": 1623, "_2": "5300|17"}
{"_time": "2015-12-19 09:52:52GMT Standard Time", "type": "building-toon", "sender": "AIR:34", "_1": 1629, "_2": "5300|27"}
{"_time": "2015-12-19 09:52:52GMT Standard Time", "type": "building-toon", "sender": "AIR:34", "_1": 1635, "_2": "5300|28"}
{"_time": "2015-12-19 09:52:52GMT Standard Time", "type": "building-toon", "sender": "AIR:34", "_1": 1641, "_2": "5300|9"}
{"_time": "2015-12-19 09:52:52GMT Standard Time", "type": "building-toon", "sender": "AIR:34", "_1": 1647, "_2": "5300|30"}
{"_time": "2015-12-19 09:52:52GMT Standard Time", "type": "building-toon", "sender": "AIR:34", "_1": 1653, "_2": "5300|19"}
{"_time": "2015-12-19 09:52:52GMT Standard Time", "type": "building-toon", "sender": "AIR:34", "_1": 1659, "_2": "5300|21"}
{"_time": "2015-12-19 09:52:52GMT Standard Time", "type": "building-toon", "sender": "AIR:34", "_1": 1665, "_2": "5300|5"}
{"_time": "2015-12-19 09:52:52GMT Standard Time", "type": "building-toon", "sender": "AIR:34", "_1": 1671, "_2": "5300|11"}
{"_time": "2015-12-19 09:52:52GMT Standard Time", "type": "building-toon", "sender": "AIR:34", "_1": 1677, "_2": "5300|10"}
{"_time": "2015-12-19 09:52:52GMT Standard Time", "type": "building-toon", "sender": "AIR:34", "_1": 1683, "_2": "5300|26"}
{"_time": "2015-12-19 09:52:52GMT Standard Time", "type": "building-toon", "sender": "AIR:34", "_1": 1689, "_2": "5300|37"}
{"_time": "2015-12-19 09:52:52GMT Standard Time", "type": "building-toon", "sender": "AIR:34", "_1": 1695, "_2": "5300|4"}
{"_time": "2015-12-19 09:52:53GMT Standard Time", "type": "building-toon", "sender": "AIR:34", "_1": 1792, "_2": "4000|6"}
{"_time": "2015-12-19 09:52:53GMT Standard Time", "type": "building-toon", "sender": "AIR:34", "_1": 1818, "_2": "4100|3"}
{"_time": "2015-12-19 09:52:53GMT Standard Time", "type": "building-toon", "sender": "AIR:34", "_1": 1824, "_2": "4100|4"}
{"_time": "2015-12-19 09:52:53GMT Standard Time", "type": "building-toon", "sender": "AIR:34", "_1": 1830, "_2": "4100|6"}
{"_time": "2015-12-19 09:52:53GMT Standard Time", "type": "building-toon", "sender": "AIR:34", "_1": 1836, "_2": "4100|7"}
{"_time": "2015-12-19 09:52:53GMT Standard Time", "type": "building-toon", "sender": "AIR:34", "_1": 1842, "_2": "4100|45"}
{"_time": "2015-12-19 09:52:53GMT Standard Time", "type": "building-toon", "sender": "AIR:34", "_1": 1848, "_2": "4100|14"}
{"_time": "2015-12-19 09:52:53GMT Standard Time", "type": "building-toon", "sender": "AIR:34", "_1": 1854, "_2": "4100|17"}
{"_time": "2015-12-19 09:52:53GMT Standard Time", "type": "building-toon", "sender": "AIR:34", "_1": 1860, "_2": "4100|18"}
{"_time": "2015-12-19 09:52:53GMT Standard Time", "type": "building-toon", "sender": "AIR:34", "_1": 1866, "_2": "4100|19"}
{"_time": "2015-12-19 09:52:53GMT Standard Time", "type": "building-toon", "sender": "AIR:34", "_1": 1872, "_2": "4100|22"}
{"_time": "2015-12-19 09:52:53GMT Standard Time", "type": "building-toon", "sender": "AIR:34", "_1": 1878, "_2": "4100|23"}
{"_time": "2015-12-19 09:52:53GMT Standard Time", "type": "building-toon", "sender": "AIR:34", "_1": 1884, "_2": "4100|26"}
{"_time": "2015-12-19 09:52:53GMT Standard Time", "type": "building-toon", "sender": "AIR:34", "_1": 1890, "_2": "4100|48"}
{"_time": "2015-12-19 09:52:53GMT Standard Time", "type": "building-toon", "sender": "AIR:34", "_1": 1896, "_2": "4100|28"}
{"_time": "2015-12-19 09:52:53GMT Standard Time", "type": "building-toon", "sender": "AIR:34", "_1": 1902, "_2": "4100|31"}
{"_time": "2015-12-19 09:52:53GMT Standard Time", "type": "building-toon", "sender": "AIR:34", "_1": 1908, "_2": "4100|32"}
{"_time": "2015-12-19 09:52:53GMT Standard Time", "type": "building-toon", "sender": "AIR:34", "_1": 1914, "_2": "4100|58"}
{"_time": "2015-12-19 09:52:53GMT Standard Time", "type": "building-toon", "sender": "AIR:34", "_1": 1920, "_2": "4100|49"}
{"_time": "2015-12-19 09:52:53GMT Standard Time", "type": "building-toon", "sender": "AIR:34", "_1": 1925, "_2": "4100|35"}
{"_time": "2015-12-19 09:52:53GMT Standard Time", "type": "building-toon", "sender": "AIR:34", "_1": 1931, "_2": "4100|52"}
{"_time": "2015-12-19 09:52:53GMT Standard Time", "type": "building-toon", "sender": "AIR:34", "_1": 1937, "_2": "4100|37"}
{"_time": "2015-12-19 09:52:53GMT Standard Time", "type": "building-toon", "sender": "AIR:34", "_1": 1943, "_2": "4100|42"}
{"_time": "2015-12-19 09:52:53GMT Standard Time", "type": "building-toon", "sender": "AIR:34", "_1": 1949, "_2": "4100|41"}
{"_time": "2015-12-19 09:52:53GMT Standard Time", "type": "building-toon", "sender": "AIR:34", "_1": 1955, "_2": "4100|5"}
{"_time": "2015-12-19 09:52:53GMT Standard Time", "type": "building-toon", "sender": "AIR:34", "_1": 1961, "_2": "4100|12"}
{"_time": "2015-12-19 09:52:53GMT Standard Time", "type": "building-toon", "sender": "AIR:34", "_1": 1967, "_2": "4100|10"}
{"_time": "2015-12-19 09:52:53GMT Standard Time", "type": "building-toon", "sender": "AIR:34", "_1": 1973, "_2": "4100|9"}
{"_time": "2015-12-19 09:52:53GMT Standard Time", "type": "building-toon", "sender": "AIR:34", "_1": 1979, "_2": "4100|11"}
{"_time": "2015-12-19 09:52:53GMT Standard Time", "type": "building-toon", "sender": "AIR:34", "_1": 1985, "_2": "4100|55"}
{"_time": "2015-12-19 09:52:53GMT Standard Time", "type": "building-toon", "sender": "AIR:34", "_1": 1991, "_2": "4100|15"}
{"_time": "2015-12-19 09:52:53GMT Standard Time", "type": "building-toon", "sender": "AIR:34", "_1": 1997, "_2": "4100|46"}
{"_time": "2015-12-19 09:52:53GMT Standard Time", "type": "building-toon", "sender": "AIR:34", "_1": 2002, "_2": "4100|54"}
{"_time": "2015-12-19 09:52:53GMT Standard Time", "type": "building-toon", "sender": "AIR:34", "_1": 2008, "_2": "4100|57"}
{"_time": "2015-12-19 09:52:53GMT Standard Time", "type": "building-toon", "sender": "AIR:34", "_1": 2014, "_2": "4100|25"}
{"_time": "2015-12-19 09:52:53GMT Standard Time", "type": "building-toon", "sender": "AIR:34", "_1": 2020, "_2": "4100|56"}
{"_time": "2015-12-19 09:52:53GMT Standard Time", "type": "building-toon", "sender": "AIR:34", "_1": 2025, "_2": "4100|29"}
{"_time": "2015-12-19 09:52:53GMT Standard Time", "type": "building-toon", "sender": "AIR:34", "_1": 2031, "_2": "4100|30"}
{"_time": "2015-12-19 09:52:53GMT Standard Time", "type": "building-toon", "sender": "AIR:34", "_1": 2037, "_2": "4100|53"}
{"_time": "2015-12-19 09:52:53GMT Standard Time", "type": "building-toon", "sender": "AIR:34", "_1": 2042, "_2": "4100|38"}
{"_time": "2015-12-19 09:52:53GMT Standard Time", "type": "building-toon", "sender": "AIR:34", "_1": 2048, "_2": "4100|39"}
{"_time": "2015-12-19 09:52:53GMT Standard Time", "type": "building-toon", "sender": "AIR:34", "_1": 2063, "_2": "4200|1"}
{"_time": "2015-12-19 09:52:53GMT Standard Time", "type": "building-toon", "sender": "AIR:34", "_1": 2069, "_2": "4200|3"}
{"_time": "2015-12-19 09:52:53GMT Standard Time", "type": "building-toon", "sender": "AIR:34", "_1": 2075, "_2": "4200|2"}
{"_time": "2015-12-19 09:52:53GMT Standard Time", "type": "building-toon", "sender": "AIR:34", "_1": 2081, "_2": "4200|4"}
{"_time": "2015-12-19 09:52:53GMT Standard Time", "type": "building-toon", "sender": "AIR:34", "_1": 2087, "_2": "4200|5"}
{"_time": "2015-12-19 09:52:53GMT Standard Time", "type": "building-toon", "sender": "AIR:34", "_1": 2093, "_2": "4200|32"}
{"_time": "2015-12-19 09:52:53GMT Standard Time", "type": "building-toon", "sender": "AIR:34", "_1": 2099, "_2": "4200|10"}
{"_time": "2015-12-19 09:52:53GMT Standard Time", "type": "building-toon", "sender": "AIR:34", "_1": 2105, "_2": "4200|13"}
{"_time": "2015-12-19 09:52:53GMT Standard Time", "type": "building-toon", "sender": "AIR:34", "_1": 2111, "_2": "4200|38"}
{"_time": "2015-12-19 09:52:53GMT Standard Time", "type": "building-toon", "sender": "AIR:34", "_1": 2117, "_2": "4200|37"}
{"_time": "2015-12-19 09:52:53GMT Standard Time", "type": "building-toon", "sender": "AIR:34", "_1": 2123, "_2": "4200|23"}
{"_time": "2015-12-19 09:52:53GMT Standard Time", "type": "building-toon", "sender": "AIR:34", "_1": 2129, "_2": "4200|24"}
{"_time": "2015-12-19 09:52:53GMT Standard Time", "type": "building-toon", "sender": "AIR:34", "_1": 2135, "_2": "4200|27"}
{"_time": "2015-12-19 09:52:53GMT Standard Time", "type": "building-toon", "sender": "AIR:34", "_1": 2141, "_2": "4200|29"}
{"_time": "2015-12-19 09:52:53GMT Standard Time", "type": "building-toon", "sender": "AIR:34", "_1": 2147, "_2": "4200|30"}
{"_time": "2015-12-19 09:52:53GMT Standard Time", "type": "building-toon", "sender": "AIR:34", "_1": 2153, "_2": "4200|31"}
{"_time": "2015-12-19 09:52:53GMT Standard Time", "type": "building-toon", "sender": "AIR:34", "_1": 2159, "_2": "4200|9"}
{"_time": "2015-12-19 09:52:53GMT Standard Time", "type": "building-toon", "sender": "AIR:34", "_1": 2165, "_2": "4200|7"}
{"_time": "2015-12-19 09:52:53GMT Standard Time", "type": "building-toon", "sender": "AIR:34", "_1": 2171, "_2": "4200|12"}
{"_time": "2015-12-19 09:52:53GMT Standard Time", "type": "building-toon", "sender": "AIR:34", "_1": 2177, "_2": "4200|36"}
{"_time": "2015-12-19 09:52:53GMT Standard Time", "type": "building-toon", "sender": "AIR:34", "_1": 2183, "_2": "4200|34"}
{"_time": "2015-12-19 09:52:53GMT Standard Time", "type": "building-toon", "sender": "AIR:34", "_1": 2188, "_2": "4200|16"}
{"_time": "2015-12-19 09:52:53GMT Standard Time", "type": "building-toon", "sender": "AIR:34", "_1": 2194, "_2": "4200|19"}
{"_time": "2015-12-19 09:52:53GMT Standard Time", "type": "building-toon", "sender": "AIR:34", "_1": 2200, "_2": "4200|20"}
{"_time": "2015-12-19 09:52:53GMT Standard Time", "type": "building-toon", "sender": "AIR:34", "_1": 2206, "_2": "4200|22"}
{"_time": "2015-12-19 09:52:53GMT Standard Time", "type": "building-toon", "sender": "AIR:34", "_1": 2212, "_2": "4200|35"}
{"_time": "2015-12-19 09:52:53GMT Standard Time", "type": "building-toon", "sender": "AIR:34", "_1": 2218, "_2": "4200|25"}
{"_time": "2015-12-19 09:52:53GMT Standard Time", "type": "building-toon", "sender": "AIR:34", "_1": 2224, "_2": "4200|28"}
{"_time": "2015-12-19 09:52:53GMT Standard Time", "type": "building-toon", "sender": "AIR:34", "_1": 2230, "_2": "4200|33"}
{"_time": "2015-12-19 09:52:53GMT Standard Time", "type": "building-toon", "sender": "AIR:34", "_1": 2235, "_2": "4200|18"}
{"_time": "2015-12-19 09:52:53GMT Standard Time", "type": "building-toon", "sender": "AIR:34", "_1": 2241, "_2": "4200|17"}
{"_time": "2015-12-19 09:52:53GMT Standard Time", "type": "building-toon", "sender": "AIR:34", "_1": 2256, "_2": "4300|1"}
{"_time": "2015-12-19 09:52:53GMT Standard Time", "type": "building-toon", "sender": "AIR:34", "_1": 2262, "_2": "4300|3"}
{"_time": "2015-12-19 09:52:53GMT Standard Time", "type": "building-toon", "sender": "AIR:34", "_1": 2268, "_2": "4300|20"}
{"_time": "2015-12-19 09:52:53GMT Standard Time", "type": "building-toon", "sender": "AIR:34", "_1": 2273, "_2": "4300|4"}
{"_time": "2015-12-19 09:52:53GMT Standard Time", "type": "building-toon", "sender": "AIR:34", "_1": 2279, "_2": "4300|7"}
{"_time": "2015-12-19 09:52:53GMT Standard Time", "type": "building-toon", "sender": "AIR:34", "_1": 2285, "_2": "4300|21"}
{"_time": "2015-12-19 09:52:53GMT Standard Time", "type": "building-toon", "sender": "AIR:34", "_1": 2291, "_2": "4300|27"}
{"_time": "2015-12-19 09:52:53GMT Standard Time", "type": "building-toon", "sender": "AIR:34", "_1": 2297, "_2": "4300|28"}
{"_time": "2015-12-19 09:52:53GMT Standard Time", "type": "building-toon", "sender": "AIR:34", "_1": 2303, "_2": "4300|9"}
{"_time": "2015-12-19 09:52:53GMT Standard Time", "type": "building-toon", "sender": "AIR:34", "_1": 2309, "_2": "4300|12"}
{"_time": "2015-12-19 09:52:53GMT Standard Time", "type": "building-toon", "sender": "AIR:34", "_1": 2314, "_2": "4300|17"}
{"_time": "2015-12-19 09:52:53GMT Standard Time", "type": "building-toon", "sender": "AIR:34", "_1": 2320, "_2": "4300|19"}
{"_time": "2015-12-19 09:52:53GMT Standard Time", "type": "building-toon", "sender": "AIR:34", "_1": 2326, "_2": "4300|29"}
{"_time": "2015-12-19 09:52:53GMT Standard Time", "type": "building-toon", "sender": "AIR:34", "_1": 2332, "_2": "4300|35"}
{"_time": "2015-12-19 09:52:53GMT Standard Time", "type": "building-toon", "sender": "AIR:34", "_1": 2338, "_2": "4300|36"}
{"_time": "2015-12-19 09:52:53GMT Standard Time", "type": "building-toon", "sender": "AIR:34", "_1": 2344, "_2": "4300|41"}
{"_time": "2015-12-19 09:52:53GMT Standard Time", "type": "building-toon", "sender": "AIR:34", "_1": 2350, "_2": "4300|68"}
{"_time": "2015-12-19 09:52:53GMT Standard Time", "type": "building-toon", "sender": "AIR:34", "_1": 2355, "_2": "4300|38"}
{"_time": "2015-12-19 09:52:53GMT Standard Time", "type": "building-toon", "sender": "AIR:34", "_1": 2361, "_2": "4300|40"}
{"_time": "2015-12-19 09:52:53GMT Standard Time", "type": "building-toon", "sender": "AIR:34", "_1": 2367, "_2": "4300|42"}
{"_time": "2015-12-19 09:52:53GMT Standard Time", "type": "building-toon", "sender": "AIR:34", "_1": 2373, "_2": "4300|49"}
{"_time": "2015-12-19 09:52:53GMT Standard Time", "type": "building-toon", "sender": "AIR:34", "_1": 2378, "_2": "4300|48"}
{"_time": "2015-12-19 09:52:53GMT Standard Time", "type": "building-toon", "sender": "AIR:34", "_1": 2384, "_2": "4300|53"}
{"_time": "2015-12-19 09:52:53GMT Standard Time", "type": "building-toon", "sender": "AIR:34", "_1": 2390, "_2": "4300|50"}
{"_time": "2015-12-19 09:52:53GMT Standard Time", "type": "building-toon", "sender": "AIR:34", "_1": 2396, "_2": "4300|52"}
{"_time": "2015-12-19 09:52:53GMT Standard Time", "type": "building-toon", "sender": "AIR:34", "_1": 2402, "_2": "4300|54"}
{"_time": "2015-12-19 09:52:53GMT Standard Time", "type": "building-toon", "sender": "AIR:34", "_1": 2408, "_2": "4300|55"}
{"_time": "2015-12-19 09:52:53GMT Standard Time", "type": "building-toon", "sender": "AIR:34", "_1": 2414, "_2": "4300|56"}
{"_time": "2015-12-19 09:52:53GMT Standard Time", "type": "building-toon", "sender": "AIR:34", "_1": 2419, "_2": "4300|72"}
{"_time": "2015-12-19 09:52:53GMT Standard Time", "type": "building-toon", "sender": "AIR:34", "_1": 2425, "_2": "4300|70"}
{"_time": "2015-12-19 09:52:53GMT Standard Time", "type": "building-toon", "sender": "AIR:34", "_1": 2431, "_2": "4300|62"}
{"_time": "2015-12-19 09:52:53GMT Standard Time", "type": "building-toon", "sender": "AIR:34", "_1": 2437, "_2": "4300|67"}
{"_time": "2015-12-19 09:52:53GMT Standard Time", "type": "building-toon", "sender": "AIR:34", "_1": 2443, "_2": "4300|71"}
{"_time": "2015-12-19 09:52:53GMT Standard Time", "type": "building-toon", "sender": "AIR:34", "_1": 2449, "_2": "4300|43"}
{"_time": "2015-12-19 09:52:53GMT Standard Time", "type": "building-toon", "sender": "AIR:34", "_1": 2454, "_2": "4300|44"}
{"_time": "2015-12-19 09:52:53GMT Standard Time", "type": "building-toon", "sender": "AIR:34", "_1": 2460, "_2": "4300|45"}
{"_time": "2015-12-19 09:52:54GMT Standard Time", "type": "building-toon", "sender": "AIR:34", "_1": 2520, "_2": "3000|9"}
{"_time": "2015-12-19 09:52:54GMT Standard Time", "type": "building-toon", "sender": "AIR:34", "_1": 2546, "_2": "3100|1"}
{"_time": "2015-12-19 09:52:54GMT Standard Time", "type": "building-toon", "sender": "AIR:34", "_1": 2552, "_2": "3100|2"}
{"_time": "2015-12-19 09:52:54GMT Standard Time", "type": "building-toon", "sender": "AIR:34", "_1": 2558, "_2": "3100|5"}
{"_time": "2015-12-19 09:52:54GMT Standard Time", "type": "building-toon", "sender": "AIR:34", "_1": 2563, "_2": "3100|7"}
{"_time": "2015-12-19 09:52:54GMT Standard Time", "type": "building-toon", "sender": "AIR:34", "_1": 2569, "_2": "3100|8"}
{"_time": "2015-12-19 09:52:54GMT Standard Time", "type": "building-toon", "sender": "AIR:34", "_1": 2575, "_2": "3100|50"}
{"_time": "2015-12-19 09:52:54GMT Standard Time", "type": "building-toon", "sender": "AIR:34", "_1": 2581, "_2": "3100|11"}
{"_time": "2015-12-19 09:52:54GMT Standard Time", "type": "building-toon", "sender": "AIR:34", "_1": 2587, "_2": "3100|10"}
{"_time": "2015-12-19 09:52:54GMT Standard Time", "type": "building-toon", "sender": "AIR:34", "_1": 2593, "_2": "3100|12"}
{"_time": "2015-12-19 09:52:54GMT Standard Time", "type": "building-toon", "sender": "AIR:34", "_1": 2599, "_2": "3100|13"}
{"_time": "2015-12-19 09:52:54GMT Standard Time", "type": "building-toon", "sender": "AIR:34", "_1": 2605, "_2": "3100|14"}
{"_time": "2015-12-19 09:52:54GMT Standard Time", "type": "building-toon", "sender": "AIR:34", "_1": 2611, "_2": "3100|15"}
{"_time": "2015-12-19 09:52:54GMT Standard Time", "type": "building-toon", "sender": "AIR:34", "_1": 2617, "_2": "3100|51"}
{"_time": "2015-12-19 09:52:54GMT Standard Time", "type": "building-toon", "sender": "AIR:34", "_1": 2623, "_2": "3100|17"}
{"_time": "2015-12-19 09:52:54GMT Standard Time", "type": "building-toon", "sender": "AIR:34", "_1": 2629, "_2": "3100|18"}
{"_time": "2015-12-19 09:52:54GMT Standard Time", "type": "building-toon", "sender": "AIR:34", "_1": 2635, "_2": "3100|21"}
{"_time": "2015-12-19 09:52:54GMT Standard Time", "type": "building-toon", "sender": "AIR:34", "_1": 2641, "_2": "3100|22"}
{"_time": "2015-12-19 09:52:54GMT Standard Time", "type": "building-toon", "sender": "AIR:34", "_1": 2646, "_2": "3100|23"}
{"_time": "2015-12-19 09:52:54GMT Standard Time", "type": "building-toon", "sender": "AIR:34", "_1": 2652, "_2": "3100|24"}
{"_time": "2015-12-19 09:52:54GMT Standard Time", "type": "building-toon", "sender": "AIR:34", "_1": 2658, "_2": "3100|25"}
{"_time": "2015-12-19 09:52:54GMT Standard Time", "type": "building-toon", "sender": "AIR:34", "_1": 2664, "_2": "3100|29"}
{"_time": "2015-12-19 09:52:54GMT Standard Time", "type": "building-toon", "sender": "AIR:34", "_1": 2670, "_2": "3100|27"}
{"_time": "2015-12-19 09:52:54GMT Standard Time", "type": "building-toon", "sender": "AIR:34", "_1": 2676, "_2": "3100|30"}
{"_time": "2015-12-19 09:52:54GMT Standard Time", "type": "building-toon", "sender": "AIR:34", "_1": 2682, "_2": "3100|34"}
{"_time": "2015-12-19 09:52:54GMT Standard Time", "type": "building-toon", "sender": "AIR:34", "_1": 2688, "_2": "3100|35"}
{"_time": "2015-12-19 09:52:54GMT Standard Time", "type": "building-toon", "sender": "AIR:34", "_1": 2694, "_2": "3100|36"}
{"_time": "2015-12-19 09:52:54GMT Standard Time", "type": "building-toon", "sender": "AIR:34", "_1": 2700, "_2": "3100|37"}
{"_time": "2015-12-19 09:52:54GMT Standard Time", "type": "building-toon", "sender": "AIR:34", "_1": 2706, "_2": "3100|38"}
{"_time": "2015-12-19 09:52:54GMT Standard Time", "type": "building-toon", "sender": "AIR:34", "_1": 2712, "_2": "3100|48"}
{"_time": "2015-12-19 09:52:54GMT Standard Time", "type": "building-toon", "sender": "AIR:34", "_1": 2718, "_2": "3100|49"}
{"_time": "2015-12-19 09:52:54GMT Standard Time", "type": "building-toon", "sender": "AIR:34", "_1": 2724, "_2": "3100|41"}
{"_time": "2015-12-19 09:52:54GMT Standard Time", "type": "building-toon", "sender": "AIR:34", "_1": 2730, "_2": "3100|20"}
{"_time": "2015-12-19 09:52:54GMT Standard Time", "type": "building-toon", "sender": "AIR:34", "_1": 2736, "_2": "3100|42"}
{"_time": "2015-12-19 09:52:54GMT Standard Time", "type": "building-toon", "sender": "AIR:34", "_1": 2742, "_2": "3100|43"}
{"_time": "2015-12-19 09:52:54GMT Standard Time", "type": "building-toon", "sender": "AIR:34", "_1": 2748, "_2": "3100|53"}
{"_time": "2015-12-19 09:52:54GMT Standard Time", "type": "building-toon", "sender": "AIR:34", "_1": 2754, "_2": "3100|44"}
{"_time": "2015-12-19 09:52:54GMT Standard Time", "type": "building-toon", "sender": "AIR:34", "_1": 2760, "_2": "3100|47"}
{"_time": "2015-12-19 09:52:54GMT Standard Time", "type": "building-toon", "sender": "AIR:34", "_1": 2775, "_2": "3200|2"}
{"_time": "2015-12-19 09:52:54GMT Standard Time", "type": "building-toon", "sender": "AIR:34", "_1": 2781, "_2": "3200|3"}
{"_time": "2015-12-19 09:52:54GMT Standard Time", "type": "building-toon", "sender": "AIR:34", "_1": 2786, "_2": "3200|37"}
{"_time": "2015-12-19 09:52:54GMT Standard Time", "type": "building-toon", "sender": "AIR:34", "_1": 2792, "_2": "3200|5"}
{"_time": "2015-12-19 09:52:54GMT Standard Time", "type": "building-toon", "sender": "AIR:34", "_1": 2798, "_2": "3200|6"}
{"_time": "2015-12-19 09:52:54GMT Standard Time", "type": "building-toon", "sender": "AIR:34", "_1": 2804, "_2": "3200|8"}
{"_time": "2015-12-19 09:52:54GMT Standard Time", "type": "building-toon", "sender": "AIR:34", "_1": 2810, "_2": "3200|7"}
{"_time": "2015-12-19 09:52:54GMT Standard Time", "type": "building-toon", "sender": "AIR:34", "_1": 2816, "_2": "3200|36"}
{"_time": "2015-12-19 09:52:54GMT Standard Time", "type": "building-toon", "sender": "AIR:34", "_1": 2822, "_2": "3200|11"}
{"_time": "2015-12-19 09:52:54GMT Standard Time", "type": "building-toon", "sender": "AIR:34", "_1": 2827, "_2": "3200|10"}
{"_time": "2015-12-19 09:52:54GMT Standard Time", "type": "building-toon", "sender": "AIR:34", "_1": 2833, "_2": "3200|12"}
{"_time": "2015-12-19 09:52:54GMT Standard Time", "type": "building-toon", "sender": "AIR:34", "_1": 2839, "_2": "3200|15"}
{"_time": "2015-12-19 09:52:54GMT Standard Time", "type": "building-toon", "sender": "AIR:34", "_1": 2845, "_2": "3200|16"}
{"_time": "2015-12-19 09:52:54GMT Standard Time", "type": "building-toon", "sender": "AIR:34", "_1": 2851, "_2": "3200|18"}
{"_time": "2015-12-19 09:52:54GMT Standard Time", "type": "building-toon", "sender": "AIR:34", "_1": 2857, "_2": "3200|19"}
{"_time": "2015-12-19 09:52:54GMT Standard Time", "type": "building-toon", "sender": "AIR:34", "_1": 2863, "_2": "3200|21"}
{"_time": "2015-12-19 09:52:54GMT Standard Time", "type": "building-toon", "sender": "AIR:34", "_1": 2869, "_2": "3200|22"}
{"_time": "2015-12-19 09:52:54GMT Standard Time", "type": "building-toon", "sender": "AIR:34", "_1": 2875, "_2": "3200|34"}
{"_time": "2015-12-19 09:52:54GMT Standard Time", "type": "building-toon", "sender": "AIR:34", "_1": 2881, "_2": "3200|23"}
{"_time": "2015-12-19 09:52:54GMT Standard Time", "type": "building-toon", "sender": "AIR:34", "_1": 2887, "_2": "3200|24"}
{"_time": "2015-12-19 09:52:54GMT Standard Time", "type": "building-toon", "sender": "AIR:34", "_1": 2893, "_2": "3200|25"}
{"_time": "2015-12-19 09:52:54GMT Standard Time", "type": "building-toon", "sender": "AIR:34", "_1": 2899, "_2": "3200|26"}
{"_time": "2015-12-19 09:52:54GMT Standard Time", "type": "building-toon", "sender": "AIR:34", "_1": 2905, "_2": "3200|29"}
{"_time": "2015-12-19 09:52:54GMT Standard Time", "type": "building-toon", "sender": "AIR:34", "_1": 2910, "_2": "3200|38"}
{"_time": "2015-12-19 09:52:54GMT Standard Time", "type": "building-toon", "sender": "AIR:34", "_1": 2916, "_2": "3200|30"}
{"_time": "2015-12-19 09:52:54GMT Standard Time", "type": "building-toon", "sender": "AIR:34", "_1": 2922, "_2": "3200|31"}
{"_time": "2015-12-19 09:52:54GMT Standard Time", "type": "building-toon", "sender": "AIR:34", "_1": 2928, "_2": "3200|32"}
{"_time": "2015-12-19 09:52:54GMT Standard Time", "type": "building-toon", "sender": "AIR:34", "_1": 2934, "_2": "3200|35"}
{"_time": "2015-12-19 09:52:54GMT Standard Time", "type": "building-toon", "sender": "AIR:34", "_1": 2940, "_2": "3200|13"}
{"_time": "2015-12-19 09:52:54GMT Standard Time", "type": "building-toon", "sender": "AIR:34", "_1": 2946, "_2": "3200|28"}
{"_time": "2015-12-19 09:52:54GMT Standard Time", "type": "building-toon", "sender": "AIR:34", "_1": 2952, "_2": "3200|17"}
{"_time": "2015-12-19 09:52:54GMT Standard Time", "type": "building-toon", "sender": "AIR:34", "_1": 2966, "_2": "3300|10"}
{"_time": "2015-12-19 09:52:54GMT Standard Time", "type": "building-toon", "sender": "AIR:34", "_1": 2972, "_2": "3300|6"}
{"_time": "2015-12-19 09:52:54GMT Standard Time", "type": "building-toon", "sender": "AIR:34", "_1": 2978, "_2": "3300|30"}
{"_time": "2015-12-19 09:52:54GMT Standard Time", "type": "building-toon", "sender": "AIR:34", "_1": 2984, "_2": "3300|28"}
{"_time": "2015-12-19 09:52:54GMT Standard Time", "type": "building-toon", "sender": "AIR:34", "_1": 2990, "_2": "3300|12"}
{"_time": "2015-12-19 09:52:54GMT Standard Time", "type": "building-toon", "sender": "AIR:34", "_1": 2996, "_2": "3300|21"}
{"_time": "2015-12-19 09:52:54GMT Standard Time", "type": "building-toon", "sender": "AIR:34", "_1": 3002, "_2": "3300|15"}
{"_time": "2015-12-19 09:52:54GMT Standard Time", "type": "building-toon", "sender": "AIR:34", "_1": 3008, "_2": "3300|26"}
{"_time": "2015-12-19 09:52:54GMT Standard Time", "type": "building-toon", "sender": "AIR:34", "_1": 3014, "_2": "3300|23"}
{"_time": "2015-12-19 09:52:54GMT Standard Time", "type": "building-toon", "sender": "AIR:34", "_1": 3020, "_2": "3300|29"}
{"_time": "2015-12-19 09:52:54GMT Standard Time", "type": "building-toon", "sender": "AIR:34", "_1": 3026, "_2": "3300|13"}
{"_time": "2015-12-19 09:52:54GMT Standard Time", "type": "building-toon", "sender": "AIR:34", "_1": 3032, "_2": "3300|16"}
{"_time": "2015-12-19 09:52:54GMT Standard Time", "type": "building-toon", "sender": "AIR:34", "_1": 3038, "_2": "3300|8"}
{"_time": "2015-12-19 09:52:54GMT Standard Time", "type": "building-toon", "sender": "AIR:34", "_1": 3044, "_2": "3300|25"}
{"_time": "2015-12-19 09:52:54GMT Standard Time", "type": "building-toon", "sender": "AIR:34", "_1": 3050, "_2": "3300|14"}
{"_time": "2015-12-19 09:52:54GMT Standard Time", "type": "building-toon", "sender": "AIR:34", "_1": 3056, "_2": "3300|18"}
{"_time": "2015-12-19 09:52:54GMT Standard Time", "type": "building-toon", "sender": "AIR:34", "_1": 3062, "_2": "3300|19"}
{"_time": "2015-12-19 09:52:54GMT Standard Time", "type": "building-toon", "sender": "AIR:34", "_1": 3068, "_2": "3300|17"}
{"_time": "2015-12-19 09:52:54GMT Standard Time", "type": "building-toon", "sender": "AIR:34", "_1": 3074, "_2": "3300|11"}
{"_time": "2015-12-19 09:52:54GMT Standard Time", "type": "building-toon", "sender": "AIR:34", "_1": 3080, "_2": "3300|9"}
{"_time": "2015-12-19 09:52:54GMT Standard Time", "type": "building-toon", "sender": "AIR:34", "_1": 3086, "_2": "3300|27"}
{"_time": "2015-12-19 09:52:54GMT Standard Time", "type": "building-toon", "sender": "AIR:34", "_1": 3092, "_2": "3300|20"}
{"_time": "2015-12-19 09:52:54GMT Standard Time", "type": "building-toon", "sender": "AIR:34", "_1": 3098, "_2": "3300|24"}
{"_time": "2015-12-19 09:52:54GMT Standard Time", "type": "building-toon", "sender": "AIR:34", "_1": 3104, "_2": "3300|7"}
{"_time": "2015-12-19 09:52:55GMT Standard Time", "type": "building-toon", "sender": "AIR:34", "_1": 3164, "_2": "9000|1"}
{"_time": "2015-12-19 09:52:55GMT Standard Time", "type": "building-toon", "sender": "AIR:34", "_1": 3170, "_2": "9000|3"}
{"_time": "2015-12-19 09:52:55GMT Standard Time", "type": "building-toon", "sender": "AIR:34", "_1": 3176, "_2": "9000|6"}
{"_time": "2015-12-19 09:52:55GMT Standard Time", "type": "building-toon", "sender": "AIR:34", "_1": 3202, "_2": "9100|1"}
{"_time": "2015-12-19 09:52:55GMT Standard Time", "type": "building-toon", "sender": "AIR:34", "_1": 3208, "_2": "9100|2"}
{"_time": "2015-12-19 09:52:55GMT Standard Time", "type": "building-toon", "sender": "AIR:34", "_1": 3214, "_2": "9100|4"}
{"_time": "2015-12-19 09:52:55GMT Standard Time", "type": "building-toon", "sender": "AIR:34", "_1": 3220, "_2": "9100|5"}
{"_time": "2015-12-19 09:52:55GMT Standard Time", "type": "building-toon", "sender": "AIR:34", "_1": 3226, "_2": "9100|7"}
{"_time": "2015-12-19 09:52:55GMT Standard Time", "type": "building-toon", "sender": "AIR:34", "_1": 3232, "_2": "9100|8"}
{"_time": "2015-12-19 09:52:55GMT Standard Time", "type": "building-toon", "sender": "AIR:34", "_1": 3238, "_2": "9100|9"}
{"_time": "2015-12-19 09:52:55GMT Standard Time", "type": "building-toon", "sender": "AIR:34", "_1": 3244, "_2": "9100|13"}
{"_time": "2015-12-19 09:52:55GMT Standard Time", "type": "building-toon", "sender": "AIR:34", "_1": 3249, "_2": "9100|16"}
{"_time": "2015-12-19 09:52:55GMT Standard Time", "type": "building-toon", "sender": "AIR:34", "_1": 3255, "_2": "9100|17"}
{"_time": "2015-12-19 09:52:55GMT Standard Time", "type": "building-toon", "sender": "AIR:34", "_1": 3261, "_2": "9100|19"}
{"_time": "2015-12-19 09:52:55GMT Standard Time", "type": "building-toon", "sender": "AIR:34", "_1": 3267, "_2": "9100|20"}
{"_time": "2015-12-19 09:52:55GMT Standard Time", "type": "building-toon", "sender": "AIR:34", "_1": 3273, "_2": "9100|22"}
{"_time": "2015-12-19 09:52:55GMT Standard Time", "type": "building-toon", "sender": "AIR:34", "_1": 3279, "_2": "9100|25"}
{"_time": "2015-12-19 09:52:55GMT Standard Time", "type": "building-toon", "sender": "AIR:34", "_1": 3285, "_2": "9100|26"}
{"_time": "2015-12-19 09:52:55GMT Standard Time", "type": "building-toon", "sender": "AIR:34", "_1": 3291, "_2": "9100|27"}
{"_time": "2015-12-19 09:52:55GMT Standard Time", "type": "building-toon", "sender": "AIR:34", "_1": 3297, "_2": "9100|28"}
{"_time": "2015-12-19 09:52:55GMT Standard Time", "type": "building-toon", "sender": "AIR:34", "_1": 3303, "_2": "9100|29"}
{"_time": "2015-12-19 09:52:55GMT Standard Time", "type": "building-toon", "sender": "AIR:34", "_1": 3309, "_2": "9100|30"}
{"_time": "2015-12-19 09:52:55GMT Standard Time", "type": "building-toon", "sender": "AIR:34", "_1": 3315, "_2": "9100|33"}
{"_time": "2015-12-19 09:52:55GMT Standard Time", "type": "building-toon", "sender": "AIR:34", "_1": 3320, "_2": "9100|36"}
{"_time": "2015-12-19 09:52:55GMT Standard Time", "type": "building-toon", "sender": "AIR:34", "_1": 3326, "_2": "9100|34"}
{"_time": "2015-12-19 09:52:55GMT Standard Time", "type": "building-toon", "sender": "AIR:34", "_1": 3332, "_2": "9100|40"}
{"_time": "2015-12-19 09:52:55GMT Standard Time", "type": "building-toon", "sender": "AIR:34", "_1": 3338, "_2": "9100|39"}
{"_time": "2015-12-19 09:52:55GMT Standard Time", "type": "building-toon", "sender": "AIR:34", "_1": 3344, "_2": "9100|42"}
{"_time": "2015-12-19 09:52:55GMT Standard Time", "type": "building-toon", "sender": "AIR:34", "_1": 3350, "_2": "9100|43"}
{"_time": "2015-12-19 09:52:55GMT Standard Time", "type": "building-toon", "sender": "AIR:34", "_1": 3356, "_2": "9100|44"}
{"_time": "2015-12-19 09:52:55GMT Standard Time", "type": "building-toon", "sender": "AIR:34", "_1": 3362, "_2": "9100|45"}
{"_time": "2015-12-19 09:52:55GMT Standard Time", "type": "building-toon", "sender": "AIR:34", "_1": 3368, "_2": "9100|47"}
{"_time": "2015-12-19 09:52:55GMT Standard Time", "type": "building-toon", "sender": "AIR:34", "_1": 3374, "_2": "9100|49"}
{"_time": "2015-12-19 09:52:55GMT Standard Time", "type": "building-toon", "sender": "AIR:34", "_1": 3380, "_2": "9100|50"}
{"_time": "2015-12-19 09:52:55GMT Standard Time", "type": "building-toon", "sender": "AIR:34", "_1": 3386, "_2": "9100|51"}
{"_time": "2015-12-19 09:52:55GMT Standard Time", "type": "building-toon", "sender": "AIR:34", "_1": 3392, "_2": "9100|31"}
{"_time": "2015-12-19 09:52:55GMT Standard Time", "type": "building-toon", "sender": "AIR:34", "_1": 3407, "_2": "9200|52"}
{"_time": "2015-12-19 09:52:55GMT Standard Time", "type": "building-toon", "sender": "AIR:34", "_1": 3413, "_2": "9200|3"}
{"_time": "2015-12-19 09:52:55GMT Standard Time", "type": "building-toon", "sender": "AIR:34", "_1": 3419, "_2": "9200|41"}
{"_time": "2015-12-19 09:52:55GMT Standard Time", "type": "building-toon", "sender": "AIR:34", "_1": 3425, "_2": "9200|4"}
{"_time": "2015-12-19 09:52:55GMT Standard Time", "type": "building-toon", "sender": "AIR:34", "_1": 3431, "_2": "9200|36"}
{"_time": "2015-12-19 09:52:55GMT Standard Time", "type": "building-toon", "sender": "AIR:34", "_1": 3437, "_2": "9200|27"}
{"_time": "2015-12-19 09:52:55GMT Standard Time", "type": "building-toon", "sender": "AIR:34", "_1": 3443, "_2": "9200|9"}
{"_time": "2015-12-19 09:52:55GMT Standard Time", "type": "building-toon", "sender": "AIR:34", "_1": 3449, "_2": "9200|5"}
{"_time": "2015-12-19 09:52:55GMT Standard Time", "type": "building-toon", "sender": "AIR:34", "_1": 3455, "_2": "9200|6"}
{"_time": "2015-12-19 09:52:55GMT Standard Time", "type": "building-toon", "sender": "AIR:34", "_1": 3461, "_2": "9200|55"}
{"_time": "2015-12-19 09:52:55GMT Standard Time", "type": "building-toon", "sender": "AIR:34", "_1": 3466, "_2": "9200|40"}
{"_time": "2015-12-19 09:52:55GMT Standard Time", "type": "building-toon", "sender": "AIR:34", "_1": 3472, "_2": "9200|7"}
{"_time": "2015-12-19 09:52:55GMT Standard Time", "type": "building-toon", "sender": "AIR:34", "_1": 3478, "_2": "9200|53"}
{"_time": "2015-12-19 09:52:55GMT Standard Time", "type": "building-toon", "sender": "AIR:34", "_1": 3484, "_2": "9200|11"}
{"_time": "2015-12-19 09:52:55GMT Standard Time", "type": "building-toon", "sender": "AIR:34", "_1": 3490, "_2": "9200|10"}
{"_time": "2015-12-19 09:52:55GMT Standard Time", "type": "building-toon", "sender": "AIR:34", "_1": 3496, "_2": "9200|44"}
{"_time": "2015-12-19 09:52:55GMT Standard Time", "type": "building-toon", "sender": "AIR:34", "_1": 3502, "_2": "9200|25"}
{"_time": "2015-12-19 09:52:55GMT Standard Time", "type": "building-toon", "sender": "AIR:34", "_1": 3508, "_2": "9200|13"}
{"_time": "2015-12-19 09:52:55GMT Standard Time", "type": "building-toon", "sender": "AIR:34", "_1": 3514, "_2": "9200|37"}
{"_time": "2015-12-19 09:52:55GMT Standard Time", "type": "building-toon", "sender": "AIR:34", "_1": 3520, "_2": "9200|12"}
{"_time": "2015-12-19 09:52:55GMT Standard Time", "type": "building-toon", "sender": "AIR:34", "_1": 3526, "_2": "9200|16"}
{"_time": "2015-12-19 09:52:55GMT Standard Time", "type": "building-toon", "sender": "AIR:34", "_1": 3532, "_2": "9200|38"}
{"_time": "2015-12-19 09:52:55GMT Standard Time", "type": "building-toon", "sender": "AIR:34", "_1": 3538, "_2": "9200|54"}
{"_time": "2015-12-19 09:52:55GMT Standard Time", "type": "building-toon", "sender": "AIR:34", "_1": 3544, "_2": "9200|14"}
{"_time": "2015-12-19 09:52:55GMT Standard Time", "type": "building-toon", "sender": "AIR:34", "_1": 3550, "_2": "9200|59"}
{"_time": "2015-12-19 09:52:55GMT Standard Time", "type": "building-toon", "sender": "AIR:34", "_1": 3556, "_2": "9200|17"}
{"_time": "2015-12-19 09:52:55GMT Standard Time", "type": "building-toon", "sender": "AIR:34", "_1": 3562, "_2": "9200|18"}
{"_time": "2015-12-19 09:52:55GMT Standard Time", "type": "building-toon", "sender": "AIR:34", "_1": 3568, "_2": "9200|15"}
{"_time": "2015-12-19 09:52:55GMT Standard Time", "type": "building-toon", "sender": "AIR:34", "_1": 3574, "_2": "9200|21"}
{"_time": "2015-12-19 09:52:55GMT Standard Time", "type": "building-toon", "sender": "AIR:34", "_1": 3580, "_2": "9200|20"}
{"_time": "2015-12-19 09:52:55GMT Standard Time", "type": "building-toon", "sender": "AIR:34", "_1": 3586, "_2": "9200|8"}
{"_time": "2015-12-19 09:52:55GMT Standard Time", "type": "building-toon", "sender": "AIR:34", "_1": 3592, "_2": "9200|19"}
{"_time": "2015-12-19 09:52:55GMT Standard Time", "type": "building-toon", "sender": "AIR:34", "_1": 3598, "_2": "9200|22"}
{"_time": "2015-12-19 09:52:55GMT Standard Time", "type": "building-toon", "sender": "AIR:34", "_1": 3613, "_2": "9300|26"}
{"_time": "2015-12-19 09:52:55GMT Standard Time", "type": "building-toon", "sender": "AIR:34", "_1": 3619, "_2": "9300|2"}
{"_time": "2015-12-19 09:52:55GMT Standard Time", "type": "building-toon", "sender": "AIR:34", "_1": 3625, "_2": "9300|4"}
{"_time": "2015-12-19 09:52:55GMT Standard Time", "type": "building-toon", "sender": "AIR:34", "_1": 3631, "_2": "9300|6"}
{"_time": "2015-12-19 09:52:55GMT Standard Time", "type": "building-toon", "sender": "AIR:34", "_1": 3637, "_2": "9300|8"}
{"_time": "2015-12-19 09:52:55GMT Standard Time", "type": "building-toon", "sender": "AIR:34", "_1": 3643, "_2": "9300|20"}
{"_time": "2015-12-19 09:52:55GMT Standard Time", "type": "building-toon", "sender": "AIR:34", "_1": 3649, "_2": "9300|9"}
{"_time": "2015-12-19 09:52:55GMT Standard Time", "type": "building-toon", "sender": "AIR:34", "_1": 3655, "_2": "9300|27"}
{"_time": "2015-12-19 09:52:55GMT Standard Time", "type": "building-toon", "sender": "AIR:34", "_1": 3661, "_2": "9300|12"}
{"_time": "2015-12-19 09:52:55GMT Standard Time", "type": "building-toon", "sender": "AIR:34", "_1": 3667, "_2": "9300|13"}
{"_time": "2015-12-19 09:52:55GMT Standard Time", "type": "building-toon", "sender": "AIR:34", "_1": 3673, "_2": "9300|14"}
{"_time": "2015-12-19 09:52:55GMT Standard Time", "type": "building-toon", "sender": "AIR:34", "_1": 3679, "_2": "9300|15"}
{"_time": "2015-12-19 09:52:55GMT Standard Time", "type": "building-toon", "sender": "AIR:34", "_1": 3685, "_2": "9300|16"}
{"_time": "2015-12-19 09:52:55GMT Standard Time", "type": "building-toon", "sender": "AIR:34", "_1": 3691, "_2": "9300|17"}
{"_time": "2015-12-19 09:52:55GMT Standard Time", "type": "building-toon", "sender": "AIR:34", "_1": 3697, "_2": "9300|19"}
{"_time": "2015-12-19 09:52:55GMT Standard Time", "type": "building-toon", "sender": "AIR:34", "_1": 3703, "_2": "9300|21"}
{"_time": "2015-12-19 09:52:55GMT Standard Time", "type": "building-toon", "sender": "AIR:34", "_1": 3709, "_2": "9300|22"}
{"_time": "2015-12-19 09:52:55GMT Standard Time", "type": "building-toon", "sender": "AIR:34", "_1": 3715, "_2": "9300|28"}
{"_time": "2015-12-19 09:52:55GMT Standard Time", "type": "building-toon", "sender": "AIR:34", "_1": 3721, "_2": "9300|24"}
{"_time": "2015-12-19 09:53:03GMT Standard Time", "type": "client-connected", "sender": "Client:1000000000", "remote_address": "127.0.0.1:49998", "local_address": "127.0.0.1:7199"}
{"_time": "2015-12-19 09:53:04GMT Standard Time", "type": "building-cog", "sender": "AIR:34", "_1": 934, "_2": "1200|26|m|4"}
{"_time": "2015-12-19 09:53:04GMT Standard Time", "type": "avatarExit", "sender": "AIR:34", "_1": 935, "_2": ""}
{"_time": "2015-12-19 09:53:04GMT Standard Time", "type": "building-cog", "sender": "AIR:34", "_1": 1165, "_2": "1300|20|c|3"}
{"_time": "2015-12-19 09:53:04GMT Standard Time", "type": "avatarExit", "sender": "AIR:34", "_1": 1166, "_2": ""}
{"_time": "2015-12-19 09:53:04GMT Standard Time", "type": "building-cog", "sender": "AIR:34", "_1": 1431, "_2": "5100|24|s|2"}
{"_time": "2015-12-19 09:53:04GMT Standard Time", "type": "building-cog", "sender": "AIR:34", "_1": 1383, "_2": "5100|16|l|1"}
{"_time": "2015-12-19 09:53:04GMT Standard Time", "type": "avatarExit", "sender": "AIR:34", "_1": 1432, "_2": ""}
{"_time": "2015-12-19 09:53:04GMT Standard Time", "type": "avatarExit", "sender": "AIR:34", "_1": 1384, "_2": ""}
{"_time": "2015-12-19 09:53:04GMT Standard Time", "type": "building-cog", "sender": "AIR:34", "_1": 1635, "_2": "5300|28|s|3"}
{"_time": "2015-12-19 09:53:04GMT Standard Time", "type": "building-cog", "sender": "AIR:34", "_1": 1671, "_2": "5300|11|m|3"}
{"_time": "2015-12-19 09:53:04GMT Standard Time", "type": "building-cog", "sender": "AIR:34", "_1": 1548, "_2": "5200|17|c|4"}
{"_time": "2015-12-19 09:53:04GMT Standard Time", "type": "building-cog", "sender": "AIR:34", "_1": 1584, "_2": "5200|10|l|4"}
{"_time": "2015-12-19 09:53:04GMT Standard Time", "type": "avatarExit", "sender": "AIR:34", "_1": 1636, "_2": ""}
{"_time": "2015-12-19 09:53:04GMT Standard Time", "type": "avatarExit", "sender": "AIR:34", "_1": 1672, "_2": ""}
{"_time": "2015-12-19 09:53:04GMT Standard Time", "type": "avatarExit", "sender": "AIR:34", "_1": 1549, "_2": ""}
{"_time": "2015-12-19 09:53:04GMT Standard Time", "type": "avatarExit", "sender": "AIR:34", "_1": 1585, "_2": ""}
{"_time": "2015-12-19 09:53:05GMT Standard Time", "type": "building-cog", "sender": "AIR:34", "_1": 1949, "_2": "4100|41|m|2"}
{"_time": "2015-12-19 09:53:05GMT Standard Time", "type": "building-cog", "sender": "AIR:34", "_1": 1961, "_2": "4100|12|m|3"}
{"_time": "2015-12-19 09:53:05GMT Standard Time", "type": "building-cog", "sender": "AIR:34", "_1": 1842, "_2": "4100|45|m|3"}
{"_time": "2015-12-19 09:53:05GMT Standard Time", "type": "building-cog", "sender": "AIR:34", "_1": 2206, "_2": "4200|22|m|4"}
{"_time": "2015-12-19 09:53:05GMT Standard Time", "type": "building-cog", "sender": "AIR:34", "_1": 2241, "_2": "4200|17|m|3"}
{"_time": "2015-12-19 09:53:05GMT Standard Time", "type": "building-cog", "sender": "AIR:34", "_1": 2177, "_2": "4200|36|m|2"}
{"_time": "2015-12-19 09:53:05GMT Standard Time", "type": "building-cog", "sender": "AIR:34", "_1": 2314, "_2": "4300|17|c|4"}
{"_time": "2015-12-19 09:53:05GMT Standard Time", "type": "building-cog", "sender": "AIR:34", "_1": 2285, "_2": "4300|21|l|4"}
{"_time": "2015-12-19 09:53:05GMT Standard Time", "type": "avatarExit", "sender": "AIR:34", "_1": 1950, "_2": ""}
{"_time": "2015-12-19 09:53:05GMT Standard Time", "type": "avatarExit", "sender": "AIR:34", "_1": 1962, "_2": ""}
{"_time": "2015-12-19 09:53:05GMT Standard Time", "type": "avatarExit", "sender": "AIR:34", "_1": 1843, "_2": ""}
{"_time": "2015-12-19 09:53:05GMT Standard Time", "type": "avatarExit", "sender": "AIR:34", "_1": 2207, "_2": ""}
{"_time": "2015-12-19 09:53:05GMT Standard Time", "type": "avatarExit", "sender": "AIR:34", "_1": 2242, "_2": ""}
{"_time": "2015-12-19 09:53:05GMT Standard Time", "type": "avatarExit", "sender": "AIR:34", "_1": 2178, "_2": ""}
{"_time": "2015-12-19 09:53:05GMT Standard Time", "type": "avatarExit", "sender": "AIR:34", "_1": 2315, "_2": ""}
{"_time": "2015-12-19 09:53:05GMT Standard Time", "type": "avatarExit", "sender": "AIR:34", "_1": 2286, "_2": ""}
{"_time": "2015-12-19 09:53:06GMT Standard Time", "type": "building-cog", "sender": "AIR:34", "_1": 2617, "_2": "3100|51|c|3"}
{"_time": "2015-12-19 09:53:06GMT Standard Time", "type": "building-cog", "sender": "AIR:34", "_1": 2652, "_2": "3100|24|l|5"}
{"_time": "2015-12-19 09:53:06GMT Standard Time", "type": "building-cog", "sender": "AIR:34", "_1": 2730, "_2": "3100|20|c|3"}
{"_time": "2015-12-19 09:53:06GMT Standard Time", "type": "avatarExit", "sender": "AIR:34", "_1": 2618, "_2": ""}
{"_time": "2015-12-19 09:53:06GMT Standard Time", "type": "avatarExit", "sender": "AIR:34", "_1": 2653, "_2": ""}
{"_time": "2015-12-19 09:53:06GMT Standard Time", "type": "avatarExit", "sender": "AIR:34", "_1": 2731, "_2": ""}
{"_time": "2015-12-19 09:53:06GMT Standard Time", "type": "building-cog", "sender": "AIR:34", "_1": 3092, "_2": "3300|20|c|5"}
{"_time": "2015-12-19 09:53:06GMT Standard Time", "type": "building-cog", "sender": "AIR:34", "_1": 3032, "_2": "3300|16|m|4"}
{"_time": "2015-12-19 09:53:06GMT Standard Time", "type": "building-cog", "sender": "AIR:34", "_1": 3008, "_2": "3300|26|l|1"}
{"_time": "2015-12-19 09:53:06GMT Standard Time", "type": "building-cog", "sender": "AIR:34", "_1": 3056, "_2": "3300|18|s|4"}
{"_time": "2015-12-19 09:53:06GMT Standard Time", "type": "building-cog", "sender": "AIR:34", "_1": 2875, "_2": "3200|34|s|3"}
{"_time": "2015-12-19 09:53:06GMT Standard Time", "type": "building-cog", "sender": "AIR:34", "_1": 2845, "_2": "3200|16|s|5"}
{"_time": "2015-12-19 09:53:06GMT Standard Time", "type": "building-cog", "sender": "AIR:34", "_1": 2916, "_2": "3200|30|s|4"}
{"_time": "2015-12-19 09:53:06GMT Standard Time", "type": "building-cog", "sender": "AIR:34", "_1": 3098, "_2": "3300|24|s|4"}
{"_time": "2015-12-19 09:53:06GMT Standard Time", "type": "building-cog", "sender": "AIR:34", "_1": 2934, "_2": "3200|35|m|5"}
{"_time": "2015-12-19 09:53:06GMT Standard Time", "type": "avatarExit", "sender": "AIR:34", "_1": 3093, "_2": ""}
{"_time": "2015-12-19 09:53:06GMT Standard Time", "type": "avatarExit", "sender": "AIR:34", "_1": 3033, "_2": ""}
{"_time": "2015-12-19 09:53:06GMT Standard Time", "type": "avatarExit", "sender": "AIR:34", "_1": 3009, "_2": ""}
{"_time": "2015-12-19 09:53:06GMT Standard Time", "type": "avatarExit", "sender": "AIR:34", "_1": 3057, "_2": ""}
{"_time": "2015-12-19 09:53:06GMT Standard Time", "type": "avatarExit", "sender": "AIR:34", "_1": 2876, "_2": ""}
{"_time": "2015-12-19 09:53:06GMT Standard Time", "type": "avatarExit", "sender": "AIR:34", "_1": 2846, "_2": ""}
{"_time": "2015-12-19 09:53:06GMT Standard Time", "type": "avatarExit", "sender": "AIR:34", "_1": 2917, "_2": ""}
{"_time": "2015-12-19 09:53:06GMT Standard Time", "type": "avatarExit", "sender": "AIR:34", "_1": 3099, "_2": ""}
{"_time": "2015-12-19 09:53:06GMT Standard Time", "type": "avatarExit", "sender": "AIR:34", "_1": 2935, "_2": ""}
{"_time": "2015-12-19 09:53:07GMT Standard Time", "type": "building-cog", "sender": "AIR:34", "_1": 3279, "_2": "9100|25|s|5"}
{"_time": "2015-12-19 09:53:07GMT Standard Time", "type": "building-cog", "sender": "AIR:34", "_1": 3374, "_2": "9100|49|s|1"}
{"_time": "2015-12-19 09:53:07GMT Standard Time", "type": "building-cog", "sender": "AIR:34", "_1": 3368, "_2": "9100|47|s|5"}
{"_time": "2015-12-19 09:53:07GMT Standard Time", "type": "building-cog", "sender": "AIR:34", "_1": 3315, "_2": "9100|33|m|1"}
{"_time": "2015-12-19 09:53:07GMT Standard Time", "type": "building-cog", "sender": "AIR:34", "_1": 3362, "_2": "9100|45|l|5"}
{"_time": "2015-12-19 09:53:07GMT Standard Time", "type": "avatarExit", "sender": "AIR:34", "_1": 3280, "_2": ""}
{"_time": "2015-12-19 09:53:07GMT Standard Time", "type": "avatarExit", "sender": "AIR:34", "_1": 3375, "_2": ""}
{"_time": "2015-12-19 09:53:07GMT Standard Time", "type": "avatarExit", "sender": "AIR:34", "_1": 3369, "_2": ""}
{"_time": "2015-12-19 09:53:07GMT Standard Time", "type": "avatarExit", "sender": "AIR:34", "_1": 3363, "_2": ""}
{"_time": "2015-12-19 09:53:07GMT Standard Time", "type": "building-cog", "sender": "AIR:34", "_1": 3508, "_2": "9200|13|m|3"}
{"_time": "2015-12-19 09:53:07GMT Standard Time", "type": "building-cog", "sender": "AIR:34", "_1": 3502, "_2": "9200|25|m|5"}
{"_time": "2015-12-19 09:53:07GMT Standard Time", "type": "building-cog", "sender": "AIR:34", "_1": 3466, "_2": "9200|40|m|5"}
{"_time": "2015-12-19 09:53:07GMT Standard Time", "type": "building-cog", "sender": "AIR:34", "_1": 3478, "_2": "9200|53|m|5"}
{"_time": "2015-12-19 09:53:07GMT Standard Time", "type": "building-cog", "sender": "AIR:34", "_1": 3643, "_2": "9300|20|l|1"}
{"_time": "2015-12-19 09:53:07GMT Standard Time", "type": "building-cog", "sender": "AIR:34", "_1": 3619, "_2": "9300|2|l|1"}
{"_time": "2015-12-19 09:53:07GMT Standard Time", "type": "building-cog", "sender": "AIR:34", "_1": 3709, "_2": "9300|22|l|5"}
{"_time": "2015-12-19 09:53:07GMT Standard Time", "type": "building-cog", "sender": "AIR:34", "_1": 3631, "_2": "9300|6|l|1"}
{"_time": "2015-12-19 09:53:07GMT Standard Time", "type": "building-cog", "sender": "AIR:34", "_1": 3667, "_2": "9300|13|l|1"}
{"_time": "2015-12-19 09:53:07GMT Standard Time", "type": "building-cog", "sender": "AIR:34", "_1": 3649, "_2": "9300|9|l|5"}
{"_time": "2015-12-19 09:53:07GMT Standard Time", "type": "avatarExit", "sender": "AIR:34", "_1": 3509, "_2": ""}
{"_time": "2015-12-19 09:53:07GMT Standard Time", "type": "avatarExit", "sender": "AIR:34", "_1": 3503, "_2": ""}
{"_time": "2015-12-19 09:53:07GMT Standard Time", "type": "avatarExit", "sender": "AIR:34", "_1": 3467, "_2": ""}
{"_time": "2015-12-19 09:53:07GMT Standard Time", "type": "avatarExit", "sender": "AIR:34", "_1": 3479, "_2": ""}
{"_time": "2015-12-19 09:53:07GMT Standard Time", "type": "avatarExit", "sender": "AIR:34", "_1": 3644, "_2": ""}
{"_time": "2015-12-19 09:53:07GMT Standard Time", "type": "avatarExit", "sender": "AIR:34", "_1": 3620, "_2": ""}
{"_time": "2015-12-19 09:53:07GMT Standard Time", "type": "avatarExit", "sender": "AIR:34", "_1": 3710, "_2": ""}
{"_time": "2015-12-19 09:53:07GMT Standard Time", "type": "avatarExit", "sender": "AIR:34", "_1": 3632, "_2": ""}
{"_time": "2015-12-19 09:53:07GMT Standard Time", "type": "avatarExit", "sender": "AIR:34", "_1": 3668, "_2": ""}
{"_time": "2015-12-19 09:53:07GMT Standard Time", "type": "avatarExit", "sender": "AIR:34", "_1": 3650, "_2": ""}
{"_time": "2015-12-19 09:53:28GMT Standard Time", "type": "client-disconnected", "sender": "Client:1000000000"}
{"_time": "2015-12-19 09:53:45GMT Standard Time", "type": "avatarExit", "sender": "AIR:34", "_1": 3704, "_2": ""}
{"_time": "2015-12-19 09:53:50GMT Standard Time", "type": "building-cog", "sender": "AIR:34", "_1": 1419, "_2": "5100|22|s|2"}
{"_time": "2015-12-19 09:53:50GMT Standard Time", "type": "avatarExit", "sender": "AIR:34", "_1": 1420, "_2": ""}
{"_time": "2015-12-19 09:53:55GMT Standard Time", "type": "client-connected", "sender": "Client:1000000001", "remote_address": "127.0.0.1:50006", "local_address": "127.0.0.1:7199"}
{"_time": "2015-12-19 09:53:55GMT Standard Time", "type": "building-cog", "sender": "AIR:34", "_1": 1860, "_2": "4100|18|m|2"}
{"_time": "2015-12-19 09:53:55GMT Standard Time", "type": "avatarExit", "sender": "AIR:34", "_1": 1861, "_2": ""}
{"_time": "2015-12-19 09:54:06GMT Standard Time", "type": "building-cog", "sender": "AIR:34", "_1": 1848, "_2": "4100|14|m|1"}
{"_time": "2015-12-19 09:54:07GMT Standard Time", "type": "avatarExit", "sender": "AIR:34", "_1": 1849, "_2": ""}
{"_time": "2015-12-19 09:54:11GMT Standard Time", "type": "client-disconnected", "sender": "Client:1000000001"}
